{"obj": {"type": "AssignString", "path": ["sys", "name"], "value": "Untitled"}, "version": 1}
{"obj": {"type": "AssignString", "path": ["sys", "description"], "value": ""}, "version": 2}
{"obj": {"type": "AssignString", "path": ["sys", "hostname"], "value": "voxar-HP-ZBook-Fury-17-G7-Mobile-Workstation"}, "version": 3}
{"obj": {"type": "AssignBool", "path": ["sys", "failed"], "value": false}, "version": 4}
{"obj": {"type": "ClearStringLog", "path": ["monitoring", "stdout"]}, "version": 5}
{"obj": {"type": "ClearStringLog", "path": ["monitoring", "stderr"]}, "version": 6}
{"obj": {"type": "UploadFileSet", "path": ["source_code", "files"], "file_globs": ["/home/voxar/TCC/*.py"], "reset": "False"}, "version": 7}
{"obj": {"type": "ConfigFloatSeries", "path": ["monitoring", "cpu"], "min": 0.0, "max": 100.0, "unit": "%"}, "version": 8}
{"obj": {"type": "ClearFloatLog", "path": ["monitoring", "cpu"]}, "version": 9}
{"obj": {"type": "ConfigFloatSeries", "path": ["monitoring", "memory"], "min": 0.0, "max": 31.132720947265625, "unit": "GB"}, "version": 10}
{"obj": {"type": "ClearFloatLog", "path": ["monitoring", "memory"]}, "version": 11}
{"obj": {"type": "ConfigFloatSeries", "path": ["monitoring", "gpu"], "min": 0.0, "max": 100.0, "unit": "%"}, "version": 12}
{"obj": {"type": "ClearFloatLog", "path": ["monitoring", "gpu"]}, "version": 13}
{"obj": {"type": "ConfigFloatSeries", "path": ["monitoring", "gpu_memory"], "min": 0.0, "max": 5.79547119140625, "unit": "GB"}, "version": 14}
{"obj": {"type": "ClearFloatLog", "path": ["monitoring", "gpu_memory"]}, "version": 15}
{"obj": {"type": "LogStrings", "path": ["monitoring", "stdout"], "values": [{"value": "b''", "step": null, "ts": 1652744212.63186}]}, "version": 16}
{"obj": {"type": "LogStrings", "path": ["monitoring", "stdout"], "values": [{"value": "b'Remember to stop your run once you\\xe2\\x80\\x99ve finished logging your metadata (https://docs.neptune.ai/api-reference/run#.stop). It will be stopped automatically only when the notebook kernel/interactive console is terminated.\\n'", "step": null, "ts": 1652744212.631997}]}, "version": 17}
{"obj": {"type": "AssignInt", "path": ["parameters", "batch_size_train"], "value": 36}, "version": 18}
{"obj": {"type": "AssignInt", "path": ["parameters", "batch_size_test"], "value": 50}, "version": 19}
{"obj": {"type": "AssignFloat", "path": ["parameters", "learning_rate"], "value": 1e-06}, "version": 20}
{"obj": {"type": "AssignInt", "path": ["parameters", "epochs"], "value": 2000}, "version": 21}
{"obj": {"type": "AssignString", "path": ["parameters", "optimizer"], "value": "Adam"}, "version": 22}
{"obj": {"type": "LogFloats", "path": ["monitoring", "cpu"], "values": [{"value": 6.4, "step": null, "ts": 1652744212.6291912}]}, "version": 23}
{"obj": {"type": "LogFloats", "path": ["monitoring", "memory"], "values": [{"value": 8.226150512695312, "step": null, "ts": 1652744212.6291912}]}, "version": 24}
{"obj": {"type": "LogFloats", "path": ["monitoring", "gpu"], "values": [{"value": 19.0, "step": null, "ts": 1652744212.6291912}]}, "version": 25}
{"obj": {"type": "LogFloats", "path": ["monitoring", "gpu_memory"], "values": [{"value": 0.09130859375, "step": null, "ts": 1652744212.6291912}]}, "version": 26}
{"obj": {"type": "LogStrings", "path": ["monitoring", "stdout"], "values": [{"value": "cuda", "step": null, "ts": 1652744214.5835528}]}, "version": 27}
{"obj": {"type": "LogStrings", "path": ["monitoring", "stdout"], "values": [{"value": "\n", "step": null, "ts": 1652744214.583669}]}, "version": 28}
{"obj": {"type": "LogFloats", "path": ["monitoring", "cpu"], "values": [{"value": 7.5, "step": null, "ts": 1652744222.6338212}]}, "version": 29}
{"obj": {"type": "LogFloats", "path": ["monitoring", "memory"], "values": [{"value": 10.372879028320312, "step": null, "ts": 1652744222.6338212}]}, "version": 30}
{"obj": {"type": "LogFloats", "path": ["monitoring", "gpu"], "values": [{"value": 3.0, "step": null, "ts": 1652744222.6338212}]}, "version": 31}
{"obj": {"type": "LogFloats", "path": ["monitoring", "gpu_memory"], "values": [{"value": 3.53448486328125, "step": null, "ts": 1652744222.6338212}]}, "version": 32}
{"obj": {"type": "LogStrings", "path": ["monitoring", "stdout"], "values": [{"value": "b'Shutting down background jobs, please wait a moment...\\n'", "step": null, "ts": 1652744227.1900415}]}, "version": 33}
