{"obj": {"type": "AssignString", "path": ["sys", "name"], "value": "resnet"}, "version": 1}
{"obj": {"type": "AssignString", "path": ["sys", "description"], "value": ""}, "version": 2}
{"obj": {"type": "AssignString", "path": ["sys", "hostname"], "value": "voxar-HP-ZBook-Fury-17-G7-Mobile-Workstation"}, "version": 3}
{"obj": {"type": "AssignBool", "path": ["sys", "failed"], "value": false}, "version": 4}
{"obj": {"type": "ClearStringLog", "path": ["monitoring", "stdout"]}, "version": 5}
{"obj": {"type": "ClearStringLog", "path": ["monitoring", "stderr"]}, "version": 6}
{"obj": {"type": "UploadFileSet", "path": ["source_code", "files"], "file_globs": ["/home/voxar/TCC/*.py"], "reset": "False"}, "version": 7}
{"obj": {"type": "ConfigFloatSeries", "path": ["monitoring", "cpu"], "min": 0.0, "max": 100.0, "unit": "%"}, "version": 8}
{"obj": {"type": "ClearFloatLog", "path": ["monitoring", "cpu"]}, "version": 9}
{"obj": {"type": "ConfigFloatSeries", "path": ["monitoring", "memory"], "min": 0.0, "max": 31.132720947265625, "unit": "GB"}, "version": 10}
{"obj": {"type": "ClearFloatLog", "path": ["monitoring", "memory"]}, "version": 11}
{"obj": {"type": "ConfigFloatSeries", "path": ["monitoring", "gpu"], "min": 0.0, "max": 100.0, "unit": "%"}, "version": 12}
{"obj": {"type": "ClearFloatLog", "path": ["monitoring", "gpu"]}, "version": 13}
{"obj": {"type": "ConfigFloatSeries", "path": ["monitoring", "gpu_memory"], "min": 0.0, "max": 5.79547119140625, "unit": "GB"}, "version": 14}
{"obj": {"type": "ClearFloatLog", "path": ["monitoring", "gpu_memory"]}, "version": 15}
{"obj": {"type": "LogStrings", "path": ["monitoring", "stdout"], "values": [{"value": "b''", "step": null, "ts": 1652831505.3244286}]}, "version": 16}
{"obj": {"type": "LogStrings", "path": ["monitoring", "stdout"], "values": [{"value": "b'Remember to stop your run once you\\xe2\\x80\\x99ve finished logging your metadata (https://docs.neptune.ai/api-reference/run#.stop). It will be stopped automatically only when the notebook kernel/interactive console is terminated.\\n'", "step": null, "ts": 1652831505.3261182}]}, "version": 17}
{"obj": {"type": "LogFloats", "path": ["monitoring", "cpu"], "values": [{"value": 10.8, "step": null, "ts": 1652831505.3103628}]}, "version": 18}
{"obj": {"type": "AssignInt", "path": ["parameters", "batch_size_train"], "value": 16}, "version": 19}
{"obj": {"type": "AssignInt", "path": ["parameters", "batch_size_test"], "value": 1}, "version": 20}
{"obj": {"type": "AssignFloat", "path": ["parameters", "learning_rate"], "value": 1e-08}, "version": 21}
{"obj": {"type": "AssignInt", "path": ["parameters", "epochs"], "value": 2000}, "version": 22}
{"obj": {"type": "AssignString", "path": ["parameters", "optimizer"], "value": "Adam"}, "version": 23}
{"obj": {"type": "AssignString", "path": ["parameters", "network"], "value": "resnet18"}, "version": 24}
{"obj": {"type": "LogFloats", "path": ["monitoring", "memory"], "values": [{"value": 6.499839782714844, "step": null, "ts": 1652831505.3103628}]}, "version": 25}
{"obj": {"type": "LogFloats", "path": ["monitoring", "gpu"], "values": [{"value": 28.0, "step": null, "ts": 1652831505.3103628}]}, "version": 26}
{"obj": {"type": "LogFloats", "path": ["monitoring", "gpu_memory"], "values": [{"value": 0.073486328125, "step": null, "ts": 1652831505.3103628}]}, "version": 27}
{"obj": {"type": "LogStrings", "path": ["monitoring", "stdout"], "values": [{"value": "----------------------------------------------------------------", "step": null, "ts": 1652831507.188998}]}, "version": 28}
{"obj": {"type": "LogStrings", "path": ["monitoring", "stdout"], "values": [{"value": "\n", "step": null, "ts": 1652831507.1893976}]}, "version": 29}
{"obj": {"type": "LogStrings", "path": ["monitoring", "stdout"], "values": [{"value": "        Layer (type)               Output Shape         Param #", "step": null, "ts": 1652831507.1895208}]}, "version": 30}
{"obj": {"type": "LogStrings", "path": ["monitoring", "stdout"], "values": [{"value": "\n", "step": null, "ts": 1652831507.189627}]}, "version": 31}
{"obj": {"type": "LogStrings", "path": ["monitoring", "stdout"], "values": [{"value": "================================================================", "step": null, "ts": 1652831507.1897242}]}, "version": 32}
{"obj": {"type": "LogStrings", "path": ["monitoring", "stdout"], "values": [{"value": "\n", "step": null, "ts": 1652831507.18982}]}, "version": 33}
{"obj": {"type": "LogStrings", "path": ["monitoring", "stdout"], "values": [{"value": "            Conv2d-1         [-1, 64, 112, 112]           9,472", "step": null, "ts": 1652831507.1900804}]}, "version": 34}
{"obj": {"type": "LogStrings", "path": ["monitoring", "stdout"], "values": [{"value": "\n", "step": null, "ts": 1652831507.1901815}]}, "version": 35}
{"obj": {"type": "LogStrings", "path": ["monitoring", "stdout"], "values": [{"value": "         MaxPool2d-2           [-1, 64, 56, 56]               0", "step": null, "ts": 1652831507.1903083}]}, "version": 36}
{"obj": {"type": "LogStrings", "path": ["monitoring", "stdout"], "values": [{"value": "\n", "step": null, "ts": 1652831507.1904047}]}, "version": 37}
{"obj": {"type": "LogStrings", "path": ["monitoring", "stdout"], "values": [{"value": "       BatchNorm2d-3           [-1, 64, 56, 56]             128", "step": null, "ts": 1652831507.190528}]}, "version": 38}
{"obj": {"type": "LogStrings", "path": ["monitoring", "stdout"], "values": [{"value": "\n", "step": null, "ts": 1652831507.19063}]}, "version": 39}
{"obj": {"type": "LogStrings", "path": ["monitoring", "stdout"], "values": [{"value": "              ReLU-4           [-1, 64, 56, 56]               0", "step": null, "ts": 1652831507.1907458}]}, "version": 40}
{"obj": {"type": "LogStrings", "path": ["monitoring", "stdout"], "values": [{"value": "\n", "step": null, "ts": 1652831507.190829}]}, "version": 41}
{"obj": {"type": "LogStrings", "path": ["monitoring", "stdout"], "values": [{"value": "            Conv2d-5           [-1, 64, 56, 56]          36,928", "step": null, "ts": 1652831507.1909397}]}, "version": 42}
{"obj": {"type": "LogStrings", "path": ["monitoring", "stdout"], "values": [{"value": "\n", "step": null, "ts": 1652831507.1910224}]}, "version": 43}
{"obj": {"type": "LogStrings", "path": ["monitoring", "stdout"], "values": [{"value": "       BatchNorm2d-6           [-1, 64, 56, 56]             128", "step": null, "ts": 1652831507.1911309}]}, "version": 44}
{"obj": {"type": "LogStrings", "path": ["monitoring", "stdout"], "values": [{"value": "\n", "step": null, "ts": 1652831507.1912181}]}, "version": 45}
{"obj": {"type": "LogStrings", "path": ["monitoring", "stdout"], "values": [{"value": "            Conv2d-7           [-1, 64, 56, 56]          36,928", "step": null, "ts": 1652831507.191368}]}, "version": 46}
{"obj": {"type": "LogStrings", "path": ["monitoring", "stdout"], "values": [{"value": "\n", "step": null, "ts": 1652831507.1914504}]}, "version": 47}
{"obj": {"type": "LogStrings", "path": ["monitoring", "stdout"], "values": [{"value": "       BatchNorm2d-8           [-1, 64, 56, 56]             128", "step": null, "ts": 1652831507.1915586}]}, "version": 48}
{"obj": {"type": "LogStrings", "path": ["monitoring", "stdout"], "values": [{"value": "\n", "step": null, "ts": 1652831507.1916401}]}, "version": 49}
{"obj": {"type": "LogStrings", "path": ["monitoring", "stdout"], "values": [{"value": "          ResBlock-9           [-1, 64, 56, 56]               0", "step": null, "ts": 1652831507.1917598}]}, "version": 50}
{"obj": {"type": "LogStrings", "path": ["monitoring", "stdout"], "values": [{"value": "\n", "step": null, "ts": 1652831507.191862}]}, "version": 51}
{"obj": {"type": "LogStrings", "path": ["monitoring", "stdout"], "values": [{"value": "           Conv2d-10           [-1, 64, 56, 56]          36,928", "step": null, "ts": 1652831507.1919897}]}, "version": 52}
{"obj": {"type": "LogStrings", "path": ["monitoring", "stdout"], "values": [{"value": "\n", "step": null, "ts": 1652831507.1920705}]}, "version": 53}
{"obj": {"type": "LogStrings", "path": ["monitoring", "stdout"], "values": [{"value": "      BatchNorm2d-11           [-1, 64, 56, 56]             128", "step": null, "ts": 1652831507.1921926}]}, "version": 54}
{"obj": {"type": "LogStrings", "path": ["monitoring", "stdout"], "values": [{"value": "\n", "step": null, "ts": 1652831507.1922467}]}, "version": 55}
{"obj": {"type": "LogStrings", "path": ["monitoring", "stdout"], "values": [{"value": "           Conv2d-12           [-1, 64, 56, 56]          36,928", "step": null, "ts": 1652831507.1923885}]}, "version": 56}
{"obj": {"type": "LogStrings", "path": ["monitoring", "stdout"], "values": [{"value": "\n", "step": null, "ts": 1652831507.1924422}]}, "version": 57}
{"obj": {"type": "LogStrings", "path": ["monitoring", "stdout"], "values": [{"value": "      BatchNorm2d-13           [-1, 64, 56, 56]             128", "step": null, "ts": 1652831507.1925278}]}, "version": 58}
{"obj": {"type": "LogStrings", "path": ["monitoring", "stdout"], "values": [{"value": "\n", "step": null, "ts": 1652831507.1927783}]}, "version": 59}
{"obj": {"type": "LogStrings", "path": ["monitoring", "stdout"], "values": [{"value": "         ResBlock-14           [-1, 64, 56, 56]               0", "step": null, "ts": 1652831507.192892}]}, "version": 60}
{"obj": {"type": "LogStrings", "path": ["monitoring", "stdout"], "values": [{"value": "\n", "step": null, "ts": 1652831507.1929762}]}, "version": 61}
{"obj": {"type": "LogStrings", "path": ["monitoring", "stdout"], "values": [{"value": "           Conv2d-15          [-1, 128, 28, 28]           8,320", "step": null, "ts": 1652831507.1930876}]}, "version": 62}
{"obj": {"type": "LogStrings", "path": ["monitoring", "stdout"], "values": [{"value": "\n", "step": null, "ts": 1652831507.193171}]}, "version": 63}
{"obj": {"type": "LogStrings", "path": ["monitoring", "stdout"], "values": [{"value": "      BatchNorm2d-16          [-1, 128, 28, 28]             256", "step": null, "ts": 1652831507.1932812}]}, "version": 64}
{"obj": {"type": "LogStrings", "path": ["monitoring", "stdout"], "values": [{"value": "\n", "step": null, "ts": 1652831507.193364}]}, "version": 65}
{"obj": {"type": "LogStrings", "path": ["monitoring", "stdout"], "values": [{"value": "           Conv2d-17          [-1, 128, 28, 28]          73,856", "step": null, "ts": 1652831507.1934729}]}, "version": 66}
{"obj": {"type": "LogStrings", "path": ["monitoring", "stdout"], "values": [{"value": "\n", "step": null, "ts": 1652831507.1935563}]}, "version": 67}
{"obj": {"type": "LogStrings", "path": ["monitoring", "stdout"], "values": [{"value": "      BatchNorm2d-18          [-1, 128, 28, 28]             256", "step": null, "ts": 1652831507.193665}]}, "version": 68}
{"obj": {"type": "LogStrings", "path": ["monitoring", "stdout"], "values": [{"value": "\n", "step": null, "ts": 1652831507.193747}]}, "version": 69}
{"obj": {"type": "LogStrings", "path": ["monitoring", "stdout"], "values": [{"value": "           Conv2d-19          [-1, 128, 28, 28]         147,584", "step": null, "ts": 1652831507.1938565}]}, "version": 70}
{"obj": {"type": "LogStrings", "path": ["monitoring", "stdout"], "values": [{"value": "\n", "step": null, "ts": 1652831507.1939795}]}, "version": 71}
{"obj": {"type": "LogStrings", "path": ["monitoring", "stdout"], "values": [{"value": "      BatchNorm2d-20          [-1, 128, 28, 28]             256", "step": null, "ts": 1652831507.1941328}]}, "version": 72}
{"obj": {"type": "LogStrings", "path": ["monitoring", "stdout"], "values": [{"value": "\n", "step": null, "ts": 1652831507.1942158}]}, "version": 73}
{"obj": {"type": "LogStrings", "path": ["monitoring", "stdout"], "values": [{"value": "         ResBlock-21          [-1, 128, 28, 28]               0", "step": null, "ts": 1652831507.1943243}]}, "version": 74}
{"obj": {"type": "LogStrings", "path": ["monitoring", "stdout"], "values": [{"value": "\n", "step": null, "ts": 1652831507.194407}]}, "version": 75}
{"obj": {"type": "LogStrings", "path": ["monitoring", "stdout"], "values": [{"value": "           Conv2d-22          [-1, 128, 28, 28]         147,584", "step": null, "ts": 1652831507.1945171}]}, "version": 76}
{"obj": {"type": "LogStrings", "path": ["monitoring", "stdout"], "values": [{"value": "\n", "step": null, "ts": 1652831507.1945994}]}, "version": 77}
{"obj": {"type": "LogStrings", "path": ["monitoring", "stdout"], "values": [{"value": "      BatchNorm2d-23          [-1, 128, 28, 28]             256", "step": null, "ts": 1652831507.1947088}]}, "version": 78}
{"obj": {"type": "LogStrings", "path": ["monitoring", "stdout"], "values": [{"value": "\n", "step": null, "ts": 1652831507.1947908}]}, "version": 79}
{"obj": {"type": "LogStrings", "path": ["monitoring", "stdout"], "values": [{"value": "           Conv2d-24          [-1, 128, 28, 28]         147,584", "step": null, "ts": 1652831507.1948996}]}, "version": 80}
{"obj": {"type": "LogStrings", "path": ["monitoring", "stdout"], "values": [{"value": "\n", "step": null, "ts": 1652831507.1949806}]}, "version": 81}
{"obj": {"type": "LogStrings", "path": ["monitoring", "stdout"], "values": [{"value": "      BatchNorm2d-25          [-1, 128, 28, 28]             256", "step": null, "ts": 1652831507.1950881}]}, "version": 82}
{"obj": {"type": "LogStrings", "path": ["monitoring", "stdout"], "values": [{"value": "\n", "step": null, "ts": 1652831507.1951702}]}, "version": 83}
{"obj": {"type": "LogStrings", "path": ["monitoring", "stdout"], "values": [{"value": "         ResBlock-26          [-1, 128, 28, 28]               0", "step": null, "ts": 1652831507.1952775}]}, "version": 84}
{"obj": {"type": "LogStrings", "path": ["monitoring", "stdout"], "values": [{"value": "\n", "step": null, "ts": 1652831507.1953626}]}, "version": 85}
{"obj": {"type": "LogStrings", "path": ["monitoring", "stdout"], "values": [{"value": "           Conv2d-27          [-1, 256, 14, 14]          33,024", "step": null, "ts": 1652831507.1954722}]}, "version": 86}
{"obj": {"type": "LogStrings", "path": ["monitoring", "stdout"], "values": [{"value": "\n", "step": null, "ts": 1652831507.1955538}]}, "version": 87}
{"obj": {"type": "LogStrings", "path": ["monitoring", "stdout"], "values": [{"value": "      BatchNorm2d-28          [-1, 256, 14, 14]             512", "step": null, "ts": 1652831507.1956625}]}, "version": 88}
{"obj": {"type": "LogStrings", "path": ["monitoring", "stdout"], "values": [{"value": "\n", "step": null, "ts": 1652831507.1957436}]}, "version": 89}
{"obj": {"type": "LogStrings", "path": ["monitoring", "stdout"], "values": [{"value": "           Conv2d-29          [-1, 256, 14, 14]         295,168", "step": null, "ts": 1652831507.1958535}]}, "version": 90}
{"obj": {"type": "LogStrings", "path": ["monitoring", "stdout"], "values": [{"value": "\n", "step": null, "ts": 1652831507.1959352}]}, "version": 91}
{"obj": {"type": "LogStrings", "path": ["monitoring", "stdout"], "values": [{"value": "      BatchNorm2d-30          [-1, 256, 14, 14]             512", "step": null, "ts": 1652831507.1960435}]}, "version": 92}
{"obj": {"type": "LogStrings", "path": ["monitoring", "stdout"], "values": [{"value": "\n", "step": null, "ts": 1652831507.196126}]}, "version": 93}
{"obj": {"type": "LogStrings", "path": ["monitoring", "stdout"], "values": [{"value": "           Conv2d-31          [-1, 256, 14, 14]         590,080", "step": null, "ts": 1652831507.196235}]}, "version": 94}
{"obj": {"type": "LogStrings", "path": ["monitoring", "stdout"], "values": [{"value": "\n", "step": null, "ts": 1652831507.1963162}]}, "version": 95}
{"obj": {"type": "LogStrings", "path": ["monitoring", "stdout"], "values": [{"value": "      BatchNorm2d-32          [-1, 256, 14, 14]             512", "step": null, "ts": 1652831507.1964238}]}, "version": 96}
{"obj": {"type": "LogStrings", "path": ["monitoring", "stdout"], "values": [{"value": "\n", "step": null, "ts": 1652831507.1965055}]}, "version": 97}
{"obj": {"type": "LogStrings", "path": ["monitoring", "stdout"], "values": [{"value": "         ResBlock-33          [-1, 256, 14, 14]               0", "step": null, "ts": 1652831507.196613}]}, "version": 98}
{"obj": {"type": "LogStrings", "path": ["monitoring", "stdout"], "values": [{"value": "\n", "step": null, "ts": 1652831507.1966956}]}, "version": 99}
{"obj": {"type": "LogStrings", "path": ["monitoring", "stdout"], "values": [{"value": "           Conv2d-34          [-1, 256, 14, 14]         590,080", "step": null, "ts": 1652831507.1968033}]}, "version": 100}
{"obj": {"type": "LogStrings", "path": ["monitoring", "stdout"], "values": [{"value": "\n", "step": null, "ts": 1652831507.196885}]}, "version": 101}
{"obj": {"type": "LogStrings", "path": ["monitoring", "stdout"], "values": [{"value": "      BatchNorm2d-35          [-1, 256, 14, 14]             512", "step": null, "ts": 1652831507.1969938}]}, "version": 102}
{"obj": {"type": "LogStrings", "path": ["monitoring", "stdout"], "values": [{"value": "\n", "step": null, "ts": 1652831507.1970754}]}, "version": 103}
{"obj": {"type": "LogStrings", "path": ["monitoring", "stdout"], "values": [{"value": "           Conv2d-36          [-1, 256, 14, 14]         590,080", "step": null, "ts": 1652831507.1971881}]}, "version": 104}
{"obj": {"type": "LogStrings", "path": ["monitoring", "stdout"], "values": [{"value": "\n", "step": null, "ts": 1652831507.1972718}]}, "version": 105}
{"obj": {"type": "LogStrings", "path": ["monitoring", "stdout"], "values": [{"value": "      BatchNorm2d-37          [-1, 256, 14, 14]             512", "step": null, "ts": 1652831507.1973808}]}, "version": 106}
{"obj": {"type": "LogStrings", "path": ["monitoring", "stdout"], "values": [{"value": "\n", "step": null, "ts": 1652831507.1974623}]}, "version": 107}
{"obj": {"type": "LogStrings", "path": ["monitoring", "stdout"], "values": [{"value": "         ResBlock-38          [-1, 256, 14, 14]               0", "step": null, "ts": 1652831507.1975935}]}, "version": 108}
{"obj": {"type": "LogStrings", "path": ["monitoring", "stdout"], "values": [{"value": "\n", "step": null, "ts": 1652831507.1976774}]}, "version": 109}
{"obj": {"type": "LogStrings", "path": ["monitoring", "stdout"], "values": [{"value": "           Conv2d-39            [-1, 512, 7, 7]         131,584", "step": null, "ts": 1652831507.1977885}]}, "version": 110}
{"obj": {"type": "LogStrings", "path": ["monitoring", "stdout"], "values": [{"value": "\n", "step": null, "ts": 1652831507.1978714}]}, "version": 111}
{"obj": {"type": "LogStrings", "path": ["monitoring", "stdout"], "values": [{"value": "      BatchNorm2d-40            [-1, 512, 7, 7]           1,024", "step": null, "ts": 1652831507.1980057}]}, "version": 112}
{"obj": {"type": "LogStrings", "path": ["monitoring", "stdout"], "values": [{"value": "\n", "step": null, "ts": 1652831507.1980882}]}, "version": 113}
{"obj": {"type": "LogStrings", "path": ["monitoring", "stdout"], "values": [{"value": "           Conv2d-41            [-1, 512, 7, 7]       1,180,160", "step": null, "ts": 1652831507.1981976}]}, "version": 114}
{"obj": {"type": "LogStrings", "path": ["monitoring", "stdout"], "values": [{"value": "\n", "step": null, "ts": 1652831507.1982808}]}, "version": 115}
{"obj": {"type": "LogStrings", "path": ["monitoring", "stdout"], "values": [{"value": "      BatchNorm2d-42            [-1, 512, 7, 7]           1,024", "step": null, "ts": 1652831507.1983876}]}, "version": 116}
{"obj": {"type": "LogStrings", "path": ["monitoring", "stdout"], "values": [{"value": "\n", "step": null, "ts": 1652831507.1984706}]}, "version": 117}
{"obj": {"type": "LogStrings", "path": ["monitoring", "stdout"], "values": [{"value": "           Conv2d-43            [-1, 512, 7, 7]       2,359,808", "step": null, "ts": 1652831507.1985798}]}, "version": 118}
{"obj": {"type": "LogStrings", "path": ["monitoring", "stdout"], "values": [{"value": "\n", "step": null, "ts": 1652831507.1986613}]}, "version": 119}
{"obj": {"type": "LogStrings", "path": ["monitoring", "stdout"], "values": [{"value": "      BatchNorm2d-44            [-1, 512, 7, 7]           1,024", "step": null, "ts": 1652831507.1987696}]}, "version": 120}
{"obj": {"type": "LogStrings", "path": ["monitoring", "stdout"], "values": [{"value": "\n", "step": null, "ts": 1652831507.1988523}]}, "version": 121}
{"obj": {"type": "LogStrings", "path": ["monitoring", "stdout"], "values": [{"value": "         ResBlock-45            [-1, 512, 7, 7]               0", "step": null, "ts": 1652831507.1989586}]}, "version": 122}
{"obj": {"type": "LogStrings", "path": ["monitoring", "stdout"], "values": [{"value": "\n", "step": null, "ts": 1652831507.1990402}]}, "version": 123}
{"obj": {"type": "LogStrings", "path": ["monitoring", "stdout"], "values": [{"value": "           Conv2d-46            [-1, 512, 7, 7]       2,359,808", "step": null, "ts": 1652831507.199149}]}, "version": 124}
{"obj": {"type": "LogStrings", "path": ["monitoring", "stdout"], "values": [{"value": "\n", "step": null, "ts": 1652831507.1992297}]}, "version": 125}
{"obj": {"type": "LogStrings", "path": ["monitoring", "stdout"], "values": [{"value": "      BatchNorm2d-47            [-1, 512, 7, 7]           1,024", "step": null, "ts": 1652831507.199337}]}, "version": 126}
{"obj": {"type": "LogStrings", "path": ["monitoring", "stdout"], "values": [{"value": "\n", "step": null, "ts": 1652831507.1994183}]}, "version": 127}
{"obj": {"type": "LogStrings", "path": ["monitoring", "stdout"], "values": [{"value": "           Conv2d-48            [-1, 512, 7, 7]       2,359,808", "step": null, "ts": 1652831507.199526}]}, "version": 128}
{"obj": {"type": "LogStrings", "path": ["monitoring", "stdout"], "values": [{"value": "\n", "step": null, "ts": 1652831507.1996288}]}, "version": 129}
{"obj": {"type": "LogStrings", "path": ["monitoring", "stdout"], "values": [{"value": "      BatchNorm2d-49            [-1, 512, 7, 7]           1,024", "step": null, "ts": 1652831507.1997793}]}, "version": 130}
{"obj": {"type": "LogStrings", "path": ["monitoring", "stdout"], "values": [{"value": "\n", "step": null, "ts": 1652831507.1998348}]}, "version": 131}
{"obj": {"type": "LogStrings", "path": ["monitoring", "stdout"], "values": [{"value": "         ResBlock-50            [-1, 512, 7, 7]               0", "step": null, "ts": 1652831507.1999166}]}, "version": 132}
{"obj": {"type": "LogStrings", "path": ["monitoring", "stdout"], "values": [{"value": "\n", "step": null, "ts": 1652831507.199971}]}, "version": 133}
{"obj": {"type": "LogStrings", "path": ["monitoring", "stdout"], "values": [{"value": "AdaptiveAvgPool2d-51            [-1, 512, 1, 1]               0", "step": null, "ts": 1652831507.2000732}]}, "version": 134}
{"obj": {"type": "LogStrings", "path": ["monitoring", "stdout"], "values": [{"value": "\n", "step": null, "ts": 1652831507.200283}]}, "version": 135}
{"obj": {"type": "LogStrings", "path": ["monitoring", "stdout"], "values": [{"value": "           Linear-52                    [-1, 8]           4,104", "step": null, "ts": 1652831507.2004182}]}, "version": 136}
{"obj": {"type": "LogStrings", "path": ["monitoring", "stdout"], "values": [{"value": "\n", "step": null, "ts": 1652831507.2005098}]}, "version": 137}
{"obj": {"type": "LogStrings", "path": ["monitoring", "stdout"], "values": [{"value": "================================================================", "step": null, "ts": 1652831507.2006495}]}, "version": 138}
{"obj": {"type": "LogStrings", "path": ["monitoring", "stdout"], "values": [{"value": "\n", "step": null, "ts": 1652831507.2007086}]}, "version": 139}
{"obj": {"type": "LogStrings", "path": ["monitoring", "stdout"], "values": [{"value": "Total params: 11,185,416", "step": null, "ts": 1652831507.200841}]}, "version": 140}
{"obj": {"type": "LogStrings", "path": ["monitoring", "stdout"], "values": [{"value": "\n", "step": null, "ts": 1652831507.201005}]}, "version": 141}
{"obj": {"type": "LogStrings", "path": ["monitoring", "stdout"], "values": [{"value": "Trainable params: 11,185,416", "step": null, "ts": 1652831507.2011542}]}, "version": 142}
{"obj": {"type": "LogStrings", "path": ["monitoring", "stdout"], "values": [{"value": "\n", "step": null, "ts": 1652831507.2012694}]}, "version": 143}
{"obj": {"type": "LogStrings", "path": ["monitoring", "stdout"], "values": [{"value": "Non-trainable params: 0", "step": null, "ts": 1652831507.2014325}]}, "version": 144}
{"obj": {"type": "LogStrings", "path": ["monitoring", "stdout"], "values": [{"value": "\n", "step": null, "ts": 1652831507.2015204}]}, "version": 145}
{"obj": {"type": "LogStrings", "path": ["monitoring", "stdout"], "values": [{"value": "----------------------------------------------------------------", "step": null, "ts": 1652831507.2016025}]}, "version": 146}
{"obj": {"type": "LogStrings", "path": ["monitoring", "stdout"], "values": [{"value": "\n", "step": null, "ts": 1652831507.2016847}]}, "version": 147}
{"obj": {"type": "LogStrings", "path": ["monitoring", "stdout"], "values": [{"value": "Input size (MB): 0.57", "step": null, "ts": 1652831507.201768}]}, "version": 148}
{"obj": {"type": "LogStrings", "path": ["monitoring", "stdout"], "values": [{"value": "\n", "step": null, "ts": 1652831507.2018495}]}, "version": 149}
{"obj": {"type": "LogStrings", "path": ["monitoring", "stdout"], "values": [{"value": "Forward/backward pass size (MB): 42.11", "step": null, "ts": 1652831507.2019892}]}, "version": 150}
{"obj": {"type": "LogStrings", "path": ["monitoring", "stdout"], "values": [{"value": "\n", "step": null, "ts": 1652831507.2020729}]}, "version": 151}
{"obj": {"type": "LogStrings", "path": ["monitoring", "stdout"], "values": [{"value": "Params size (MB): 42.67", "step": null, "ts": 1652831507.2021556}]}, "version": 152}
{"obj": {"type": "LogStrings", "path": ["monitoring", "stdout"], "values": [{"value": "\n", "step": null, "ts": 1652831507.202236}]}, "version": 153}
{"obj": {"type": "LogStrings", "path": ["monitoring", "stdout"], "values": [{"value": "Estimated Total Size (MB): 85.36", "step": null, "ts": 1652831507.202321}]}, "version": 154}
{"obj": {"type": "LogStrings", "path": ["monitoring", "stdout"], "values": [{"value": "\n", "step": null, "ts": 1652831507.202405}]}, "version": 155}
{"obj": {"type": "LogStrings", "path": ["monitoring", "stdout"], "values": [{"value": "----------------------------------------------------------------", "step": null, "ts": 1652831507.202485}]}, "version": 156}
{"obj": {"type": "LogStrings", "path": ["monitoring", "stdout"], "values": [{"value": "\n", "step": null, "ts": 1652831507.2025654}]}, "version": 157}
{"obj": {"type": "LogStrings", "path": ["monitoring", "stdout"], "values": [{"value": "cuda", "step": null, "ts": 1652831507.2026892}]}, "version": 158}
{"obj": {"type": "LogStrings", "path": ["monitoring", "stdout"], "values": [{"value": "\n", "step": null, "ts": 1652831507.202772}]}, "version": 159}
{"obj": {"type": "LogFloats", "path": ["monitoring", "cpu"], "values": [{"value": 37.2, "step": null, "ts": 1652831515.329403}]}, "version": 160}
{"obj": {"type": "LogFloats", "path": ["monitoring", "memory"], "values": [{"value": 8.715320587158203, "step": null, "ts": 1652831515.329403}]}, "version": 161}
{"obj": {"type": "LogFloats", "path": ["monitoring", "gpu"], "values": [{"value": 35.0, "step": null, "ts": 1652831515.329403}]}, "version": 162}
{"obj": {"type": "LogFloats", "path": ["monitoring", "gpu_memory"], "values": [{"value": 1.62213134765625, "step": null, "ts": 1652831515.329403}]}, "version": 163}
{"obj": {"type": "LogStrings", "path": ["monitoring", "stdout"], "values": [{"value": "Epoch 0 - Training loss: 642.2163920084636", "step": null, "ts": 1652831518.297213}]}, "version": 164}
{"obj": {"type": "LogStrings", "path": ["monitoring", "stdout"], "values": [{"value": "\n", "step": null, "ts": 1652831518.2974937}]}, "version": 165}
{"obj": {"type": "LogFloats", "path": ["train_loss_epoch"], "values": [{"value": 642.2163920084636, "step": null, "ts": 1652831518.2976117}]}, "version": 166}
{"obj": {"type": "LogStrings", "path": ["monitoring", "stdout"], "values": [{"value": "TEST LOSS:", "step": null, "ts": 1652831519.0645623}]}, "version": 167}
{"obj": {"type": "LogStrings", "path": ["monitoring", "stdout"], "values": [{"value": "\n", "step": null, "ts": 1652831519.0649176}]}, "version": 168}
{"obj": {"type": "LogStrings", "path": ["monitoring", "stdout"], "values": [{"value": "1415.2772241210937", "step": null, "ts": 1652831519.0650856}]}, "version": 169}
{"obj": {"type": "LogStrings", "path": ["monitoring", "stdout"], "values": [{"value": "\n", "step": null, "ts": 1652831519.065222}]}, "version": 170}
{"obj": {"type": "LogFloats", "path": ["test_loss_10epochs"], "values": [{"value": 1415.2772241210937, "step": null, "ts": 1652831519.065355}]}, "version": 171}
{"obj": {"type": "LogStrings", "path": ["monitoring", "stdout"], "values": [{"value": "Pixel Acurracy:", "step": null, "ts": 1652831519.0654397}]}, "version": 172}
{"obj": {"type": "LogStrings", "path": ["monitoring", "stdout"], "values": [{"value": "\n", "step": null, "ts": 1652831519.065644}]}, "version": 173}
{"obj": {"type": "LogStrings", "path": ["monitoring", "stdout"], "values": [{"value": "1330.2503125", "step": null, "ts": 1652831519.0706718}]}, "version": 174}
{"obj": {"type": "LogStrings", "path": ["monitoring", "stdout"], "values": [{"value": "\n", "step": null, "ts": 1652831519.0708563}]}, "version": 175}
{"obj": {"type": "LogFloats", "path": ["acc_test_10epochs"], "values": [{"value": 1330.2503125, "step": null, "ts": 1652831519.071005}]}, "version": 176}
{"obj": {"type": "LogFloats", "path": ["monitoring", "cpu"], "values": [{"value": 43.2, "step": null, "ts": 1652831525.3304553}]}, "version": 177}
{"obj": {"type": "LogFloats", "path": ["monitoring", "memory"], "values": [{"value": 9.803977966308594, "step": null, "ts": 1652831525.3304553}]}, "version": 178}
{"obj": {"type": "LogFloats", "path": ["monitoring", "gpu"], "values": [{"value": 37.0, "step": null, "ts": 1652831525.3304553}]}, "version": 179}
{"obj": {"type": "LogFloats", "path": ["monitoring", "gpu_memory"], "values": [{"value": 2.53619384765625, "step": null, "ts": 1652831525.3304553}]}, "version": 180}
{"obj": {"type": "LogStrings", "path": ["monitoring", "stdout"], "values": [{"value": "Epoch 1 - Training loss: 641.5284891764323", "step": null, "ts": 1652831531.7020354}]}, "version": 181}
{"obj": {"type": "LogStrings", "path": ["monitoring", "stdout"], "values": [{"value": "\n", "step": null, "ts": 1652831531.7023165}]}, "version": 182}
{"obj": {"type": "LogFloats", "path": ["train_loss_epoch"], "values": [{"value": 641.5284891764323, "step": null, "ts": 1652831531.702414}]}, "version": 183}
{"obj": {"type": "LogFloats", "path": ["monitoring", "cpu"], "values": [{"value": 41.7, "step": null, "ts": 1652831535.3319468}]}, "version": 184}
{"obj": {"type": "LogFloats", "path": ["monitoring", "memory"], "values": [{"value": 9.812114715576172, "step": null, "ts": 1652831535.3319468}]}, "version": 185}
{"obj": {"type": "LogFloats", "path": ["monitoring", "gpu"], "values": [{"value": 33.0, "step": null, "ts": 1652831535.3319468}]}, "version": 186}
{"obj": {"type": "LogFloats", "path": ["monitoring", "gpu_memory"], "values": [{"value": 2.53619384765625, "step": null, "ts": 1652831535.3319468}]}, "version": 187}
{"obj": {"type": "LogStrings", "path": ["monitoring", "stdout"], "values": [{"value": "Epoch 2 - Training loss: 642.2126434326171", "step": null, "ts": 1652831544.5876892}]}, "version": 188}
{"obj": {"type": "LogStrings", "path": ["monitoring", "stdout"], "values": [{"value": "\n", "step": null, "ts": 1652831544.5878353}]}, "version": 189}
{"obj": {"type": "LogFloats", "path": ["train_loss_epoch"], "values": [{"value": 642.2126434326171, "step": null, "ts": 1652831544.5879216}]}, "version": 190}
{"obj": {"type": "LogFloats", "path": ["monitoring", "cpu"], "values": [{"value": 44.1, "step": null, "ts": 1652831545.3344526}]}, "version": 191}
{"obj": {"type": "LogFloats", "path": ["monitoring", "memory"], "values": [{"value": 9.815284729003906, "step": null, "ts": 1652831545.3344526}]}, "version": 192}
{"obj": {"type": "LogFloats", "path": ["monitoring", "gpu"], "values": [{"value": 34.0, "step": null, "ts": 1652831545.3344526}]}, "version": 193}
{"obj": {"type": "LogFloats", "path": ["monitoring", "gpu_memory"], "values": [{"value": 2.53619384765625, "step": null, "ts": 1652831545.3344526}]}, "version": 194}
{"obj": {"type": "LogFloats", "path": ["monitoring", "cpu"], "values": [{"value": 41.7, "step": null, "ts": 1652831555.3445363}]}, "version": 195}
{"obj": {"type": "LogFloats", "path": ["monitoring", "memory"], "values": [{"value": 9.836063385009766, "step": null, "ts": 1652831555.3445363}]}, "version": 196}
{"obj": {"type": "LogFloats", "path": ["monitoring", "gpu"], "values": [{"value": 35.0, "step": null, "ts": 1652831555.3445363}]}, "version": 197}
{"obj": {"type": "LogFloats", "path": ["monitoring", "gpu_memory"], "values": [{"value": 2.53619384765625, "step": null, "ts": 1652831555.3445363}]}, "version": 198}
{"obj": {"type": "LogStrings", "path": ["monitoring", "stdout"], "values": [{"value": "Epoch 3 - Training loss: 642.1835184733073", "step": null, "ts": 1652831557.347885}]}, "version": 199}
{"obj": {"type": "LogStrings", "path": ["monitoring", "stdout"], "values": [{"value": "\n", "step": null, "ts": 1652831557.3482196}]}, "version": 200}
{"obj": {"type": "LogFloats", "path": ["train_loss_epoch"], "values": [{"value": 642.1835184733073, "step": null, "ts": 1652831557.348399}]}, "version": 201}
{"obj": {"type": "LogFloats", "path": ["monitoring", "cpu"], "values": [{"value": 42.1, "step": null, "ts": 1652831565.3463442}]}, "version": 202}
{"obj": {"type": "LogFloats", "path": ["monitoring", "memory"], "values": [{"value": 9.830997467041016, "step": null, "ts": 1652831565.3463442}]}, "version": 203}
{"obj": {"type": "LogFloats", "path": ["monitoring", "gpu"], "values": [{"value": 33.0, "step": null, "ts": 1652831565.3463442}]}, "version": 204}
{"obj": {"type": "LogFloats", "path": ["monitoring", "gpu_memory"], "values": [{"value": 2.53619384765625, "step": null, "ts": 1652831565.3463442}]}, "version": 205}
{"obj": {"type": "LogStrings", "path": ["monitoring", "stdout"], "values": [{"value": "Epoch 4 - Training loss: 642.4819681803385", "step": null, "ts": 1652831569.8866343}]}, "version": 206}
{"obj": {"type": "LogStrings", "path": ["monitoring", "stdout"], "values": [{"value": "\n", "step": null, "ts": 1652831569.8869328}]}, "version": 207}
{"obj": {"type": "LogFloats", "path": ["train_loss_epoch"], "values": [{"value": 642.4819681803385, "step": null, "ts": 1652831569.887024}]}, "version": 208}
{"obj": {"type": "LogFloats", "path": ["monitoring", "cpu"], "values": [{"value": 41.9, "step": null, "ts": 1652831575.3549254}]}, "version": 209}
{"obj": {"type": "LogFloats", "path": ["monitoring", "memory"], "values": [{"value": 9.824249267578125, "step": null, "ts": 1652831575.3549254}]}, "version": 210}
{"obj": {"type": "LogFloats", "path": ["monitoring", "gpu"], "values": [{"value": 36.0, "step": null, "ts": 1652831575.3549254}]}, "version": 211}
{"obj": {"type": "LogFloats", "path": ["monitoring", "gpu_memory"], "values": [{"value": 2.53619384765625, "step": null, "ts": 1652831575.3549254}]}, "version": 212}
{"obj": {"type": "LogStrings", "path": ["monitoring", "stdout"], "values": [{"value": "Epoch 5 - Training loss: 641.9998128255208", "step": null, "ts": 1652831582.5460122}]}, "version": 213}
{"obj": {"type": "LogStrings", "path": ["monitoring", "stdout"], "values": [{"value": "\n", "step": null, "ts": 1652831582.5463295}]}, "version": 214}
{"obj": {"type": "LogFloats", "path": ["train_loss_epoch"], "values": [{"value": 641.9998128255208, "step": null, "ts": 1652831582.5464315}]}, "version": 215}
{"obj": {"type": "LogFloats", "path": ["monitoring", "cpu"], "values": [{"value": 41.7, "step": null, "ts": 1652831585.3564205}]}, "version": 216}
{"obj": {"type": "LogFloats", "path": ["monitoring", "memory"], "values": [{"value": 9.824398040771484, "step": null, "ts": 1652831585.3564205}]}, "version": 217}
{"obj": {"type": "LogFloats", "path": ["monitoring", "gpu"], "values": [{"value": 34.0, "step": null, "ts": 1652831585.3564205}]}, "version": 218}
{"obj": {"type": "LogFloats", "path": ["monitoring", "gpu_memory"], "values": [{"value": 2.53619384765625, "step": null, "ts": 1652831585.3564205}]}, "version": 219}
{"obj": {"type": "LogFloats", "path": ["monitoring", "cpu"], "values": [{"value": 42.7, "step": null, "ts": 1652831595.357896}]}, "version": 220}
{"obj": {"type": "LogFloats", "path": ["monitoring", "memory"], "values": [{"value": 9.805965423583984, "step": null, "ts": 1652831595.357896}]}, "version": 221}
{"obj": {"type": "LogFloats", "path": ["monitoring", "gpu"], "values": [{"value": 30.0, "step": null, "ts": 1652831595.357896}]}, "version": 222}
{"obj": {"type": "LogFloats", "path": ["monitoring", "gpu_memory"], "values": [{"value": 2.53619384765625, "step": null, "ts": 1652831595.357896}]}, "version": 223}
{"obj": {"type": "LogStrings", "path": ["monitoring", "stdout"], "values": [{"value": "Epoch 6 - Training loss: 641.8095479329427", "step": null, "ts": 1652831596.0072918}]}, "version": 224}
{"obj": {"type": "LogStrings", "path": ["monitoring", "stdout"], "values": [{"value": "\n", "step": null, "ts": 1652831596.0074253}]}, "version": 225}
{"obj": {"type": "LogFloats", "path": ["train_loss_epoch"], "values": [{"value": 641.8095479329427, "step": null, "ts": 1652831596.007676}]}, "version": 226}
{"obj": {"type": "LogFloats", "path": ["monitoring", "cpu"], "values": [{"value": 42.6, "step": null, "ts": 1652831605.359418}]}, "version": 227}
{"obj": {"type": "LogFloats", "path": ["monitoring", "memory"], "values": [{"value": 9.8048095703125, "step": null, "ts": 1652831605.359418}]}, "version": 228}
{"obj": {"type": "LogFloats", "path": ["monitoring", "gpu"], "values": [{"value": 32.0, "step": null, "ts": 1652831605.359418}]}, "version": 229}
{"obj": {"type": "LogFloats", "path": ["monitoring", "gpu_memory"], "values": [{"value": 2.53619384765625, "step": null, "ts": 1652831605.359418}]}, "version": 230}
{"obj": {"type": "LogStrings", "path": ["monitoring", "stdout"], "values": [{"value": "Epoch 7 - Training loss: 641.9270385742187", "step": null, "ts": 1652831609.0706847}]}, "version": 231}
{"obj": {"type": "LogStrings", "path": ["monitoring", "stdout"], "values": [{"value": "\n", "step": null, "ts": 1652831609.0708334}]}, "version": 232}
{"obj": {"type": "LogFloats", "path": ["train_loss_epoch"], "values": [{"value": 641.9270385742187, "step": null, "ts": 1652831609.0709214}]}, "version": 233}
{"obj": {"type": "LogFloats", "path": ["monitoring", "cpu"], "values": [{"value": 46.6, "step": null, "ts": 1652831615.3616428}]}, "version": 234}
{"obj": {"type": "LogFloats", "path": ["monitoring", "memory"], "values": [{"value": 9.807491302490234, "step": null, "ts": 1652831615.3616428}]}, "version": 235}
{"obj": {"type": "LogFloats", "path": ["monitoring", "gpu"], "values": [{"value": 32.0, "step": null, "ts": 1652831615.3616428}]}, "version": 236}
{"obj": {"type": "LogFloats", "path": ["monitoring", "gpu_memory"], "values": [{"value": 2.53619384765625, "step": null, "ts": 1652831615.3616428}]}, "version": 237}
{"obj": {"type": "LogStrings", "path": ["monitoring", "stdout"], "values": [{"value": "Epoch 8 - Training loss: 641.6456013997396", "step": null, "ts": 1652831622.5909493}]}, "version": 238}
{"obj": {"type": "LogStrings", "path": ["monitoring", "stdout"], "values": [{"value": "\n", "step": null, "ts": 1652831622.5913064}]}, "version": 239}
{"obj": {"type": "LogFloats", "path": ["train_loss_epoch"], "values": [{"value": 641.6456013997396, "step": null, "ts": 1652831622.5914388}]}, "version": 240}
{"obj": {"type": "LogFloats", "path": ["monitoring", "cpu"], "values": [{"value": 45.0, "step": null, "ts": 1652831625.3629227}]}, "version": 241}
{"obj": {"type": "LogFloats", "path": ["monitoring", "memory"], "values": [{"value": 9.813209533691406, "step": null, "ts": 1652831625.3629227}]}, "version": 242}
{"obj": {"type": "LogFloats", "path": ["monitoring", "gpu"], "values": [{"value": 30.0, "step": null, "ts": 1652831625.3629227}]}, "version": 243}
{"obj": {"type": "LogFloats", "path": ["monitoring", "gpu_memory"], "values": [{"value": 2.53619384765625, "step": null, "ts": 1652831625.3629227}]}, "version": 244}
{"obj": {"type": "LogFloats", "path": ["monitoring", "cpu"], "values": [{"value": 46.2, "step": null, "ts": 1652831635.3644955}]}, "version": 245}
{"obj": {"type": "LogFloats", "path": ["monitoring", "memory"], "values": [{"value": 9.812641143798828, "step": null, "ts": 1652831635.3644955}]}, "version": 246}
{"obj": {"type": "LogFloats", "path": ["monitoring", "gpu"], "values": [{"value": 37.0, "step": null, "ts": 1652831635.3644955}]}, "version": 247}
{"obj": {"type": "LogFloats", "path": ["monitoring", "gpu_memory"], "values": [{"value": 2.53619384765625, "step": null, "ts": 1652831635.3644955}]}, "version": 248}
{"obj": {"type": "LogStrings", "path": ["monitoring", "stdout"], "values": [{"value": "Epoch 9 - Training loss: 642.7249613444011", "step": null, "ts": 1652831636.1083064}]}, "version": 249}
{"obj": {"type": "LogStrings", "path": ["monitoring", "stdout"], "values": [{"value": "\n", "step": null, "ts": 1652831636.108454}]}, "version": 250}
{"obj": {"type": "LogFloats", "path": ["train_loss_epoch"], "values": [{"value": 642.7249613444011, "step": null, "ts": 1652831636.1085424}]}, "version": 251}
{"obj": {"type": "LogFloats", "path": ["monitoring", "cpu"], "values": [{"value": 39.7, "step": null, "ts": 1652831645.367049}]}, "version": 252}
{"obj": {"type": "LogFloats", "path": ["monitoring", "memory"], "values": [{"value": 9.809791564941406, "step": null, "ts": 1652831645.367049}]}, "version": 253}
{"obj": {"type": "LogFloats", "path": ["monitoring", "gpu"], "values": [{"value": 30.0, "step": null, "ts": 1652831645.367049}]}, "version": 254}
{"obj": {"type": "LogFloats", "path": ["monitoring", "gpu_memory"], "values": [{"value": 2.53619384765625, "step": null, "ts": 1652831645.367049}]}, "version": 255}
{"obj": {"type": "LogStrings", "path": ["monitoring", "stdout"], "values": [{"value": "b'Shutting down background jobs, please wait a moment...\\n'", "step": null, "ts": 1652831645.3805835}]}, "version": 256}
