{"obj": {"type": "AssignString", "path": ["sys", "name"], "value": "alexnet_batch_norm"}, "version": 1}
{"obj": {"type": "AssignString", "path": ["sys", "description"], "value": ""}, "version": 2}
{"obj": {"type": "AssignString", "path": ["sys", "hostname"], "value": "voxar-HP-ZBook-Fury-17-G7-Mobile-Workstation"}, "version": 3}
{"obj": {"type": "AssignBool", "path": ["sys", "failed"], "value": false}, "version": 4}
{"obj": {"type": "ClearStringLog", "path": ["monitoring", "stdout"]}, "version": 5}
{"obj": {"type": "ClearStringLog", "path": ["monitoring", "stderr"]}, "version": 6}
{"obj": {"type": "UploadFileSet", "path": ["source_code", "files"], "file_globs": ["/home/voxar/TCC/*.py"], "reset": "False"}, "version": 7}
{"obj": {"type": "ConfigFloatSeries", "path": ["monitoring", "cpu"], "min": 0.0, "max": 100.0, "unit": "%"}, "version": 8}
{"obj": {"type": "ClearFloatLog", "path": ["monitoring", "cpu"]}, "version": 9}
{"obj": {"type": "ConfigFloatSeries", "path": ["monitoring", "memory"], "min": 0.0, "max": 31.132720947265625, "unit": "GB"}, "version": 10}
{"obj": {"type": "ClearFloatLog", "path": ["monitoring", "memory"]}, "version": 11}
{"obj": {"type": "ConfigFloatSeries", "path": ["monitoring", "gpu"], "min": 0.0, "max": 100.0, "unit": "%"}, "version": 12}
{"obj": {"type": "ClearFloatLog", "path": ["monitoring", "gpu"]}, "version": 13}
{"obj": {"type": "ConfigFloatSeries", "path": ["monitoring", "gpu_memory"], "min": 0.0, "max": 5.79547119140625, "unit": "GB"}, "version": 14}
{"obj": {"type": "ClearFloatLog", "path": ["monitoring", "gpu_memory"]}, "version": 15}
{"obj": {"type": "LogFloats", "path": ["monitoring", "cpu"], "values": [{"value": 4.3, "step": null, "ts": 1652831166.7380269}]}, "version": 16}
{"obj": {"type": "LogFloats", "path": ["monitoring", "memory"], "values": [{"value": 8.381088256835938, "step": null, "ts": 1652831166.7380269}]}, "version": 17}
{"obj": {"type": "LogStrings", "path": ["monitoring", "stdout"], "values": [{"value": "b''", "step": null, "ts": 1652831166.7428415}]}, "version": 18}
{"obj": {"type": "LogFloats", "path": ["monitoring", "gpu"], "values": [{"value": 2.0, "step": null, "ts": 1652831166.7380269}]}, "version": 19}
{"obj": {"type": "LogFloats", "path": ["monitoring", "gpu_memory"], "values": [{"value": 1.58697509765625, "step": null, "ts": 1652831166.7380269}]}, "version": 20}
{"obj": {"type": "LogStrings", "path": ["monitoring", "stdout"], "values": [{"value": "b'Remember to stop your run once you\\xe2\\x80\\x99ve finished logging your metadata (https://docs.neptune.ai/api-reference/run#.stop). It will be stopped automatically only when the notebook kernel/interactive console is terminated.\\n'", "step": null, "ts": 1652831166.743649}]}, "version": 21}
{"obj": {"type": "AssignInt", "path": ["parameters", "batch_size_train"], "value": 16}, "version": 22}
{"obj": {"type": "AssignInt", "path": ["parameters", "batch_size_test"], "value": 1}, "version": 23}
{"obj": {"type": "AssignFloat", "path": ["parameters", "learning_rate"], "value": 1e-06}, "version": 24}
{"obj": {"type": "AssignInt", "path": ["parameters", "epochs"], "value": 2000}, "version": 25}
{"obj": {"type": "AssignString", "path": ["parameters", "optimizer"], "value": "Adam"}, "version": 26}
{"obj": {"type": "AssignString", "path": ["parameters", "network"], "value": "my_net_dropout"}, "version": 27}
{"obj": {"type": "LogStrings", "path": ["monitoring", "stdout"], "values": [{"value": "----------------------------------------------------------------", "step": null, "ts": 1652831166.8192205}]}, "version": 28}
{"obj": {"type": "LogStrings", "path": ["monitoring", "stdout"], "values": [{"value": "\n", "step": null, "ts": 1652831166.8195026}]}, "version": 29}
{"obj": {"type": "LogStrings", "path": ["monitoring", "stdout"], "values": [{"value": "        Layer (type)               Output Shape         Param #", "step": null, "ts": 1652831166.819754}]}, "version": 30}
{"obj": {"type": "LogStrings", "path": ["monitoring", "stdout"], "values": [{"value": "\n", "step": null, "ts": 1652831166.8200202}]}, "version": 31}
{"obj": {"type": "LogStrings", "path": ["monitoring", "stdout"], "values": [{"value": "================================================================", "step": null, "ts": 1652831166.8202717}]}, "version": 32}
{"obj": {"type": "LogStrings", "path": ["monitoring", "stdout"], "values": [{"value": "\n", "step": null, "ts": 1652831166.8205128}]}, "version": 33}
{"obj": {"type": "LogStrings", "path": ["monitoring", "stdout"], "values": [{"value": "            Conv2d-1         [-1, 64, 112, 112]           9,472", "step": null, "ts": 1652831166.8208706}]}, "version": 34}
{"obj": {"type": "LogStrings", "path": ["monitoring", "stdout"], "values": [{"value": "\n", "step": null, "ts": 1652831166.8211212}]}, "version": 35}
{"obj": {"type": "LogStrings", "path": ["monitoring", "stdout"], "values": [{"value": "         MaxPool2d-2           [-1, 64, 56, 56]               0", "step": null, "ts": 1652831166.8214056}]}, "version": 36}
{"obj": {"type": "LogStrings", "path": ["monitoring", "stdout"], "values": [{"value": "\n", "step": null, "ts": 1652831166.82165}]}, "version": 37}
{"obj": {"type": "LogStrings", "path": ["monitoring", "stdout"], "values": [{"value": "       BatchNorm2d-3           [-1, 64, 56, 56]             128", "step": null, "ts": 1652831166.8219738}]}, "version": 38}
{"obj": {"type": "LogStrings", "path": ["monitoring", "stdout"], "values": [{"value": "\n", "step": null, "ts": 1652831166.8222735}]}, "version": 39}
{"obj": {"type": "LogStrings", "path": ["monitoring", "stdout"], "values": [{"value": "              ReLU-4           [-1, 64, 56, 56]               0", "step": null, "ts": 1652831166.8225763}]}, "version": 40}
{"obj": {"type": "LogStrings", "path": ["monitoring", "stdout"], "values": [{"value": "\n", "step": null, "ts": 1652831166.8228438}]}, "version": 41}
{"obj": {"type": "LogStrings", "path": ["monitoring", "stdout"], "values": [{"value": "            Conv2d-5           [-1, 64, 56, 56]          36,928", "step": null, "ts": 1652831166.8231342}]}, "version": 42}
{"obj": {"type": "LogStrings", "path": ["monitoring", "stdout"], "values": [{"value": "\n", "step": null, "ts": 1652831166.8233812}]}, "version": 43}
{"obj": {"type": "LogStrings", "path": ["monitoring", "stdout"], "values": [{"value": "       BatchNorm2d-6           [-1, 64, 56, 56]             128", "step": null, "ts": 1652831166.8236654}]}, "version": 44}
{"obj": {"type": "LogStrings", "path": ["monitoring", "stdout"], "values": [{"value": "\n", "step": null, "ts": 1652831166.823909}]}, "version": 45}
{"obj": {"type": "LogStrings", "path": ["monitoring", "stdout"], "values": [{"value": "            Conv2d-7           [-1, 64, 56, 56]          36,928", "step": null, "ts": 1652831166.8242216}]}, "version": 46}
{"obj": {"type": "LogStrings", "path": ["monitoring", "stdout"], "values": [{"value": "\n", "step": null, "ts": 1652831166.8244638}]}, "version": 47}
{"obj": {"type": "LogStrings", "path": ["monitoring", "stdout"], "values": [{"value": "       BatchNorm2d-8           [-1, 64, 56, 56]             128", "step": null, "ts": 1652831166.824754}]}, "version": 48}
{"obj": {"type": "LogStrings", "path": ["monitoring", "stdout"], "values": [{"value": "\n", "step": null, "ts": 1652831166.8250108}]}, "version": 49}
{"obj": {"type": "LogStrings", "path": ["monitoring", "stdout"], "values": [{"value": "          ResBlock-9           [-1, 64, 56, 56]               0", "step": null, "ts": 1652831166.8252897}]}, "version": 50}
{"obj": {"type": "LogStrings", "path": ["monitoring", "stdout"], "values": [{"value": "\n", "step": null, "ts": 1652831166.8255334}]}, "version": 51}
{"obj": {"type": "LogStrings", "path": ["monitoring", "stdout"], "values": [{"value": "           Conv2d-10           [-1, 64, 56, 56]          36,928", "step": null, "ts": 1652831166.8258126}]}, "version": 52}
{"obj": {"type": "LogStrings", "path": ["monitoring", "stdout"], "values": [{"value": "\n", "step": null, "ts": 1652831166.8260686}]}, "version": 53}
{"obj": {"type": "LogStrings", "path": ["monitoring", "stdout"], "values": [{"value": "      BatchNorm2d-11           [-1, 64, 56, 56]             128", "step": null, "ts": 1652831166.8263521}]}, "version": 54}
{"obj": {"type": "LogStrings", "path": ["monitoring", "stdout"], "values": [{"value": "\n", "step": null, "ts": 1652831166.826598}]}, "version": 55}
{"obj": {"type": "LogStrings", "path": ["monitoring", "stdout"], "values": [{"value": "           Conv2d-12           [-1, 64, 56, 56]          36,928", "step": null, "ts": 1652831166.8268766}]}, "version": 56}
{"obj": {"type": "LogStrings", "path": ["monitoring", "stdout"], "values": [{"value": "\n", "step": null, "ts": 1652831166.82712}]}, "version": 57}
{"obj": {"type": "LogStrings", "path": ["monitoring", "stdout"], "values": [{"value": "      BatchNorm2d-13           [-1, 64, 56, 56]             128", "step": null, "ts": 1652831166.827398}]}, "version": 58}
{"obj": {"type": "LogStrings", "path": ["monitoring", "stdout"], "values": [{"value": "\n", "step": null, "ts": 1652831166.827693}]}, "version": 59}
{"obj": {"type": "LogStrings", "path": ["monitoring", "stdout"], "values": [{"value": "         ResBlock-14           [-1, 64, 56, 56]               0", "step": null, "ts": 1652831166.8279736}]}, "version": 60}
{"obj": {"type": "LogStrings", "path": ["monitoring", "stdout"], "values": [{"value": "\n", "step": null, "ts": 1652831166.828217}]}, "version": 61}
{"obj": {"type": "LogStrings", "path": ["monitoring", "stdout"], "values": [{"value": "           Conv2d-15          [-1, 128, 28, 28]           8,320", "step": null, "ts": 1652831166.8284976}]}, "version": 62}
{"obj": {"type": "LogStrings", "path": ["monitoring", "stdout"], "values": [{"value": "\n", "step": null, "ts": 1652831166.828774}]}, "version": 63}
{"obj": {"type": "LogStrings", "path": ["monitoring", "stdout"], "values": [{"value": "      BatchNorm2d-16          [-1, 128, 28, 28]             256", "step": null, "ts": 1652831166.8290577}]}, "version": 64}
{"obj": {"type": "LogStrings", "path": ["monitoring", "stdout"], "values": [{"value": "\n", "step": null, "ts": 1652831166.8293028}]}, "version": 65}
{"obj": {"type": "LogStrings", "path": ["monitoring", "stdout"], "values": [{"value": "           Conv2d-17          [-1, 128, 28, 28]          73,856", "step": null, "ts": 1652831166.8295832}]}, "version": 66}
{"obj": {"type": "LogStrings", "path": ["monitoring", "stdout"], "values": [{"value": "\n", "step": null, "ts": 1652831166.8298488}]}, "version": 67}
{"obj": {"type": "LogStrings", "path": ["monitoring", "stdout"], "values": [{"value": "      BatchNorm2d-18          [-1, 128, 28, 28]             256", "step": null, "ts": 1652831166.830187}]}, "version": 68}
{"obj": {"type": "LogStrings", "path": ["monitoring", "stdout"], "values": [{"value": "\n", "step": null, "ts": 1652831166.830431}]}, "version": 69}
{"obj": {"type": "LogStrings", "path": ["monitoring", "stdout"], "values": [{"value": "           Conv2d-19          [-1, 128, 28, 28]         147,584", "step": null, "ts": 1652831166.8307126}]}, "version": 70}
{"obj": {"type": "LogStrings", "path": ["monitoring", "stdout"], "values": [{"value": "\n", "step": null, "ts": 1652831166.8309782}]}, "version": 71}
{"obj": {"type": "LogStrings", "path": ["monitoring", "stdout"], "values": [{"value": "      BatchNorm2d-20          [-1, 128, 28, 28]             256", "step": null, "ts": 1652831166.8312602}]}, "version": 72}
{"obj": {"type": "LogStrings", "path": ["monitoring", "stdout"], "values": [{"value": "\n", "step": null, "ts": 1652831166.8315034}]}, "version": 73}
{"obj": {"type": "LogStrings", "path": ["monitoring", "stdout"], "values": [{"value": "         ResBlock-21          [-1, 128, 28, 28]               0", "step": null, "ts": 1652831166.831781}]}, "version": 74}
{"obj": {"type": "LogStrings", "path": ["monitoring", "stdout"], "values": [{"value": "\n", "step": null, "ts": 1652831166.8322368}]}, "version": 75}
{"obj": {"type": "LogStrings", "path": ["monitoring", "stdout"], "values": [{"value": "           Conv2d-22          [-1, 128, 28, 28]         147,584", "step": null, "ts": 1652831166.8325443}]}, "version": 76}
{"obj": {"type": "LogStrings", "path": ["monitoring", "stdout"], "values": [{"value": "\n", "step": null, "ts": 1652831166.832878}]}, "version": 77}
{"obj": {"type": "LogStrings", "path": ["monitoring", "stdout"], "values": [{"value": "      BatchNorm2d-23          [-1, 128, 28, 28]             256", "step": null, "ts": 1652831166.8331773}]}, "version": 78}
{"obj": {"type": "LogStrings", "path": ["monitoring", "stdout"], "values": [{"value": "\n", "step": null, "ts": 1652831166.8334563}]}, "version": 79}
{"obj": {"type": "LogStrings", "path": ["monitoring", "stdout"], "values": [{"value": "           Conv2d-24          [-1, 128, 28, 28]         147,584", "step": null, "ts": 1652831166.8338366}]}, "version": 80}
{"obj": {"type": "LogStrings", "path": ["monitoring", "stdout"], "values": [{"value": "\n", "step": null, "ts": 1652831166.8341732}]}, "version": 81}
{"obj": {"type": "LogStrings", "path": ["monitoring", "stdout"], "values": [{"value": "      BatchNorm2d-25          [-1, 128, 28, 28]             256", "step": null, "ts": 1652831166.8345044}]}, "version": 82}
{"obj": {"type": "LogStrings", "path": ["monitoring", "stdout"], "values": [{"value": "\n", "step": null, "ts": 1652831166.8347511}]}, "version": 83}
{"obj": {"type": "LogStrings", "path": ["monitoring", "stdout"], "values": [{"value": "         ResBlock-26          [-1, 128, 28, 28]               0", "step": null, "ts": 1652831166.8350403}]}, "version": 84}
{"obj": {"type": "LogStrings", "path": ["monitoring", "stdout"], "values": [{"value": "\n", "step": null, "ts": 1652831166.8352854}]}, "version": 85}
{"obj": {"type": "LogStrings", "path": ["monitoring", "stdout"], "values": [{"value": "           Conv2d-27          [-1, 256, 14, 14]          33,024", "step": null, "ts": 1652831166.835566}]}, "version": 86}
{"obj": {"type": "LogStrings", "path": ["monitoring", "stdout"], "values": [{"value": "\n", "step": null, "ts": 1652831166.835834}]}, "version": 87}
{"obj": {"type": "LogStrings", "path": ["monitoring", "stdout"], "values": [{"value": "      BatchNorm2d-28          [-1, 256, 14, 14]             512", "step": null, "ts": 1652831166.8361335}]}, "version": 88}
{"obj": {"type": "LogStrings", "path": ["monitoring", "stdout"], "values": [{"value": "\n", "step": null, "ts": 1652831166.8363779}]}, "version": 89}
{"obj": {"type": "LogStrings", "path": ["monitoring", "stdout"], "values": [{"value": "           Conv2d-29          [-1, 256, 14, 14]         295,168", "step": null, "ts": 1652831166.8366592}]}, "version": 90}
{"obj": {"type": "LogStrings", "path": ["monitoring", "stdout"], "values": [{"value": "\n", "step": null, "ts": 1652831166.8369052}]}, "version": 91}
{"obj": {"type": "LogStrings", "path": ["monitoring", "stdout"], "values": [{"value": "      BatchNorm2d-30          [-1, 256, 14, 14]             512", "step": null, "ts": 1652831166.8371873}]}, "version": 92}
{"obj": {"type": "LogStrings", "path": ["monitoring", "stdout"], "values": [{"value": "\n", "step": null, "ts": 1652831166.8374305}]}, "version": 93}
{"obj": {"type": "LogStrings", "path": ["monitoring", "stdout"], "values": [{"value": "           Conv2d-31          [-1, 256, 14, 14]         590,080", "step": null, "ts": 1652831166.837709}]}, "version": 94}
{"obj": {"type": "LogStrings", "path": ["monitoring", "stdout"], "values": [{"value": "\n", "step": null, "ts": 1652831166.8380458}]}, "version": 95}
{"obj": {"type": "LogStrings", "path": ["monitoring", "stdout"], "values": [{"value": "      BatchNorm2d-32          [-1, 256, 14, 14]             512", "step": null, "ts": 1652831166.8383942}]}, "version": 96}
{"obj": {"type": "LogStrings", "path": ["monitoring", "stdout"], "values": [{"value": "\n", "step": null, "ts": 1652831166.8386412}]}, "version": 97}
{"obj": {"type": "LogStrings", "path": ["monitoring", "stdout"], "values": [{"value": "         ResBlock-33          [-1, 256, 14, 14]               0", "step": null, "ts": 1652831166.8389285}]}, "version": 98}
{"obj": {"type": "LogStrings", "path": ["monitoring", "stdout"], "values": [{"value": "\n", "step": null, "ts": 1652831166.8391736}]}, "version": 99}
{"obj": {"type": "LogStrings", "path": ["monitoring", "stdout"], "values": [{"value": "           Conv2d-34          [-1, 256, 14, 14]         590,080", "step": null, "ts": 1652831166.8394547}]}, "version": 100}
{"obj": {"type": "LogStrings", "path": ["monitoring", "stdout"], "values": [{"value": "\n", "step": null, "ts": 1652831166.839699}]}, "version": 101}
{"obj": {"type": "LogStrings", "path": ["monitoring", "stdout"], "values": [{"value": "      BatchNorm2d-35          [-1, 256, 14, 14]             512", "step": null, "ts": 1652831166.8399827}]}, "version": 102}
{"obj": {"type": "LogStrings", "path": ["monitoring", "stdout"], "values": [{"value": "\n", "step": null, "ts": 1652831166.8402286}]}, "version": 103}
{"obj": {"type": "LogStrings", "path": ["monitoring", "stdout"], "values": [{"value": "           Conv2d-36          [-1, 256, 14, 14]         590,080", "step": null, "ts": 1652831166.8405268}]}, "version": 104}
{"obj": {"type": "LogStrings", "path": ["monitoring", "stdout"], "values": [{"value": "\n", "step": null, "ts": 1652831166.8407917}]}, "version": 105}
{"obj": {"type": "LogStrings", "path": ["monitoring", "stdout"], "values": [{"value": "      BatchNorm2d-37          [-1, 256, 14, 14]             512", "step": null, "ts": 1652831166.8411303}]}, "version": 106}
{"obj": {"type": "LogStrings", "path": ["monitoring", "stdout"], "values": [{"value": "\n", "step": null, "ts": 1652831166.8414028}]}, "version": 107}
{"obj": {"type": "LogStrings", "path": ["monitoring", "stdout"], "values": [{"value": "         ResBlock-38          [-1, 256, 14, 14]               0", "step": null, "ts": 1652831166.841857}]}, "version": 108}
{"obj": {"type": "LogStrings", "path": ["monitoring", "stdout"], "values": [{"value": "\n", "step": null, "ts": 1652831166.8421872}]}, "version": 109}
{"obj": {"type": "LogStrings", "path": ["monitoring", "stdout"], "values": [{"value": "           Conv2d-39            [-1, 512, 7, 7]         131,584", "step": null, "ts": 1652831166.8424883}]}, "version": 110}
{"obj": {"type": "LogStrings", "path": ["monitoring", "stdout"], "values": [{"value": "\n", "step": null, "ts": 1652831166.842733}]}, "version": 111}
{"obj": {"type": "LogStrings", "path": ["monitoring", "stdout"], "values": [{"value": "      BatchNorm2d-40            [-1, 512, 7, 7]           1,024", "step": null, "ts": 1652831166.8430398}]}, "version": 112}
{"obj": {"type": "LogStrings", "path": ["monitoring", "stdout"], "values": [{"value": "\n", "step": null, "ts": 1652831166.8432841}]}, "version": 113}
{"obj": {"type": "LogStrings", "path": ["monitoring", "stdout"], "values": [{"value": "           Conv2d-41            [-1, 512, 7, 7]       1,180,160", "step": null, "ts": 1652831166.8435676}]}, "version": 114}
{"obj": {"type": "LogStrings", "path": ["monitoring", "stdout"], "values": [{"value": "\n", "step": null, "ts": 1652831166.8438113}]}, "version": 115}
{"obj": {"type": "LogStrings", "path": ["monitoring", "stdout"], "values": [{"value": "      BatchNorm2d-42            [-1, 512, 7, 7]           1,024", "step": null, "ts": 1652831166.8440933}]}, "version": 116}
{"obj": {"type": "LogStrings", "path": ["monitoring", "stdout"], "values": [{"value": "\n", "step": null, "ts": 1652831166.8443372}]}, "version": 117}
{"obj": {"type": "LogStrings", "path": ["monitoring", "stdout"], "values": [{"value": "           Conv2d-43            [-1, 512, 7, 7]       2,359,808", "step": null, "ts": 1652831166.8446167}]}, "version": 118}
{"obj": {"type": "LogStrings", "path": ["monitoring", "stdout"], "values": [{"value": "\n", "step": null, "ts": 1652831166.84486}]}, "version": 119}
{"obj": {"type": "LogStrings", "path": ["monitoring", "stdout"], "values": [{"value": "      BatchNorm2d-44            [-1, 512, 7, 7]           1,024", "step": null, "ts": 1652831166.8451414}]}, "version": 120}
{"obj": {"type": "LogStrings", "path": ["monitoring", "stdout"], "values": [{"value": "\n", "step": null, "ts": 1652831166.8453946}]}, "version": 121}
{"obj": {"type": "LogStrings", "path": ["monitoring", "stdout"], "values": [{"value": "         ResBlock-45            [-1, 512, 7, 7]               0", "step": null, "ts": 1652831166.845676}]}, "version": 122}
{"obj": {"type": "LogStrings", "path": ["monitoring", "stdout"], "values": [{"value": "\n", "step": null, "ts": 1652831166.845928}]}, "version": 123}
{"obj": {"type": "LogStrings", "path": ["monitoring", "stdout"], "values": [{"value": "           Conv2d-46            [-1, 512, 7, 7]       2,359,808", "step": null, "ts": 1652831166.846214}]}, "version": 124}
{"obj": {"type": "LogStrings", "path": ["monitoring", "stdout"], "values": [{"value": "\n", "step": null, "ts": 1652831166.8464584}]}, "version": 125}
{"obj": {"type": "LogStrings", "path": ["monitoring", "stdout"], "values": [{"value": "      BatchNorm2d-47            [-1, 512, 7, 7]           1,024", "step": null, "ts": 1652831166.8467383}]}, "version": 126}
{"obj": {"type": "LogStrings", "path": ["monitoring", "stdout"], "values": [{"value": "\n", "step": null, "ts": 1652831166.8469841}]}, "version": 127}
{"obj": {"type": "LogStrings", "path": ["monitoring", "stdout"], "values": [{"value": "           Conv2d-48            [-1, 512, 7, 7]       2,359,808", "step": null, "ts": 1652831166.8472755}]}, "version": 128}
{"obj": {"type": "LogStrings", "path": ["monitoring", "stdout"], "values": [{"value": "\n", "step": null, "ts": 1652831166.8475225}]}, "version": 129}
{"obj": {"type": "LogStrings", "path": ["monitoring", "stdout"], "values": [{"value": "      BatchNorm2d-49            [-1, 512, 7, 7]           1,024", "step": null, "ts": 1652831166.8478038}]}, "version": 130}
{"obj": {"type": "LogStrings", "path": ["monitoring", "stdout"], "values": [{"value": "\n", "step": null, "ts": 1652831166.848045}]}, "version": 131}
{"obj": {"type": "LogStrings", "path": ["monitoring", "stdout"], "values": [{"value": "         ResBlock-50            [-1, 512, 7, 7]               0", "step": null, "ts": 1652831166.8484094}]}, "version": 132}
{"obj": {"type": "LogStrings", "path": ["monitoring", "stdout"], "values": [{"value": "\n", "step": null, "ts": 1652831166.8486547}]}, "version": 133}
{"obj": {"type": "LogStrings", "path": ["monitoring", "stdout"], "values": [{"value": "AdaptiveAvgPool2d-51            [-1, 512, 1, 1]               0", "step": null, "ts": 1652831166.8489382}]}, "version": 134}
{"obj": {"type": "LogStrings", "path": ["monitoring", "stdout"], "values": [{"value": "\n", "step": null, "ts": 1652831166.849219}]}, "version": 135}
{"obj": {"type": "LogStrings", "path": ["monitoring", "stdout"], "values": [{"value": "           Linear-52                       [-1]           8,200", "step": null, "ts": 1652831166.8495302}]}, "version": 136}
{"obj": {"type": "LogStrings", "path": ["monitoring", "stdout"], "values": [{"value": "\n", "step": null, "ts": 1652831166.849802}]}, "version": 137}
{"obj": {"type": "LogStrings", "path": ["monitoring", "stdout"], "values": [{"value": "================================================================", "step": null, "ts": 1652831166.8502197}]}, "version": 138}
{"obj": {"type": "LogStrings", "path": ["monitoring", "stdout"], "values": [{"value": "\n", "step": null, "ts": 1652831166.8505409}]}, "version": 139}
{"obj": {"type": "LogStrings", "path": ["monitoring", "stdout"], "values": [{"value": "Total params: 11,189,512", "step": null, "ts": 1652831166.8508437}]}, "version": 140}
{"obj": {"type": "LogStrings", "path": ["monitoring", "stdout"], "values": [{"value": "\n", "step": null, "ts": 1652831166.8511515}]}, "version": 141}
{"obj": {"type": "LogStrings", "path": ["monitoring", "stdout"], "values": [{"value": "Trainable params: 11,189,512", "step": null, "ts": 1652831166.8514023}]}, "version": 142}
{"obj": {"type": "LogStrings", "path": ["monitoring", "stdout"], "values": [{"value": "\n", "step": null, "ts": 1652831166.851645}]}, "version": 143}
{"obj": {"type": "LogStrings", "path": ["monitoring", "stdout"], "values": [{"value": "Non-trainable params: 0", "step": null, "ts": 1652831166.8519344}]}, "version": 144}
{"obj": {"type": "LogStrings", "path": ["monitoring", "stdout"], "values": [{"value": "\n", "step": null, "ts": 1652831166.8521774}]}, "version": 145}
{"obj": {"type": "LogStrings", "path": ["monitoring", "stdout"], "values": [{"value": "----------------------------------------------------------------", "step": null, "ts": 1652831166.852421}]}, "version": 146}
{"obj": {"type": "LogStrings", "path": ["monitoring", "stdout"], "values": [{"value": "\n", "step": null, "ts": 1652831166.8526626}]}, "version": 147}
{"obj": {"type": "LogStrings", "path": ["monitoring", "stdout"], "values": [{"value": "Input size (MB): 0.57", "step": null, "ts": 1652831166.8529077}]}, "version": 148}
{"obj": {"type": "LogStrings", "path": ["monitoring", "stdout"], "values": [{"value": "\n", "step": null, "ts": 1652831166.85315}]}, "version": 149}
{"obj": {"type": "LogStrings", "path": ["monitoring", "stdout"], "values": [{"value": "Forward/backward pass size (MB): 42.11", "step": null, "ts": 1652831166.853412}]}, "version": 150}
{"obj": {"type": "LogStrings", "path": ["monitoring", "stdout"], "values": [{"value": "\n", "step": null, "ts": 1652831166.8536518}]}, "version": 151}
{"obj": {"type": "LogStrings", "path": ["monitoring", "stdout"], "values": [{"value": "Params size (MB): 42.68", "step": null, "ts": 1652831166.8539343}]}, "version": 152}
{"obj": {"type": "LogStrings", "path": ["monitoring", "stdout"], "values": [{"value": "\n", "step": null, "ts": 1652831166.8542209}]}, "version": 153}
{"obj": {"type": "LogStrings", "path": ["monitoring", "stdout"], "values": [{"value": "Estimated Total Size (MB): 85.37", "step": null, "ts": 1652831166.8544884}]}, "version": 154}
{"obj": {"type": "LogStrings", "path": ["monitoring", "stdout"], "values": [{"value": "\n", "step": null, "ts": 1652831166.8547318}]}, "version": 155}
{"obj": {"type": "LogStrings", "path": ["monitoring", "stdout"], "values": [{"value": "----------------------------------------------------------------", "step": null, "ts": 1652831166.854978}]}, "version": 156}
{"obj": {"type": "LogStrings", "path": ["monitoring", "stdout"], "values": [{"value": "\n", "step": null, "ts": 1652831166.8552177}]}, "version": 157}
{"obj": {"type": "LogStrings", "path": ["monitoring", "stdout"], "values": [{"value": "cuda", "step": null, "ts": 1652831166.8555446}]}, "version": 158}
{"obj": {"type": "LogStrings", "path": ["monitoring", "stdout"], "values": [{"value": "\n", "step": null, "ts": 1652831166.8557873}]}, "version": 159}
{"obj": {"type": "LogFloats", "path": ["monitoring", "cpu"], "values": [{"value": 10.6, "step": null, "ts": 1652831176.7435122}]}, "version": 160}
{"obj": {"type": "LogFloats", "path": ["monitoring", "memory"], "values": [{"value": 8.466724395751953, "step": null, "ts": 1652831176.7435122}]}, "version": 161}
{"obj": {"type": "LogFloats", "path": ["monitoring", "gpu"], "values": [{"value": 4.0, "step": null, "ts": 1652831176.7435122}]}, "version": 162}
{"obj": {"type": "LogFloats", "path": ["monitoring", "gpu_memory"], "values": [{"value": 1.63970947265625, "step": null, "ts": 1652831176.7435122}]}, "version": 163}
{"obj": {"type": "LogFloats", "path": ["monitoring", "cpu"], "values": [{"value": 9.2, "step": null, "ts": 1652831186.7464652}]}, "version": 164}
{"obj": {"type": "LogFloats", "path": ["monitoring", "memory"], "values": [{"value": 8.4947509765625, "step": null, "ts": 1652831186.7464652}]}, "version": 165}
{"obj": {"type": "LogFloats", "path": ["monitoring", "gpu"], "values": [{"value": 19.0, "step": null, "ts": 1652831186.7464652}]}, "version": 166}
{"obj": {"type": "LogFloats", "path": ["monitoring", "gpu_memory"], "values": [{"value": 1.63970947265625, "step": null, "ts": 1652831186.7464652}]}, "version": 167}
{"obj": {"type": "LogFloats", "path": ["monitoring", "cpu"], "values": [{"value": 7.3, "step": null, "ts": 1652831196.7481763}]}, "version": 168}
{"obj": {"type": "LogFloats", "path": ["monitoring", "memory"], "values": [{"value": 8.492076873779297, "step": null, "ts": 1652831196.7481763}]}, "version": 169}
{"obj": {"type": "LogFloats", "path": ["monitoring", "gpu"], "values": [{"value": 24.0, "step": null, "ts": 1652831196.7481763}]}, "version": 170}
{"obj": {"type": "LogFloats", "path": ["monitoring", "gpu_memory"], "values": [{"value": 1.63970947265625, "step": null, "ts": 1652831196.7481763}]}, "version": 171}
{"obj": {"type": "LogFloats", "path": ["monitoring", "cpu"], "values": [{"value": 11.0, "step": null, "ts": 1652831206.7511868}]}, "version": 172}
{"obj": {"type": "LogFloats", "path": ["monitoring", "memory"], "values": [{"value": 8.495426177978516, "step": null, "ts": 1652831206.7511868}]}, "version": 173}
{"obj": {"type": "LogFloats", "path": ["monitoring", "gpu"], "values": [{"value": 22.0, "step": null, "ts": 1652831206.7511868}]}, "version": 174}
{"obj": {"type": "LogFloats", "path": ["monitoring", "gpu_memory"], "values": [{"value": 1.63970947265625, "step": null, "ts": 1652831206.7511868}]}, "version": 175}
{"obj": {"type": "LogFloats", "path": ["monitoring", "cpu"], "values": [{"value": 10.0, "step": null, "ts": 1652831216.7552924}]}, "version": 176}
{"obj": {"type": "LogFloats", "path": ["monitoring", "memory"], "values": [{"value": 8.47698974609375, "step": null, "ts": 1652831216.7552924}]}, "version": 177}
{"obj": {"type": "LogFloats", "path": ["monitoring", "gpu"], "values": [{"value": 21.0, "step": null, "ts": 1652831216.7552924}]}, "version": 178}
{"obj": {"type": "LogFloats", "path": ["monitoring", "gpu_memory"], "values": [{"value": 1.63970947265625, "step": null, "ts": 1652831216.7552924}]}, "version": 179}
{"obj": {"type": "LogFloats", "path": ["monitoring", "cpu"], "values": [{"value": 7.4, "step": null, "ts": 1652831226.7566323}]}, "version": 180}
{"obj": {"type": "LogFloats", "path": ["monitoring", "memory"], "values": [{"value": 8.487068176269531, "step": null, "ts": 1652831226.7566323}]}, "version": 181}
{"obj": {"type": "LogFloats", "path": ["monitoring", "gpu"], "values": [{"value": 19.0, "step": null, "ts": 1652831226.7566323}]}, "version": 182}
{"obj": {"type": "LogFloats", "path": ["monitoring", "gpu_memory"], "values": [{"value": 1.63970947265625, "step": null, "ts": 1652831226.7566323}]}, "version": 183}
{"obj": {"type": "LogFloats", "path": ["monitoring", "cpu"], "values": [{"value": 4.4, "step": null, "ts": 1652831236.760901}]}, "version": 184}
{"obj": {"type": "LogFloats", "path": ["monitoring", "memory"], "values": [{"value": 8.483840942382812, "step": null, "ts": 1652831236.760901}]}, "version": 185}
{"obj": {"type": "LogFloats", "path": ["monitoring", "gpu"], "values": [{"value": 19.0, "step": null, "ts": 1652831236.760901}]}, "version": 186}
{"obj": {"type": "LogFloats", "path": ["monitoring", "gpu_memory"], "values": [{"value": 1.63970947265625, "step": null, "ts": 1652831236.760901}]}, "version": 187}
{"obj": {"type": "LogFloats", "path": ["monitoring", "cpu"], "values": [{"value": 10.0, "step": null, "ts": 1652831246.7639222}]}, "version": 188}
{"obj": {"type": "LogFloats", "path": ["monitoring", "memory"], "values": [{"value": 8.472049713134766, "step": null, "ts": 1652831246.7639222}]}, "version": 189}
{"obj": {"type": "LogFloats", "path": ["monitoring", "gpu"], "values": [{"value": 21.0, "step": null, "ts": 1652831246.7639222}]}, "version": 190}
{"obj": {"type": "LogFloats", "path": ["monitoring", "gpu_memory"], "values": [{"value": 1.63970947265625, "step": null, "ts": 1652831246.7639222}]}, "version": 191}
{"obj": {"type": "LogFloats", "path": ["monitoring", "cpu"], "values": [{"value": 3.3, "step": null, "ts": 1652831256.7671711}]}, "version": 192}
{"obj": {"type": "LogFloats", "path": ["monitoring", "memory"], "values": [{"value": 8.503662109375, "step": null, "ts": 1652831256.7671711}]}, "version": 193}
{"obj": {"type": "LogFloats", "path": ["monitoring", "gpu"], "values": [{"value": 19.0, "step": null, "ts": 1652831256.7671711}]}, "version": 194}
{"obj": {"type": "LogFloats", "path": ["monitoring", "gpu_memory"], "values": [{"value": 1.63970947265625, "step": null, "ts": 1652831256.7671711}]}, "version": 195}
{"obj": {"type": "LogFloats", "path": ["monitoring", "cpu"], "values": [{"value": 4.6, "step": null, "ts": 1652831266.7703414}]}, "version": 196}
{"obj": {"type": "LogFloats", "path": ["monitoring", "memory"], "values": [{"value": 8.48483657836914, "step": null, "ts": 1652831266.7703414}]}, "version": 197}
{"obj": {"type": "LogFloats", "path": ["monitoring", "gpu"], "values": [{"value": 21.0, "step": null, "ts": 1652831266.7703414}]}, "version": 198}
{"obj": {"type": "LogFloats", "path": ["monitoring", "gpu_memory"], "values": [{"value": 1.63970947265625, "step": null, "ts": 1652831266.7703414}]}, "version": 199}
{"obj": {"type": "LogFloats", "path": ["monitoring", "cpu"], "values": [{"value": 5.7, "step": null, "ts": 1652831276.7733543}]}, "version": 200}
{"obj": {"type": "LogFloats", "path": ["monitoring", "memory"], "values": [{"value": 8.491539001464844, "step": null, "ts": 1652831276.7733543}]}, "version": 201}
{"obj": {"type": "LogFloats", "path": ["monitoring", "gpu"], "values": [{"value": 20.0, "step": null, "ts": 1652831276.7733543}]}, "version": 202}
{"obj": {"type": "LogFloats", "path": ["monitoring", "gpu_memory"], "values": [{"value": 1.63970947265625, "step": null, "ts": 1652831276.7733543}]}, "version": 203}
{"obj": {"type": "LogFloats", "path": ["monitoring", "cpu"], "values": [{"value": 12.0, "step": null, "ts": 1652831286.7842636}]}, "version": 204}
{"obj": {"type": "LogFloats", "path": ["monitoring", "memory"], "values": [{"value": 8.484058380126953, "step": null, "ts": 1652831286.7842636}]}, "version": 205}
{"obj": {"type": "LogFloats", "path": ["monitoring", "gpu"], "values": [{"value": 21.0, "step": null, "ts": 1652831286.7842636}]}, "version": 206}
{"obj": {"type": "LogFloats", "path": ["monitoring", "gpu_memory"], "values": [{"value": 1.63970947265625, "step": null, "ts": 1652831286.7842636}]}, "version": 207}
{"obj": {"type": "LogFloats", "path": ["monitoring", "cpu"], "values": [{"value": 4.2, "step": null, "ts": 1652831296.7888799}]}, "version": 208}
{"obj": {"type": "LogFloats", "path": ["monitoring", "memory"], "values": [{"value": 8.480461120605469, "step": null, "ts": 1652831296.7888799}]}, "version": 209}
{"obj": {"type": "LogFloats", "path": ["monitoring", "gpu"], "values": [{"value": 19.0, "step": null, "ts": 1652831296.7888799}]}, "version": 210}
{"obj": {"type": "LogFloats", "path": ["monitoring", "gpu_memory"], "values": [{"value": 1.63970947265625, "step": null, "ts": 1652831296.7888799}]}, "version": 211}
{"obj": {"type": "LogFloats", "path": ["monitoring", "cpu"], "values": [{"value": 6.1, "step": null, "ts": 1652831306.7989295}]}, "version": 212}
{"obj": {"type": "LogFloats", "path": ["monitoring", "memory"], "values": [{"value": 8.480659484863281, "step": null, "ts": 1652831306.7989295}]}, "version": 213}
{"obj": {"type": "LogFloats", "path": ["monitoring", "gpu"], "values": [{"value": 21.0, "step": null, "ts": 1652831306.7989295}]}, "version": 214}
{"obj": {"type": "LogFloats", "path": ["monitoring", "gpu_memory"], "values": [{"value": 1.63970947265625, "step": null, "ts": 1652831306.7989295}]}, "version": 215}
{"obj": {"type": "LogFloats", "path": ["monitoring", "cpu"], "values": [{"value": 6.6, "step": null, "ts": 1652831316.8003025}]}, "version": 216}
{"obj": {"type": "LogFloats", "path": ["monitoring", "memory"], "values": [{"value": 8.477130889892578, "step": null, "ts": 1652831316.8003025}]}, "version": 217}
{"obj": {"type": "LogFloats", "path": ["monitoring", "gpu"], "values": [{"value": 20.0, "step": null, "ts": 1652831316.8003025}]}, "version": 218}
{"obj": {"type": "LogFloats", "path": ["monitoring", "gpu_memory"], "values": [{"value": 1.63970947265625, "step": null, "ts": 1652831316.8003025}]}, "version": 219}
{"obj": {"type": "LogStrings", "path": ["monitoring", "stdout"], "values": [{"value": "\u001b[4;33mReloaded modules\u001b[24m: resnet18\u001b[0m", "step": null, "ts": 1652831323.0811207}]}, "version": 220}
{"obj": {"type": "LogStrings", "path": ["monitoring", "stdout"], "values": [{"value": "\n", "step": null, "ts": 1652831323.0814369}]}, "version": 221}
{"obj": {"type": "LogStrings", "path": ["monitoring", "stdout"], "values": [{"value": "b'https://app.neptune.ai/pog/TCC/e/TCC-50\\n'", "step": null, "ts": 1652831324.1257741}]}, "version": 222}
{"obj": {"type": "LogStrings", "path": ["monitoring", "stdout"], "values": [{"value": "b''", "step": null, "ts": 1652831324.1311667}]}, "version": 223}
{"obj": {"type": "LogStrings", "path": ["monitoring", "stdout"], "values": [{"value": "b'Remember to stop your run once you\\xe2\\x80\\x99ve finished logging your metadata (https://docs.neptune.ai/api-reference/run#.stop). It will be stopped automatically only when the notebook kernel/interactive console is terminated.\\n'", "step": null, "ts": 1652831324.1319015}]}, "version": 224}
{"obj": {"type": "LogStrings", "path": ["monitoring", "stdout"], "values": [{"value": "----------------------------------------------------------------", "step": null, "ts": 1652831324.2041}]}, "version": 225}
{"obj": {"type": "LogStrings", "path": ["monitoring", "stdout"], "values": [{"value": "\n", "step": null, "ts": 1652831324.204433}]}, "version": 226}
{"obj": {"type": "LogStrings", "path": ["monitoring", "stdout"], "values": [{"value": "        Layer (type)               Output Shape         Param #", "step": null, "ts": 1652831324.2047527}]}, "version": 227}
{"obj": {"type": "LogStrings", "path": ["monitoring", "stdout"], "values": [{"value": "\n", "step": null, "ts": 1652831324.2050698}]}, "version": 228}
{"obj": {"type": "LogStrings", "path": ["monitoring", "stdout"], "values": [{"value": "================================================================", "step": null, "ts": 1652831324.2053878}]}, "version": 229}
{"obj": {"type": "LogStrings", "path": ["monitoring", "stdout"], "values": [{"value": "\n", "step": null, "ts": 1652831324.2057033}]}, "version": 230}
{"obj": {"type": "LogStrings", "path": ["monitoring", "stdout"], "values": [{"value": "            Conv2d-1         [-1, 64, 112, 112]           9,472", "step": null, "ts": 1652831324.2060935}]}, "version": 231}
{"obj": {"type": "LogStrings", "path": ["monitoring", "stdout"], "values": [{"value": "\n", "step": null, "ts": 1652831324.2064102}]}, "version": 232}
{"obj": {"type": "LogStrings", "path": ["monitoring", "stdout"], "values": [{"value": "         MaxPool2d-2           [-1, 64, 56, 56]               0", "step": null, "ts": 1652831324.2067602}]}, "version": 233}
{"obj": {"type": "LogStrings", "path": ["monitoring", "stdout"], "values": [{"value": "\n", "step": null, "ts": 1652831324.207078}]}, "version": 234}
{"obj": {"type": "LogStrings", "path": ["monitoring", "stdout"], "values": [{"value": "       BatchNorm2d-3           [-1, 64, 56, 56]             128", "step": null, "ts": 1652831324.2074323}]}, "version": 235}
{"obj": {"type": "LogStrings", "path": ["monitoring", "stdout"], "values": [{"value": "\n", "step": null, "ts": 1652831324.2077456}]}, "version": 236}
{"obj": {"type": "LogStrings", "path": ["monitoring", "stdout"], "values": [{"value": "              ReLU-4           [-1, 64, 56, 56]               0", "step": null, "ts": 1652831324.208094}]}, "version": 237}
{"obj": {"type": "LogStrings", "path": ["monitoring", "stdout"], "values": [{"value": "\n", "step": null, "ts": 1652831324.2084055}]}, "version": 238}
{"obj": {"type": "LogStrings", "path": ["monitoring", "stdout"], "values": [{"value": "            Conv2d-5           [-1, 64, 56, 56]          36,928", "step": null, "ts": 1652831324.2087584}]}, "version": 239}
{"obj": {"type": "LogStrings", "path": ["monitoring", "stdout"], "values": [{"value": "\n", "step": null, "ts": 1652831324.2090716}]}, "version": 240}
{"obj": {"type": "LogStrings", "path": ["monitoring", "stdout"], "values": [{"value": "       BatchNorm2d-6           [-1, 64, 56, 56]             128", "step": null, "ts": 1652831324.209423}]}, "version": 241}
{"obj": {"type": "LogStrings", "path": ["monitoring", "stdout"], "values": [{"value": "\n", "step": null, "ts": 1652831324.2097352}]}, "version": 242}
{"obj": {"type": "LogStrings", "path": ["monitoring", "stdout"], "values": [{"value": "            Conv2d-7           [-1, 64, 56, 56]          36,928", "step": null, "ts": 1652831324.2100935}]}, "version": 243}
{"obj": {"type": "LogStrings", "path": ["monitoring", "stdout"], "values": [{"value": "\n", "step": null, "ts": 1652831324.2104099}]}, "version": 244}
{"obj": {"type": "LogStrings", "path": ["monitoring", "stdout"], "values": [{"value": "       BatchNorm2d-8           [-1, 64, 56, 56]             128", "step": null, "ts": 1652831324.210762}]}, "version": 245}
{"obj": {"type": "LogStrings", "path": ["monitoring", "stdout"], "values": [{"value": "\n", "step": null, "ts": 1652831324.2110758}]}, "version": 246}
{"obj": {"type": "LogStrings", "path": ["monitoring", "stdout"], "values": [{"value": "          ResBlock-9           [-1, 64, 56, 56]               0", "step": null, "ts": 1652831324.211426}]}, "version": 247}
{"obj": {"type": "LogStrings", "path": ["monitoring", "stdout"], "values": [{"value": "\n", "step": null, "ts": 1652831324.2117407}]}, "version": 248}
{"obj": {"type": "LogStrings", "path": ["monitoring", "stdout"], "values": [{"value": "           Conv2d-10           [-1, 64, 56, 56]          36,928", "step": null, "ts": 1652831324.2120936}]}, "version": 249}
{"obj": {"type": "LogStrings", "path": ["monitoring", "stdout"], "values": [{"value": "\n", "step": null, "ts": 1652831324.2124088}]}, "version": 250}
{"obj": {"type": "LogStrings", "path": ["monitoring", "stdout"], "values": [{"value": "      BatchNorm2d-11           [-1, 64, 56, 56]             128", "step": null, "ts": 1652831324.2127597}]}, "version": 251}
{"obj": {"type": "LogStrings", "path": ["monitoring", "stdout"], "values": [{"value": "\n", "step": null, "ts": 1652831324.213075}]}, "version": 252}
{"obj": {"type": "LogStrings", "path": ["monitoring", "stdout"], "values": [{"value": "           Conv2d-12           [-1, 64, 56, 56]          36,928", "step": null, "ts": 1652831324.213471}]}, "version": 253}
{"obj": {"type": "LogStrings", "path": ["monitoring", "stdout"], "values": [{"value": "\n", "step": null, "ts": 1652831324.2137854}]}, "version": 254}
{"obj": {"type": "LogStrings", "path": ["monitoring", "stdout"], "values": [{"value": "      BatchNorm2d-13           [-1, 64, 56, 56]             128", "step": null, "ts": 1652831324.214145}]}, "version": 255}
{"obj": {"type": "LogStrings", "path": ["monitoring", "stdout"], "values": [{"value": "\n", "step": null, "ts": 1652831324.2145162}]}, "version": 256}
{"obj": {"type": "LogStrings", "path": ["monitoring", "stdout"], "values": [{"value": "         ResBlock-14           [-1, 64, 56, 56]               0", "step": null, "ts": 1652831324.2149096}]}, "version": 257}
{"obj": {"type": "LogStrings", "path": ["monitoring", "stdout"], "values": [{"value": "\n", "step": null, "ts": 1652831324.2152257}]}, "version": 258}
{"obj": {"type": "LogStrings", "path": ["monitoring", "stdout"], "values": [{"value": "           Conv2d-15          [-1, 128, 28, 28]           8,320", "step": null, "ts": 1652831324.2155764}]}, "version": 259}
{"obj": {"type": "LogStrings", "path": ["monitoring", "stdout"], "values": [{"value": "\n", "step": null, "ts": 1652831324.215892}]}, "version": 260}
{"obj": {"type": "LogStrings", "path": ["monitoring", "stdout"], "values": [{"value": "      BatchNorm2d-16          [-1, 128, 28, 28]             256", "step": null, "ts": 1652831324.216243}]}, "version": 261}
{"obj": {"type": "LogStrings", "path": ["monitoring", "stdout"], "values": [{"value": "\n", "step": null, "ts": 1652831324.2165956}]}, "version": 262}
{"obj": {"type": "LogStrings", "path": ["monitoring", "stdout"], "values": [{"value": "           Conv2d-17          [-1, 128, 28, 28]          73,856", "step": null, "ts": 1652831324.2169535}]}, "version": 263}
{"obj": {"type": "LogStrings", "path": ["monitoring", "stdout"], "values": [{"value": "\n", "step": null, "ts": 1652831324.2172997}]}, "version": 264}
{"obj": {"type": "LogStrings", "path": ["monitoring", "stdout"], "values": [{"value": "      BatchNorm2d-18          [-1, 128, 28, 28]             256", "step": null, "ts": 1652831324.2176664}]}, "version": 265}
{"obj": {"type": "LogStrings", "path": ["monitoring", "stdout"], "values": [{"value": "\n", "step": null, "ts": 1652831324.2179909}]}, "version": 266}
{"obj": {"type": "LogStrings", "path": ["monitoring", "stdout"], "values": [{"value": "           Conv2d-19          [-1, 128, 28, 28]         147,584", "step": null, "ts": 1652831324.2183454}]}, "version": 267}
{"obj": {"type": "LogStrings", "path": ["monitoring", "stdout"], "values": [{"value": "\n", "step": null, "ts": 1652831324.218661}]}, "version": 268}
{"obj": {"type": "LogStrings", "path": ["monitoring", "stdout"], "values": [{"value": "      BatchNorm2d-20          [-1, 128, 28, 28]             256", "step": null, "ts": 1652831324.2190113}]}, "version": 269}
{"obj": {"type": "LogStrings", "path": ["monitoring", "stdout"], "values": [{"value": "\n", "step": null, "ts": 1652831324.2193274}]}, "version": 270}
{"obj": {"type": "LogStrings", "path": ["monitoring", "stdout"], "values": [{"value": "         ResBlock-21          [-1, 128, 28, 28]               0", "step": null, "ts": 1652831324.2196789}]}, "version": 271}
{"obj": {"type": "LogStrings", "path": ["monitoring", "stdout"], "values": [{"value": "\n", "step": null, "ts": 1652831324.2200284}]}, "version": 272}
{"obj": {"type": "LogStrings", "path": ["monitoring", "stdout"], "values": [{"value": "           Conv2d-22          [-1, 128, 28, 28]         147,584", "step": null, "ts": 1652831324.2205813}]}, "version": 273}
{"obj": {"type": "LogStrings", "path": ["monitoring", "stdout"], "values": [{"value": "\n", "step": null, "ts": 1652831324.2210476}]}, "version": 274}
{"obj": {"type": "LogStrings", "path": ["monitoring", "stdout"], "values": [{"value": "      BatchNorm2d-23          [-1, 128, 28, 28]             256", "step": null, "ts": 1652831324.2215173}]}, "version": 275}
{"obj": {"type": "LogStrings", "path": ["monitoring", "stdout"], "values": [{"value": "\n", "step": null, "ts": 1652831324.2218022}]}, "version": 276}
{"obj": {"type": "LogStrings", "path": ["monitoring", "stdout"], "values": [{"value": "           Conv2d-24          [-1, 128, 28, 28]         147,584", "step": null, "ts": 1652831324.222173}]}, "version": 277}
{"obj": {"type": "LogStrings", "path": ["monitoring", "stdout"], "values": [{"value": "\n", "step": null, "ts": 1652831324.2225251}]}, "version": 278}
{"obj": {"type": "LogStrings", "path": ["monitoring", "stdout"], "values": [{"value": "      BatchNorm2d-25          [-1, 128, 28, 28]             256", "step": null, "ts": 1652831324.2229416}]}, "version": 279}
{"obj": {"type": "LogStrings", "path": ["monitoring", "stdout"], "values": [{"value": "\n", "step": null, "ts": 1652831324.223236}]}, "version": 280}
{"obj": {"type": "LogStrings", "path": ["monitoring", "stdout"], "values": [{"value": "         ResBlock-26          [-1, 128, 28, 28]               0", "step": null, "ts": 1652831324.2236223}]}, "version": 281}
{"obj": {"type": "LogStrings", "path": ["monitoring", "stdout"], "values": [{"value": "\n", "step": null, "ts": 1652831324.223899}]}, "version": 282}
{"obj": {"type": "LogStrings", "path": ["monitoring", "stdout"], "values": [{"value": "           Conv2d-27          [-1, 256, 14, 14]          33,024", "step": null, "ts": 1652831324.2243543}]}, "version": 283}
{"obj": {"type": "LogStrings", "path": ["monitoring", "stdout"], "values": [{"value": "\n", "step": null, "ts": 1652831324.2246346}]}, "version": 284}
{"obj": {"type": "LogStrings", "path": ["monitoring", "stdout"], "values": [{"value": "      BatchNorm2d-28          [-1, 256, 14, 14]             512", "step": null, "ts": 1652831324.224953}]}, "version": 285}
{"obj": {"type": "LogStrings", "path": ["monitoring", "stdout"], "values": [{"value": "\n", "step": null, "ts": 1652831324.2252321}]}, "version": 286}
{"obj": {"type": "LogStrings", "path": ["monitoring", "stdout"], "values": [{"value": "           Conv2d-29          [-1, 256, 14, 14]         295,168", "step": null, "ts": 1652831324.2255607}]}, "version": 287}
{"obj": {"type": "LogStrings", "path": ["monitoring", "stdout"], "values": [{"value": "\n", "step": null, "ts": 1652831324.2258384}]}, "version": 288}
{"obj": {"type": "LogStrings", "path": ["monitoring", "stdout"], "values": [{"value": "      BatchNorm2d-30          [-1, 256, 14, 14]             512", "step": null, "ts": 1652831324.2262282}]}, "version": 289}
{"obj": {"type": "LogStrings", "path": ["monitoring", "stdout"], "values": [{"value": "\n", "step": null, "ts": 1652831324.2265055}]}, "version": 290}
{"obj": {"type": "LogStrings", "path": ["monitoring", "stdout"], "values": [{"value": "           Conv2d-31          [-1, 256, 14, 14]         590,080", "step": null, "ts": 1652831324.226821}]}, "version": 291}
{"obj": {"type": "LogStrings", "path": ["monitoring", "stdout"], "values": [{"value": "\n", "step": null, "ts": 1652831324.2270968}]}, "version": 292}
{"obj": {"type": "LogStrings", "path": ["monitoring", "stdout"], "values": [{"value": "      BatchNorm2d-32          [-1, 256, 14, 14]             512", "step": null, "ts": 1652831324.227409}]}, "version": 293}
{"obj": {"type": "LogStrings", "path": ["monitoring", "stdout"], "values": [{"value": "\n", "step": null, "ts": 1652831324.227686}]}, "version": 294}
{"obj": {"type": "LogStrings", "path": ["monitoring", "stdout"], "values": [{"value": "         ResBlock-33          [-1, 256, 14, 14]               0", "step": null, "ts": 1652831324.227999}]}, "version": 295}
{"obj": {"type": "LogStrings", "path": ["monitoring", "stdout"], "values": [{"value": "\n", "step": null, "ts": 1652831324.2282765}]}, "version": 296}
{"obj": {"type": "LogStrings", "path": ["monitoring", "stdout"], "values": [{"value": "           Conv2d-34          [-1, 256, 14, 14]         590,080", "step": null, "ts": 1652831324.2286162}]}, "version": 297}
{"obj": {"type": "LogStrings", "path": ["monitoring", "stdout"], "values": [{"value": "\n", "step": null, "ts": 1652831324.2289133}]}, "version": 298}
{"obj": {"type": "LogStrings", "path": ["monitoring", "stdout"], "values": [{"value": "      BatchNorm2d-35          [-1, 256, 14, 14]             512", "step": null, "ts": 1652831324.2292454}]}, "version": 299}
{"obj": {"type": "LogStrings", "path": ["monitoring", "stdout"], "values": [{"value": "\n", "step": null, "ts": 1652831324.229547}]}, "version": 300}
{"obj": {"type": "LogStrings", "path": ["monitoring", "stdout"], "values": [{"value": "           Conv2d-36          [-1, 256, 14, 14]         590,080", "step": null, "ts": 1652831324.2298827}]}, "version": 301}
{"obj": {"type": "LogStrings", "path": ["monitoring", "stdout"], "values": [{"value": "\n", "step": null, "ts": 1652831324.2302349}]}, "version": 302}
{"obj": {"type": "LogStrings", "path": ["monitoring", "stdout"], "values": [{"value": "      BatchNorm2d-37          [-1, 256, 14, 14]             512", "step": null, "ts": 1652831324.230573}]}, "version": 303}
{"obj": {"type": "LogStrings", "path": ["monitoring", "stdout"], "values": [{"value": "\n", "step": null, "ts": 1652831324.2308593}]}, "version": 304}
{"obj": {"type": "LogStrings", "path": ["monitoring", "stdout"], "values": [{"value": "         ResBlock-38          [-1, 256, 14, 14]               0", "step": null, "ts": 1652831324.2312133}]}, "version": 305}
{"obj": {"type": "LogStrings", "path": ["monitoring", "stdout"], "values": [{"value": "\n", "step": null, "ts": 1652831324.2315245}]}, "version": 306}
{"obj": {"type": "LogStrings", "path": ["monitoring", "stdout"], "values": [{"value": "           Conv2d-39            [-1, 512, 7, 7]         131,584", "step": null, "ts": 1652831324.2318914}]}, "version": 307}
{"obj": {"type": "LogStrings", "path": ["monitoring", "stdout"], "values": [{"value": "\n", "step": null, "ts": 1652831324.232201}]}, "version": 308}
{"obj": {"type": "LogStrings", "path": ["monitoring", "stdout"], "values": [{"value": "      BatchNorm2d-40            [-1, 512, 7, 7]           1,024", "step": null, "ts": 1652831324.2326162}]}, "version": 309}
{"obj": {"type": "LogStrings", "path": ["monitoring", "stdout"], "values": [{"value": "\n", "step": null, "ts": 1652831324.232905}]}, "version": 310}
{"obj": {"type": "LogStrings", "path": ["monitoring", "stdout"], "values": [{"value": "           Conv2d-41            [-1, 512, 7, 7]       1,180,160", "step": null, "ts": 1652831324.233219}]}, "version": 311}
{"obj": {"type": "LogStrings", "path": ["monitoring", "stdout"], "values": [{"value": "\n", "step": null, "ts": 1652831324.2334943}]}, "version": 312}
{"obj": {"type": "LogStrings", "path": ["monitoring", "stdout"], "values": [{"value": "      BatchNorm2d-42            [-1, 512, 7, 7]           1,024", "step": null, "ts": 1652831324.2338073}]}, "version": 313}
{"obj": {"type": "LogStrings", "path": ["monitoring", "stdout"], "values": [{"value": "\n", "step": null, "ts": 1652831324.2341518}]}, "version": 314}
{"obj": {"type": "LogStrings", "path": ["monitoring", "stdout"], "values": [{"value": "           Conv2d-43            [-1, 512, 7, 7]       2,359,808", "step": null, "ts": 1652831324.2344668}]}, "version": 315}
{"obj": {"type": "LogStrings", "path": ["monitoring", "stdout"], "values": [{"value": "\n", "step": null, "ts": 1652831324.23492}]}, "version": 316}
{"obj": {"type": "LogStrings", "path": ["monitoring", "stdout"], "values": [{"value": "      BatchNorm2d-44            [-1, 512, 7, 7]           1,024", "step": null, "ts": 1652831324.2353122}]}, "version": 317}
{"obj": {"type": "LogStrings", "path": ["monitoring", "stdout"], "values": [{"value": "\n", "step": null, "ts": 1652831324.235592}]}, "version": 318}
{"obj": {"type": "LogStrings", "path": ["monitoring", "stdout"], "values": [{"value": "         ResBlock-45            [-1, 512, 7, 7]               0", "step": null, "ts": 1652831324.2359037}]}, "version": 319}
{"obj": {"type": "LogStrings", "path": ["monitoring", "stdout"], "values": [{"value": "\n", "step": null, "ts": 1652831324.2361808}]}, "version": 320}
{"obj": {"type": "LogStrings", "path": ["monitoring", "stdout"], "values": [{"value": "           Conv2d-46            [-1, 512, 7, 7]       2,359,808", "step": null, "ts": 1652831324.2364936}]}, "version": 321}
{"obj": {"type": "LogStrings", "path": ["monitoring", "stdout"], "values": [{"value": "\n", "step": null, "ts": 1652831324.236772}]}, "version": 322}
{"obj": {"type": "LogStrings", "path": ["monitoring", "stdout"], "values": [{"value": "      BatchNorm2d-47            [-1, 512, 7, 7]           1,024", "step": null, "ts": 1652831324.2371202}]}, "version": 323}
{"obj": {"type": "LogStrings", "path": ["monitoring", "stdout"], "values": [{"value": "\n", "step": null, "ts": 1652831324.237396}]}, "version": 324}
{"obj": {"type": "LogStrings", "path": ["monitoring", "stdout"], "values": [{"value": "           Conv2d-48            [-1, 512, 7, 7]       2,359,808", "step": null, "ts": 1652831324.2377095}]}, "version": 325}
{"obj": {"type": "LogStrings", "path": ["monitoring", "stdout"], "values": [{"value": "\n", "step": null, "ts": 1652831324.2380643}]}, "version": 326}
{"obj": {"type": "LogStrings", "path": ["monitoring", "stdout"], "values": [{"value": "      BatchNorm2d-49            [-1, 512, 7, 7]           1,024", "step": null, "ts": 1652831324.2384152}]}, "version": 327}
{"obj": {"type": "LogStrings", "path": ["monitoring", "stdout"], "values": [{"value": "\n", "step": null, "ts": 1652831324.2387042}]}, "version": 328}
{"obj": {"type": "LogStrings", "path": ["monitoring", "stdout"], "values": [{"value": "         ResBlock-50            [-1, 512, 7, 7]               0", "step": null, "ts": 1652831324.2391284}]}, "version": 329}
{"obj": {"type": "LogStrings", "path": ["monitoring", "stdout"], "values": [{"value": "\n", "step": null, "ts": 1652831324.2394044}]}, "version": 330}
{"obj": {"type": "LogStrings", "path": ["monitoring", "stdout"], "values": [{"value": "AdaptiveAvgPool2d-51            [-1, 512, 1, 1]               0", "step": null, "ts": 1652831324.239718}]}, "version": 331}
{"obj": {"type": "LogStrings", "path": ["monitoring", "stdout"], "values": [{"value": "\n", "step": null, "ts": 1652831324.2399948}]}, "version": 332}
{"obj": {"type": "LogStrings", "path": ["monitoring", "stdout"], "values": [{"value": "           Linear-52                    [-1, 8]           4,104", "step": null, "ts": 1652831324.2403097}]}, "version": 333}
{"obj": {"type": "LogStrings", "path": ["monitoring", "stdout"], "values": [{"value": "\n", "step": null, "ts": 1652831324.2405894}]}, "version": 334}
{"obj": {"type": "LogStrings", "path": ["monitoring", "stdout"], "values": [{"value": "================================================================", "step": null, "ts": 1652831324.2409694}]}, "version": 335}
{"obj": {"type": "LogStrings", "path": ["monitoring", "stdout"], "values": [{"value": "\n", "step": null, "ts": 1652831324.2412689}]}, "version": 336}
{"obj": {"type": "LogStrings", "path": ["monitoring", "stdout"], "values": [{"value": "Total params: 11,185,416", "step": null, "ts": 1652831324.2415535}]}, "version": 337}
{"obj": {"type": "LogStrings", "path": ["monitoring", "stdout"], "values": [{"value": "\n", "step": null, "ts": 1652831324.2418294}]}, "version": 338}
{"obj": {"type": "LogStrings", "path": ["monitoring", "stdout"], "values": [{"value": "Trainable params: 11,185,416", "step": null, "ts": 1652831324.2421496}]}, "version": 339}
{"obj": {"type": "LogStrings", "path": ["monitoring", "stdout"], "values": [{"value": "\n", "step": null, "ts": 1652831324.2424304}]}, "version": 340}
{"obj": {"type": "LogStrings", "path": ["monitoring", "stdout"], "values": [{"value": "Non-trainable params: 0", "step": null, "ts": 1652831324.2427332}]}, "version": 341}
{"obj": {"type": "LogStrings", "path": ["monitoring", "stdout"], "values": [{"value": "\n", "step": null, "ts": 1652831324.2430327}]}, "version": 342}
{"obj": {"type": "LogStrings", "path": ["monitoring", "stdout"], "values": [{"value": "----------------------------------------------------------------", "step": null, "ts": 1652831324.24331}]}, "version": 343}
{"obj": {"type": "LogStrings", "path": ["monitoring", "stdout"], "values": [{"value": "\n", "step": null, "ts": 1652831324.2435856}]}, "version": 344}
{"obj": {"type": "LogStrings", "path": ["monitoring", "stdout"], "values": [{"value": "Input size (MB): 0.57", "step": null, "ts": 1652831324.2438636}]}, "version": 345}
{"obj": {"type": "LogStrings", "path": ["monitoring", "stdout"], "values": [{"value": "\n", "step": null, "ts": 1652831324.2441585}]}, "version": 346}
{"obj": {"type": "LogStrings", "path": ["monitoring", "stdout"], "values": [{"value": "Forward/backward pass size (MB): 42.11", "step": null, "ts": 1652831324.2444534}]}, "version": 347}
{"obj": {"type": "LogStrings", "path": ["monitoring", "stdout"], "values": [{"value": "\n", "step": null, "ts": 1652831324.2447345}]}, "version": 348}
{"obj": {"type": "LogStrings", "path": ["monitoring", "stdout"], "values": [{"value": "Params size (MB): 42.67", "step": null, "ts": 1652831324.245039}]}, "version": 349}
{"obj": {"type": "LogStrings", "path": ["monitoring", "stdout"], "values": [{"value": "\n", "step": null, "ts": 1652831324.2453156}]}, "version": 350}
{"obj": {"type": "LogStrings", "path": ["monitoring", "stdout"], "values": [{"value": "Estimated Total Size (MB): 85.36", "step": null, "ts": 1652831324.2456012}]}, "version": 351}
{"obj": {"type": "LogStrings", "path": ["monitoring", "stdout"], "values": [{"value": "\n", "step": null, "ts": 1652831324.2458773}]}, "version": 352}
{"obj": {"type": "LogStrings", "path": ["monitoring", "stdout"], "values": [{"value": "----------------------------------------------------------------", "step": null, "ts": 1652831324.2462227}]}, "version": 353}
{"obj": {"type": "LogStrings", "path": ["monitoring", "stdout"], "values": [{"value": "\n", "step": null, "ts": 1652831324.2465012}]}, "version": 354}
{"obj": {"type": "LogStrings", "path": ["monitoring", "stdout"], "values": [{"value": "cuda", "step": null, "ts": 1652831324.2468736}]}, "version": 355}
{"obj": {"type": "LogStrings", "path": ["monitoring", "stdout"], "values": [{"value": "\n", "step": null, "ts": 1652831324.247182}]}, "version": 356}
{"obj": {"type": "LogFloats", "path": ["monitoring", "cpu"], "values": [{"value": 42.5, "step": null, "ts": 1652831326.8019667}]}, "version": 357}
{"obj": {"type": "LogFloats", "path": ["monitoring", "memory"], "values": [{"value": 8.490406036376953, "step": null, "ts": 1652831326.8019667}]}, "version": 358}
{"obj": {"type": "LogFloats", "path": ["monitoring", "gpu"], "values": [{"value": 34.0, "step": null, "ts": 1652831326.8019667}]}, "version": 359}
{"obj": {"type": "LogFloats", "path": ["monitoring", "gpu_memory"], "values": [{"value": 2.04010009765625, "step": null, "ts": 1652831326.8019667}]}, "version": 360}
{"obj": {"type": "LogStrings", "path": ["monitoring", "stdout"], "values": [{"value": "Epoch 0 - Training loss: 641.7812876383464", "step": null, "ts": 1652831335.0533721}]}, "version": 361}
{"obj": {"type": "LogStrings", "path": ["monitoring", "stdout"], "values": [{"value": "\n", "step": null, "ts": 1652831335.05371}]}, "version": 362}
{"obj": {"type": "LogStrings", "path": ["monitoring", "stdout"], "values": [{"value": "TEST LOSS:", "step": null, "ts": 1652831335.6833124}]}, "version": 363}
{"obj": {"type": "LogStrings", "path": ["monitoring", "stdout"], "values": [{"value": "\n", "step": null, "ts": 1652831335.6837006}]}, "version": 364}
{"obj": {"type": "LogStrings", "path": ["monitoring", "stdout"], "values": [{"value": "1412.9051232910156", "step": null, "ts": 1652831335.6840353}]}, "version": 365}
{"obj": {"type": "LogStrings", "path": ["monitoring", "stdout"], "values": [{"value": "\n", "step": null, "ts": 1652831335.6844022}]}, "version": 366}
{"obj": {"type": "LogStrings", "path": ["monitoring", "stdout"], "values": [{"value": "Pixel Acurracy:", "step": null, "ts": 1652831335.6847937}]}, "version": 367}
{"obj": {"type": "LogStrings", "path": ["monitoring", "stdout"], "values": [{"value": "\n", "step": null, "ts": 1652831335.6851072}]}, "version": 368}
{"obj": {"type": "LogStrings", "path": ["monitoring", "stdout"], "values": [{"value": "1329.34078125", "step": null, "ts": 1652831335.689225}]}, "version": 369}
{"obj": {"type": "LogStrings", "path": ["monitoring", "stdout"], "values": [{"value": "\n", "step": null, "ts": 1652831335.6895223}]}, "version": 370}
{"obj": {"type": "LogFloats", "path": ["monitoring", "cpu"], "values": [{"value": 43.0, "step": null, "ts": 1652831336.8046415}]}, "version": 371}
{"obj": {"type": "LogFloats", "path": ["monitoring", "memory"], "values": [{"value": 9.60013198852539, "step": null, "ts": 1652831336.8046415}]}, "version": 372}
{"obj": {"type": "LogFloats", "path": ["monitoring", "gpu"], "values": [{"value": 27.0, "step": null, "ts": 1652831336.8046415}]}, "version": 373}
{"obj": {"type": "LogFloats", "path": ["monitoring", "gpu_memory"], "values": [{"value": 2.88970947265625, "step": null, "ts": 1652831336.8046415}]}, "version": 374}
{"obj": {"type": "LogFloats", "path": ["monitoring", "cpu"], "values": [{"value": 45.0, "step": null, "ts": 1652831346.8065531}]}, "version": 375}
{"obj": {"type": "LogFloats", "path": ["monitoring", "memory"], "values": [{"value": 9.607566833496094, "step": null, "ts": 1652831346.8065531}]}, "version": 376}
{"obj": {"type": "LogFloats", "path": ["monitoring", "gpu"], "values": [{"value": 34.0, "step": null, "ts": 1652831346.8065531}]}, "version": 377}
{"obj": {"type": "LogFloats", "path": ["monitoring", "gpu_memory"], "values": [{"value": 2.88970947265625, "step": null, "ts": 1652831346.8065531}]}, "version": 378}
{"obj": {"type": "LogStrings", "path": ["monitoring", "stdout"], "values": [{"value": "Epoch 1 - Training loss: 641.4233317057292", "step": null, "ts": 1652831346.9642136}]}, "version": 379}
{"obj": {"type": "LogStrings", "path": ["monitoring", "stdout"], "values": [{"value": "\n", "step": null, "ts": 1652831346.9646971}]}, "version": 380}
{"obj": {"type": "LogFloats", "path": ["monitoring", "cpu"], "values": [{"value": 38.4, "step": null, "ts": 1652831356.808851}]}, "version": 381}
{"obj": {"type": "LogFloats", "path": ["monitoring", "memory"], "values": [{"value": 9.608623504638672, "step": null, "ts": 1652831356.808851}]}, "version": 382}
{"obj": {"type": "LogFloats", "path": ["monitoring", "gpu"], "values": [{"value": 34.0, "step": null, "ts": 1652831356.808851}]}, "version": 383}
{"obj": {"type": "LogFloats", "path": ["monitoring", "gpu_memory"], "values": [{"value": 2.88970947265625, "step": null, "ts": 1652831356.808851}]}, "version": 384}
{"obj": {"type": "LogStrings", "path": ["monitoring", "stdout"], "values": [{"value": "Epoch 2 - Training loss: 641.3142059326171", "step": null, "ts": 1652831359.2375627}]}, "version": 385}
{"obj": {"type": "LogStrings", "path": ["monitoring", "stdout"], "values": [{"value": "\n", "step": null, "ts": 1652831359.238063}]}, "version": 386}
{"obj": {"type": "LogFloats", "path": ["monitoring", "cpu"], "values": [{"value": 42.6, "step": null, "ts": 1652831366.810262}]}, "version": 387}
{"obj": {"type": "LogFloats", "path": ["monitoring", "memory"], "values": [{"value": 9.610546112060547, "step": null, "ts": 1652831366.810262}]}, "version": 388}
{"obj": {"type": "LogFloats", "path": ["monitoring", "gpu"], "values": [{"value": 35.0, "step": null, "ts": 1652831366.810262}]}, "version": 389}
{"obj": {"type": "LogFloats", "path": ["monitoring", "gpu_memory"], "values": [{"value": 2.88970947265625, "step": null, "ts": 1652831366.810262}]}, "version": 390}
{"obj": {"type": "LogStrings", "path": ["monitoring", "stdout"], "values": [{"value": "Epoch 3 - Training loss: 641.548573811849", "step": null, "ts": 1652831371.5594306}]}, "version": 391}
{"obj": {"type": "LogStrings", "path": ["monitoring", "stdout"], "values": [{"value": "\n", "step": null, "ts": 1652831371.559924}]}, "version": 392}
{"obj": {"type": "LogFloats", "path": ["monitoring", "cpu"], "values": [{"value": 44.3, "step": null, "ts": 1652831376.811934}]}, "version": 393}
{"obj": {"type": "LogFloats", "path": ["monitoring", "memory"], "values": [{"value": 9.613773345947266, "step": null, "ts": 1652831376.811934}]}, "version": 394}
{"obj": {"type": "LogFloats", "path": ["monitoring", "gpu"], "values": [{"value": 35.0, "step": null, "ts": 1652831376.811934}]}, "version": 395}
{"obj": {"type": "LogFloats", "path": ["monitoring", "gpu_memory"], "values": [{"value": 2.88970947265625, "step": null, "ts": 1652831376.811934}]}, "version": 396}
{"obj": {"type": "LogStrings", "path": ["monitoring", "stdout"], "values": [{"value": "Epoch 4 - Training loss: 641.8921193440755", "step": null, "ts": 1652831384.3249345}]}, "version": 397}
{"obj": {"type": "LogStrings", "path": ["monitoring", "stdout"], "values": [{"value": "\n", "step": null, "ts": 1652831384.325372}]}, "version": 398}
{"obj": {"type": "LogFloats", "path": ["monitoring", "cpu"], "values": [{"value": 60.2, "step": null, "ts": 1652831386.813462}]}, "version": 399}
{"obj": {"type": "LogFloats", "path": ["monitoring", "memory"], "values": [{"value": 9.838241577148438, "step": null, "ts": 1652831386.813462}]}, "version": 400}
{"obj": {"type": "LogFloats", "path": ["monitoring", "gpu"], "values": [{"value": 30.0, "step": null, "ts": 1652831386.813462}]}, "version": 401}
{"obj": {"type": "LogFloats", "path": ["monitoring", "gpu_memory"], "values": [{"value": 2.88970947265625, "step": null, "ts": 1652831386.813462}]}, "version": 402}
{"obj": {"type": "LogFloats", "path": ["monitoring", "cpu"], "values": [{"value": 47.7, "step": null, "ts": 1652831396.814688}]}, "version": 403}
{"obj": {"type": "LogFloats", "path": ["monitoring", "memory"], "values": [{"value": 9.839439392089844, "step": null, "ts": 1652831396.814688}]}, "version": 404}
{"obj": {"type": "LogFloats", "path": ["monitoring", "gpu"], "values": [{"value": 35.0, "step": null, "ts": 1652831396.814688}]}, "version": 405}
{"obj": {"type": "LogFloats", "path": ["monitoring", "gpu_memory"], "values": [{"value": 2.88970947265625, "step": null, "ts": 1652831396.814688}]}, "version": 406}
{"obj": {"type": "LogStrings", "path": ["monitoring", "stdout"], "values": [{"value": "Epoch 5 - Training loss: 641.5048451741536", "step": null, "ts": 1652831398.6157026}]}, "version": 407}
{"obj": {"type": "LogStrings", "path": ["monitoring", "stdout"], "values": [{"value": "\n", "step": null, "ts": 1652831398.6163735}]}, "version": 408}
{"obj": {"type": "LogStrings", "path": ["monitoring", "stdout"], "values": [{"value": "b'Shutting down background jobs, please wait a moment...\\n'", "step": null, "ts": 1652831401.13466}]}, "version": 409}
{"obj": {"type": "LogStrings", "path": ["monitoring", "stdout"], "values": [{"value": "b'Done!\\n'", "step": null, "ts": 1652831401.4382608}]}, "version": 410}
{"obj": {"type": "LogStrings", "path": ["monitoring", "stderr"], "values": [{"value": "Waiting for the remaining 1 operations to synchronize with Neptune. Do not kill this process.\n", "step": null, "ts": 1652831401.4419563}]}, "version": 411}
{"obj": {"type": "LogStrings", "path": ["monitoring", "stdout"], "values": [{"value": "b'All 1 operations synced, thanks for waiting!\\n'", "step": null, "ts": 1652831401.7991536}]}, "version": 412}
{"obj": {"type": "LogStrings", "path": ["monitoring", "stdout"], "values": [{"value": "b'Explore the metadata in Neptune UI:\\n'", "step": null, "ts": 1652831401.8030236}]}, "version": 413}
{"obj": {"type": "LogStrings", "path": ["monitoring", "stdout"], "values": [{"value": "b'https://app.neptune.ai/pog/TCC/e/TCC-50\\n'", "step": null, "ts": 1652831401.8040311}]}, "version": 414}
{"obj": {"type": "LogStrings", "path": ["monitoring", "stdout"], "values": [{"value": "b'Shutting down background jobs, please wait a moment...\\n'", "step": null, "ts": 1652831401.8049815}]}, "version": 415}
