{"obj": {"type": "AssignString", "path": ["sys", "name"], "value": "alexnet_batch_norm"}, "version": 1}
{"obj": {"type": "AssignString", "path": ["sys", "description"], "value": ""}, "version": 2}
{"obj": {"type": "AssignString", "path": ["sys", "hostname"], "value": "voxar-HP-ZBook-Fury-17-G7-Mobile-Workstation"}, "version": 3}
{"obj": {"type": "AssignBool", "path": ["sys", "failed"], "value": false}, "version": 4}
{"obj": {"type": "ClearStringLog", "path": ["monitoring", "stdout"]}, "version": 5}
{"obj": {"type": "ClearStringLog", "path": ["monitoring", "stderr"]}, "version": 6}
{"obj": {"type": "UploadFileSet", "path": ["source_code", "files"], "file_globs": ["/home/voxar/TCC/*.py"], "reset": "False"}, "version": 7}
{"obj": {"type": "ConfigFloatSeries", "path": ["monitoring", "cpu"], "min": 0.0, "max": 100.0, "unit": "%"}, "version": 8}
{"obj": {"type": "ClearFloatLog", "path": ["monitoring", "cpu"]}, "version": 9}
{"obj": {"type": "ConfigFloatSeries", "path": ["monitoring", "memory"], "min": 0.0, "max": 31.132720947265625, "unit": "GB"}, "version": 10}
{"obj": {"type": "ClearFloatLog", "path": ["monitoring", "memory"]}, "version": 11}
{"obj": {"type": "ConfigFloatSeries", "path": ["monitoring", "gpu"], "min": 0.0, "max": 100.0, "unit": "%"}, "version": 12}
{"obj": {"type": "ClearFloatLog", "path": ["monitoring", "gpu"]}, "version": 13}
{"obj": {"type": "ConfigFloatSeries", "path": ["monitoring", "gpu_memory"], "min": 0.0, "max": 5.79547119140625, "unit": "GB"}, "version": 14}
{"obj": {"type": "ClearFloatLog", "path": ["monitoring", "gpu_memory"]}, "version": 15}
{"obj": {"type": "LogStrings", "path": ["monitoring", "stdout"], "values": [{"value": "b''", "step": null, "ts": 1652831324.1313946}]}, "version": 16}
{"obj": {"type": "LogStrings", "path": ["monitoring", "stdout"], "values": [{"value": "b'Remember to stop your run once you\\xe2\\x80\\x99ve finished logging your metadata (https://docs.neptune.ai/api-reference/run#.stop). It will be stopped automatically only when the notebook kernel/interactive console is terminated.\\n'", "step": null, "ts": 1652831324.1319683}]}, "version": 17}
{"obj": {"type": "LogFloats", "path": ["monitoring", "cpu"], "values": [{"value": 4.9, "step": null, "ts": 1652831324.1281192}]}, "version": 18}
{"obj": {"type": "LogFloats", "path": ["monitoring", "memory"], "values": [{"value": 8.483943939208984, "step": null, "ts": 1652831324.1281192}]}, "version": 19}
{"obj": {"type": "LogFloats", "path": ["monitoring", "gpu"], "values": [{"value": 19.0, "step": null, "ts": 1652831324.1281192}]}, "version": 20}
{"obj": {"type": "LogFloats", "path": ["monitoring", "gpu_memory"], "values": [{"value": 1.63970947265625, "step": null, "ts": 1652831324.1281192}]}, "version": 21}
{"obj": {"type": "AssignInt", "path": ["parameters", "batch_size_train"], "value": 16}, "version": 22}
{"obj": {"type": "AssignInt", "path": ["parameters", "batch_size_test"], "value": 1}, "version": 23}
{"obj": {"type": "AssignFloat", "path": ["parameters", "learning_rate"], "value": 1e-06}, "version": 24}
{"obj": {"type": "AssignInt", "path": ["parameters", "epochs"], "value": 2000}, "version": 25}
{"obj": {"type": "AssignString", "path": ["parameters", "optimizer"], "value": "Adam"}, "version": 26}
{"obj": {"type": "AssignString", "path": ["parameters", "network"], "value": "my_net_dropout"}, "version": 27}
{"obj": {"type": "LogStrings", "path": ["monitoring", "stdout"], "values": [{"value": "----------------------------------------------------------------", "step": null, "ts": 1652831324.2041452}]}, "version": 28}
{"obj": {"type": "LogStrings", "path": ["monitoring", "stdout"], "values": [{"value": "\n", "step": null, "ts": 1652831324.2044725}]}, "version": 29}
{"obj": {"type": "LogStrings", "path": ["monitoring", "stdout"], "values": [{"value": "        Layer (type)               Output Shape         Param #", "step": null, "ts": 1652831324.2047918}]}, "version": 30}
{"obj": {"type": "LogStrings", "path": ["monitoring", "stdout"], "values": [{"value": "\n", "step": null, "ts": 1652831324.2051096}]}, "version": 31}
{"obj": {"type": "LogStrings", "path": ["monitoring", "stdout"], "values": [{"value": "================================================================", "step": null, "ts": 1652831324.2054276}]}, "version": 32}
{"obj": {"type": "LogStrings", "path": ["monitoring", "stdout"], "values": [{"value": "\n", "step": null, "ts": 1652831324.205743}]}, "version": 33}
{"obj": {"type": "LogStrings", "path": ["monitoring", "stdout"], "values": [{"value": "            Conv2d-1         [-1, 64, 112, 112]           9,472", "step": null, "ts": 1652831324.2061338}]}, "version": 34}
{"obj": {"type": "LogStrings", "path": ["monitoring", "stdout"], "values": [{"value": "\n", "step": null, "ts": 1652831324.2064495}]}, "version": 35}
{"obj": {"type": "LogStrings", "path": ["monitoring", "stdout"], "values": [{"value": "         MaxPool2d-2           [-1, 64, 56, 56]               0", "step": null, "ts": 1652831324.2068}]}, "version": 36}
{"obj": {"type": "LogStrings", "path": ["monitoring", "stdout"], "values": [{"value": "\n", "step": null, "ts": 1652831324.2071176}]}, "version": 37}
{"obj": {"type": "LogStrings", "path": ["monitoring", "stdout"], "values": [{"value": "       BatchNorm2d-3           [-1, 64, 56, 56]             128", "step": null, "ts": 1652831324.2074723}]}, "version": 38}
{"obj": {"type": "LogStrings", "path": ["monitoring", "stdout"], "values": [{"value": "\n", "step": null, "ts": 1652831324.207785}]}, "version": 39}
{"obj": {"type": "LogStrings", "path": ["monitoring", "stdout"], "values": [{"value": "              ReLU-4           [-1, 64, 56, 56]               0", "step": null, "ts": 1652831324.2081337}]}, "version": 40}
{"obj": {"type": "LogStrings", "path": ["monitoring", "stdout"], "values": [{"value": "\n", "step": null, "ts": 1652831324.208445}]}, "version": 41}
{"obj": {"type": "LogStrings", "path": ["monitoring", "stdout"], "values": [{"value": "            Conv2d-5           [-1, 64, 56, 56]          36,928", "step": null, "ts": 1652831324.2087977}]}, "version": 42}
{"obj": {"type": "LogStrings", "path": ["monitoring", "stdout"], "values": [{"value": "\n", "step": null, "ts": 1652831324.2091112}]}, "version": 43}
{"obj": {"type": "LogStrings", "path": ["monitoring", "stdout"], "values": [{"value": "       BatchNorm2d-6           [-1, 64, 56, 56]             128", "step": null, "ts": 1652831324.2094631}]}, "version": 44}
{"obj": {"type": "LogStrings", "path": ["monitoring", "stdout"], "values": [{"value": "\n", "step": null, "ts": 1652831324.2097745}]}, "version": 45}
{"obj": {"type": "LogStrings", "path": ["monitoring", "stdout"], "values": [{"value": "            Conv2d-7           [-1, 64, 56, 56]          36,928", "step": null, "ts": 1652831324.2101343}]}, "version": 46}
{"obj": {"type": "LogStrings", "path": ["monitoring", "stdout"], "values": [{"value": "\n", "step": null, "ts": 1652831324.21045}]}, "version": 47}
{"obj": {"type": "LogStrings", "path": ["monitoring", "stdout"], "values": [{"value": "       BatchNorm2d-8           [-1, 64, 56, 56]             128", "step": null, "ts": 1652831324.2108014}]}, "version": 48}
{"obj": {"type": "LogStrings", "path": ["monitoring", "stdout"], "values": [{"value": "\n", "step": null, "ts": 1652831324.211116}]}, "version": 49}
{"obj": {"type": "LogStrings", "path": ["monitoring", "stdout"], "values": [{"value": "          ResBlock-9           [-1, 64, 56, 56]               0", "step": null, "ts": 1652831324.211466}]}, "version": 50}
{"obj": {"type": "LogStrings", "path": ["monitoring", "stdout"], "values": [{"value": "\n", "step": null, "ts": 1652831324.2117808}]}, "version": 51}
{"obj": {"type": "LogStrings", "path": ["monitoring", "stdout"], "values": [{"value": "           Conv2d-10           [-1, 64, 56, 56]          36,928", "step": null, "ts": 1652831324.2121336}]}, "version": 52}
{"obj": {"type": "LogStrings", "path": ["monitoring", "stdout"], "values": [{"value": "\n", "step": null, "ts": 1652831324.2124493}]}, "version": 53}
{"obj": {"type": "LogStrings", "path": ["monitoring", "stdout"], "values": [{"value": "      BatchNorm2d-11           [-1, 64, 56, 56]             128", "step": null, "ts": 1652831324.2128}]}, "version": 54}
{"obj": {"type": "LogStrings", "path": ["monitoring", "stdout"], "values": [{"value": "\n", "step": null, "ts": 1652831324.2131438}]}, "version": 55}
{"obj": {"type": "LogStrings", "path": ["monitoring", "stdout"], "values": [{"value": "           Conv2d-12           [-1, 64, 56, 56]          36,928", "step": null, "ts": 1652831324.2135112}]}, "version": 56}
{"obj": {"type": "LogStrings", "path": ["monitoring", "stdout"], "values": [{"value": "\n", "step": null, "ts": 1652831324.2138252}]}, "version": 57}
{"obj": {"type": "LogStrings", "path": ["monitoring", "stdout"], "values": [{"value": "      BatchNorm2d-13           [-1, 64, 56, 56]             128", "step": null, "ts": 1652831324.2141855}]}, "version": 58}
{"obj": {"type": "LogStrings", "path": ["monitoring", "stdout"], "values": [{"value": "\n", "step": null, "ts": 1652831324.2145748}]}, "version": 59}
{"obj": {"type": "LogStrings", "path": ["monitoring", "stdout"], "values": [{"value": "         ResBlock-14           [-1, 64, 56, 56]               0", "step": null, "ts": 1652831324.2149496}]}, "version": 60}
{"obj": {"type": "LogStrings", "path": ["monitoring", "stdout"], "values": [{"value": "\n", "step": null, "ts": 1652831324.2152648}]}, "version": 61}
{"obj": {"type": "LogStrings", "path": ["monitoring", "stdout"], "values": [{"value": "           Conv2d-15          [-1, 128, 28, 28]           8,320", "step": null, "ts": 1652831324.2156162}]}, "version": 62}
{"obj": {"type": "LogStrings", "path": ["monitoring", "stdout"], "values": [{"value": "\n", "step": null, "ts": 1652831324.2159317}]}, "version": 63}
{"obj": {"type": "LogStrings", "path": ["monitoring", "stdout"], "values": [{"value": "      BatchNorm2d-16          [-1, 128, 28, 28]             256", "step": null, "ts": 1652831324.2162826}]}, "version": 64}
{"obj": {"type": "LogStrings", "path": ["monitoring", "stdout"], "values": [{"value": "\n", "step": null, "ts": 1652831324.2166355}]}, "version": 65}
{"obj": {"type": "LogStrings", "path": ["monitoring", "stdout"], "values": [{"value": "           Conv2d-17          [-1, 128, 28, 28]          73,856", "step": null, "ts": 1652831324.2169929}]}, "version": 66}
{"obj": {"type": "LogStrings", "path": ["monitoring", "stdout"], "values": [{"value": "\n", "step": null, "ts": 1652831324.2173488}]}, "version": 67}
{"obj": {"type": "LogStrings", "path": ["monitoring", "stdout"], "values": [{"value": "      BatchNorm2d-18          [-1, 128, 28, 28]             256", "step": null, "ts": 1652831324.2177064}]}, "version": 68}
{"obj": {"type": "LogStrings", "path": ["monitoring", "stdout"], "values": [{"value": "\n", "step": null, "ts": 1652831324.218031}]}, "version": 69}
{"obj": {"type": "LogStrings", "path": ["monitoring", "stdout"], "values": [{"value": "           Conv2d-19          [-1, 128, 28, 28]         147,584", "step": null, "ts": 1652831324.218385}]}, "version": 70}
{"obj": {"type": "LogStrings", "path": ["monitoring", "stdout"], "values": [{"value": "\n", "step": null, "ts": 1652831324.2187}]}, "version": 71}
{"obj": {"type": "LogStrings", "path": ["monitoring", "stdout"], "values": [{"value": "      BatchNorm2d-20          [-1, 128, 28, 28]             256", "step": null, "ts": 1652831324.2190514}]}, "version": 72}
{"obj": {"type": "LogStrings", "path": ["monitoring", "stdout"], "values": [{"value": "\n", "step": null, "ts": 1652831324.219367}]}, "version": 73}
{"obj": {"type": "LogStrings", "path": ["monitoring", "stdout"], "values": [{"value": "         ResBlock-21          [-1, 128, 28, 28]               0", "step": null, "ts": 1652831324.2197185}]}, "version": 74}
{"obj": {"type": "LogStrings", "path": ["monitoring", "stdout"], "values": [{"value": "\n", "step": null, "ts": 1652831324.220088}]}, "version": 75}
{"obj": {"type": "LogStrings", "path": ["monitoring", "stdout"], "values": [{"value": "           Conv2d-22          [-1, 128, 28, 28]         147,584", "step": null, "ts": 1652831324.2206209}]}, "version": 76}
{"obj": {"type": "LogStrings", "path": ["monitoring", "stdout"], "values": [{"value": "\n", "step": null, "ts": 1652831324.2211275}]}, "version": 77}
{"obj": {"type": "LogStrings", "path": ["monitoring", "stdout"], "values": [{"value": "      BatchNorm2d-23          [-1, 128, 28, 28]             256", "step": null, "ts": 1652831324.221557}]}, "version": 78}
{"obj": {"type": "LogStrings", "path": ["monitoring", "stdout"], "values": [{"value": "\n", "step": null, "ts": 1652831324.2218416}]}, "version": 79}
{"obj": {"type": "LogStrings", "path": ["monitoring", "stdout"], "values": [{"value": "           Conv2d-24          [-1, 128, 28, 28]         147,584", "step": null, "ts": 1652831324.2222137}]}, "version": 80}
{"obj": {"type": "LogStrings", "path": ["monitoring", "stdout"], "values": [{"value": "\n", "step": null, "ts": 1652831324.2225647}]}, "version": 81}
{"obj": {"type": "LogStrings", "path": ["monitoring", "stdout"], "values": [{"value": "      BatchNorm2d-25          [-1, 128, 28, 28]             256", "step": null, "ts": 1652831324.2229958}]}, "version": 82}
{"obj": {"type": "LogStrings", "path": ["monitoring", "stdout"], "values": [{"value": "\n", "step": null, "ts": 1652831324.2232752}]}, "version": 83}
{"obj": {"type": "LogStrings", "path": ["monitoring", "stdout"], "values": [{"value": "         ResBlock-26          [-1, 128, 28, 28]               0", "step": null, "ts": 1652831324.223662}]}, "version": 84}
{"obj": {"type": "LogStrings", "path": ["monitoring", "stdout"], "values": [{"value": "\n", "step": null, "ts": 1652831324.2239375}]}, "version": 85}
{"obj": {"type": "LogStrings", "path": ["monitoring", "stdout"], "values": [{"value": "           Conv2d-27          [-1, 256, 14, 14]          33,024", "step": null, "ts": 1652831324.224394}]}, "version": 86}
{"obj": {"type": "LogStrings", "path": ["monitoring", "stdout"], "values": [{"value": "\n", "step": null, "ts": 1652831324.2246735}]}, "version": 87}
{"obj": {"type": "LogStrings", "path": ["monitoring", "stdout"], "values": [{"value": "      BatchNorm2d-28          [-1, 256, 14, 14]             512", "step": null, "ts": 1652831324.2249918}]}, "version": 88}
{"obj": {"type": "LogStrings", "path": ["monitoring", "stdout"], "values": [{"value": "\n", "step": null, "ts": 1652831324.2252712}]}, "version": 89}
{"obj": {"type": "LogStrings", "path": ["monitoring", "stdout"], "values": [{"value": "           Conv2d-29          [-1, 256, 14, 14]         295,168", "step": null, "ts": 1652831324.2255998}]}, "version": 90}
{"obj": {"type": "LogStrings", "path": ["monitoring", "stdout"], "values": [{"value": "\n", "step": null, "ts": 1652831324.2258775}]}, "version": 91}
{"obj": {"type": "LogStrings", "path": ["monitoring", "stdout"], "values": [{"value": "      BatchNorm2d-30          [-1, 256, 14, 14]             512", "step": null, "ts": 1652831324.2262676}]}, "version": 92}
{"obj": {"type": "LogStrings", "path": ["monitoring", "stdout"], "values": [{"value": "\n", "step": null, "ts": 1652831324.2265444}]}, "version": 93}
{"obj": {"type": "LogStrings", "path": ["monitoring", "stdout"], "values": [{"value": "           Conv2d-31          [-1, 256, 14, 14]         590,080", "step": null, "ts": 1652831324.2268598}]}, "version": 94}
{"obj": {"type": "LogStrings", "path": ["monitoring", "stdout"], "values": [{"value": "\n", "step": null, "ts": 1652831324.2271354}]}, "version": 95}
{"obj": {"type": "LogStrings", "path": ["monitoring", "stdout"], "values": [{"value": "      BatchNorm2d-32          [-1, 256, 14, 14]             512", "step": null, "ts": 1652831324.227448}]}, "version": 96}
{"obj": {"type": "LogStrings", "path": ["monitoring", "stdout"], "values": [{"value": "\n", "step": null, "ts": 1652831324.227725}]}, "version": 97}
{"obj": {"type": "LogStrings", "path": ["monitoring", "stdout"], "values": [{"value": "         ResBlock-33          [-1, 256, 14, 14]               0", "step": null, "ts": 1652831324.228038}]}, "version": 98}
{"obj": {"type": "LogStrings", "path": ["monitoring", "stdout"], "values": [{"value": "\n", "step": null, "ts": 1652831324.2283156}]}, "version": 99}
{"obj": {"type": "LogStrings", "path": ["monitoring", "stdout"], "values": [{"value": "           Conv2d-34          [-1, 256, 14, 14]         590,080", "step": null, "ts": 1652831324.2286558}]}, "version": 100}
{"obj": {"type": "LogStrings", "path": ["monitoring", "stdout"], "values": [{"value": "\n", "step": null, "ts": 1652831324.2289522}]}, "version": 101}
{"obj": {"type": "LogStrings", "path": ["monitoring", "stdout"], "values": [{"value": "      BatchNorm2d-35          [-1, 256, 14, 14]             512", "step": null, "ts": 1652831324.2292848}]}, "version": 102}
{"obj": {"type": "LogStrings", "path": ["monitoring", "stdout"], "values": [{"value": "\n", "step": null, "ts": 1652831324.2295864}]}, "version": 103}
{"obj": {"type": "LogStrings", "path": ["monitoring", "stdout"], "values": [{"value": "           Conv2d-36          [-1, 256, 14, 14]         590,080", "step": null, "ts": 1652831324.2299528}]}, "version": 104}
{"obj": {"type": "LogStrings", "path": ["monitoring", "stdout"], "values": [{"value": "\n", "step": null, "ts": 1652831324.2302737}]}, "version": 105}
{"obj": {"type": "LogStrings", "path": ["monitoring", "stdout"], "values": [{"value": "      BatchNorm2d-37          [-1, 256, 14, 14]             512", "step": null, "ts": 1652831324.2306137}]}, "version": 106}
{"obj": {"type": "LogStrings", "path": ["monitoring", "stdout"], "values": [{"value": "\n", "step": null, "ts": 1652831324.230922}]}, "version": 107}
{"obj": {"type": "LogStrings", "path": ["monitoring", "stdout"], "values": [{"value": "         ResBlock-38          [-1, 256, 14, 14]               0", "step": null, "ts": 1652831324.2312527}]}, "version": 108}
{"obj": {"type": "LogStrings", "path": ["monitoring", "stdout"], "values": [{"value": "\n", "step": null, "ts": 1652831324.231564}]}, "version": 109}
{"obj": {"type": "LogStrings", "path": ["monitoring", "stdout"], "values": [{"value": "           Conv2d-39            [-1, 512, 7, 7]         131,584", "step": null, "ts": 1652831324.2319317}]}, "version": 110}
{"obj": {"type": "LogStrings", "path": ["monitoring", "stdout"], "values": [{"value": "\n", "step": null, "ts": 1652831324.2322562}]}, "version": 111}
{"obj": {"type": "LogStrings", "path": ["monitoring", "stdout"], "values": [{"value": "      BatchNorm2d-40            [-1, 512, 7, 7]           1,024", "step": null, "ts": 1652831324.2326646}]}, "version": 112}
{"obj": {"type": "LogStrings", "path": ["monitoring", "stdout"], "values": [{"value": "\n", "step": null, "ts": 1652831324.232944}]}, "version": 113}
{"obj": {"type": "LogStrings", "path": ["monitoring", "stdout"], "values": [{"value": "           Conv2d-41            [-1, 512, 7, 7]       1,180,160", "step": null, "ts": 1652831324.2332582}]}, "version": 114}
{"obj": {"type": "LogStrings", "path": ["monitoring", "stdout"], "values": [{"value": "\n", "step": null, "ts": 1652831324.2335331}]}, "version": 115}
{"obj": {"type": "LogStrings", "path": ["monitoring", "stdout"], "values": [{"value": "      BatchNorm2d-42            [-1, 512, 7, 7]           1,024", "step": null, "ts": 1652831324.2338464}]}, "version": 116}
{"obj": {"type": "LogStrings", "path": ["monitoring", "stdout"], "values": [{"value": "\n", "step": null, "ts": 1652831324.2341917}]}, "version": 117}
{"obj": {"type": "LogStrings", "path": ["monitoring", "stdout"], "values": [{"value": "           Conv2d-43            [-1, 512, 7, 7]       2,359,808", "step": null, "ts": 1652831324.2345097}]}, "version": 118}
{"obj": {"type": "LogStrings", "path": ["monitoring", "stdout"], "values": [{"value": "\n", "step": null, "ts": 1652831324.2350004}]}, "version": 119}
{"obj": {"type": "LogStrings", "path": ["monitoring", "stdout"], "values": [{"value": "      BatchNorm2d-44            [-1, 512, 7, 7]           1,024", "step": null, "ts": 1652831324.2353513}]}, "version": 120}
{"obj": {"type": "LogStrings", "path": ["monitoring", "stdout"], "values": [{"value": "\n", "step": null, "ts": 1652831324.2356308}]}, "version": 121}
{"obj": {"type": "LogStrings", "path": ["monitoring", "stdout"], "values": [{"value": "         ResBlock-45            [-1, 512, 7, 7]               0", "step": null, "ts": 1652831324.2359433}]}, "version": 122}
{"obj": {"type": "LogStrings", "path": ["monitoring", "stdout"], "values": [{"value": "\n", "step": null, "ts": 1652831324.2362196}]}, "version": 123}
{"obj": {"type": "LogStrings", "path": ["monitoring", "stdout"], "values": [{"value": "           Conv2d-46            [-1, 512, 7, 7]       2,359,808", "step": null, "ts": 1652831324.2365327}]}, "version": 124}
{"obj": {"type": "LogStrings", "path": ["monitoring", "stdout"], "values": [{"value": "\n", "step": null, "ts": 1652831324.236811}]}, "version": 125}
{"obj": {"type": "LogStrings", "path": ["monitoring", "stdout"], "values": [{"value": "      BatchNorm2d-47            [-1, 512, 7, 7]           1,024", "step": null, "ts": 1652831324.2371597}]}, "version": 126}
{"obj": {"type": "LogStrings", "path": ["monitoring", "stdout"], "values": [{"value": "\n", "step": null, "ts": 1652831324.2374356}]}, "version": 127}
{"obj": {"type": "LogStrings", "path": ["monitoring", "stdout"], "values": [{"value": "           Conv2d-48            [-1, 512, 7, 7]       2,359,808", "step": null, "ts": 1652831324.2377484}]}, "version": 128}
{"obj": {"type": "LogStrings", "path": ["monitoring", "stdout"], "values": [{"value": "\n", "step": null, "ts": 1652831324.238105}]}, "version": 129}
{"obj": {"type": "LogStrings", "path": ["monitoring", "stdout"], "values": [{"value": "      BatchNorm2d-49            [-1, 512, 7, 7]           1,024", "step": null, "ts": 1652831324.2384617}]}, "version": 130}
{"obj": {"type": "LogStrings", "path": ["monitoring", "stdout"], "values": [{"value": "\n", "step": null, "ts": 1652831324.2387435}]}, "version": 131}
{"obj": {"type": "LogStrings", "path": ["monitoring", "stdout"], "values": [{"value": "         ResBlock-50            [-1, 512, 7, 7]               0", "step": null, "ts": 1652831324.2391672}]}, "version": 132}
{"obj": {"type": "LogStrings", "path": ["monitoring", "stdout"], "values": [{"value": "\n", "step": null, "ts": 1652831324.2394438}]}, "version": 133}
{"obj": {"type": "LogStrings", "path": ["monitoring", "stdout"], "values": [{"value": "AdaptiveAvgPool2d-51            [-1, 512, 1, 1]               0", "step": null, "ts": 1652831324.239757}]}, "version": 134}
{"obj": {"type": "LogStrings", "path": ["monitoring", "stdout"], "values": [{"value": "\n", "step": null, "ts": 1652831324.2400339}]}, "version": 135}
{"obj": {"type": "LogStrings", "path": ["monitoring", "stdout"], "values": [{"value": "           Linear-52                    [-1, 8]           4,104", "step": null, "ts": 1652831324.2403488}]}, "version": 136}
{"obj": {"type": "LogStrings", "path": ["monitoring", "stdout"], "values": [{"value": "\n", "step": null, "ts": 1652831324.240628}]}, "version": 137}
{"obj": {"type": "LogStrings", "path": ["monitoring", "stdout"], "values": [{"value": "================================================================", "step": null, "ts": 1652831324.2410095}]}, "version": 138}
{"obj": {"type": "LogStrings", "path": ["monitoring", "stdout"], "values": [{"value": "\n", "step": null, "ts": 1652831324.241308}]}, "version": 139}
{"obj": {"type": "LogStrings", "path": ["monitoring", "stdout"], "values": [{"value": "Total params: 11,185,416", "step": null, "ts": 1652831324.2415924}]}, "version": 140}
{"obj": {"type": "LogStrings", "path": ["monitoring", "stdout"], "values": [{"value": "\n", "step": null, "ts": 1652831324.241868}]}, "version": 141}
{"obj": {"type": "LogStrings", "path": ["monitoring", "stdout"], "values": [{"value": "Trainable params: 11,185,416", "step": null, "ts": 1652831324.2421901}]}, "version": 142}
{"obj": {"type": "LogStrings", "path": ["monitoring", "stdout"], "values": [{"value": "\n", "step": null, "ts": 1652831324.2424693}]}, "version": 143}
{"obj": {"type": "LogStrings", "path": ["monitoring", "stdout"], "values": [{"value": "Non-trainable params: 0", "step": null, "ts": 1652831324.2427733}]}, "version": 144}
{"obj": {"type": "LogStrings", "path": ["monitoring", "stdout"], "values": [{"value": "\n", "step": null, "ts": 1652831324.2430716}]}, "version": 145}
{"obj": {"type": "LogStrings", "path": ["monitoring", "stdout"], "values": [{"value": "----------------------------------------------------------------", "step": null, "ts": 1652831324.2433493}]}, "version": 146}
{"obj": {"type": "LogStrings", "path": ["monitoring", "stdout"], "values": [{"value": "\n", "step": null, "ts": 1652831324.243625}]}, "version": 147}
{"obj": {"type": "LogStrings", "path": ["monitoring", "stdout"], "values": [{"value": "Input size (MB): 0.57", "step": null, "ts": 1652831324.243903}]}, "version": 148}
{"obj": {"type": "LogStrings", "path": ["monitoring", "stdout"], "values": [{"value": "\n", "step": null, "ts": 1652831324.2441983}]}, "version": 149}
{"obj": {"type": "LogStrings", "path": ["monitoring", "stdout"], "values": [{"value": "Forward/backward pass size (MB): 42.11", "step": null, "ts": 1652831324.2444932}]}, "version": 150}
{"obj": {"type": "LogStrings", "path": ["monitoring", "stdout"], "values": [{"value": "\n", "step": null, "ts": 1652831324.2447736}]}, "version": 151}
{"obj": {"type": "LogStrings", "path": ["monitoring", "stdout"], "values": [{"value": "Params size (MB): 42.67", "step": null, "ts": 1652831324.2450783}]}, "version": 152}
{"obj": {"type": "LogStrings", "path": ["monitoring", "stdout"], "values": [{"value": "\n", "step": null, "ts": 1652831324.2453547}]}, "version": 153}
{"obj": {"type": "LogStrings", "path": ["monitoring", "stdout"], "values": [{"value": "Estimated Total Size (MB): 85.36", "step": null, "ts": 1652831324.2456408}]}, "version": 154}
{"obj": {"type": "LogStrings", "path": ["monitoring", "stdout"], "values": [{"value": "\n", "step": null, "ts": 1652831324.24596}]}, "version": 155}
{"obj": {"type": "LogStrings", "path": ["monitoring", "stdout"], "values": [{"value": "----------------------------------------------------------------", "step": null, "ts": 1652831324.2462618}]}, "version": 156}
{"obj": {"type": "LogStrings", "path": ["monitoring", "stdout"], "values": [{"value": "\n", "step": null, "ts": 1652831324.24654}]}, "version": 157}
{"obj": {"type": "LogStrings", "path": ["monitoring", "stdout"], "values": [{"value": "cuda", "step": null, "ts": 1652831324.2469215}]}, "version": 158}
{"obj": {"type": "LogStrings", "path": ["monitoring", "stdout"], "values": [{"value": "\n", "step": null, "ts": 1652831324.2472298}]}, "version": 159}
{"obj": {"type": "LogFloats", "path": ["monitoring", "cpu"], "values": [{"value": 42.2, "step": null, "ts": 1652831334.1331267}]}, "version": 160}
{"obj": {"type": "LogFloats", "path": ["monitoring", "memory"], "values": [{"value": 8.490158081054688, "step": null, "ts": 1652831334.1331267}]}, "version": 161}
{"obj": {"type": "LogFloats", "path": ["monitoring", "gpu"], "values": [{"value": 32.0, "step": null, "ts": 1652831334.1331267}]}, "version": 162}
{"obj": {"type": "LogFloats", "path": ["monitoring", "gpu_memory"], "values": [{"value": 2.04010009765625, "step": null, "ts": 1652831334.1331267}]}, "version": 163}
{"obj": {"type": "LogStrings", "path": ["monitoring", "stdout"], "values": [{"value": "Epoch 0 - Training loss: 641.7812876383464", "step": null, "ts": 1652831335.0534234}]}, "version": 164}
{"obj": {"type": "LogStrings", "path": ["monitoring", "stdout"], "values": [{"value": "\n", "step": null, "ts": 1652831335.0537505}]}, "version": 165}
{"obj": {"type": "LogFloats", "path": ["train_loss_epoch"], "values": [{"value": 641.7812876383464, "step": null, "ts": 1652831335.0538113}]}, "version": 166}
{"obj": {"type": "LogStrings", "path": ["monitoring", "stdout"], "values": [{"value": "TEST LOSS:", "step": null, "ts": 1652831335.6833618}]}, "version": 167}
{"obj": {"type": "LogStrings", "path": ["monitoring", "stdout"], "values": [{"value": "\n", "step": null, "ts": 1652831335.6837442}]}, "version": 168}
{"obj": {"type": "LogStrings", "path": ["monitoring", "stdout"], "values": [{"value": "1412.9051232910156", "step": null, "ts": 1652831335.6840775}]}, "version": 169}
{"obj": {"type": "LogStrings", "path": ["monitoring", "stdout"], "values": [{"value": "\n", "step": null, "ts": 1652831335.6844451}]}, "version": 170}
{"obj": {"type": "LogFloats", "path": ["test_loss_10epochs"], "values": [{"value": 1412.9051232910156, "step": null, "ts": 1652831335.6845057}]}, "version": 171}
{"obj": {"type": "LogStrings", "path": ["monitoring", "stdout"], "values": [{"value": "Pixel Acurracy:", "step": null, "ts": 1652831335.6848364}]}, "version": 172}
{"obj": {"type": "LogStrings", "path": ["monitoring", "stdout"], "values": [{"value": "\n", "step": null, "ts": 1652831335.68515}]}, "version": 173}
{"obj": {"type": "LogStrings", "path": ["monitoring", "stdout"], "values": [{"value": "1329.34078125", "step": null, "ts": 1652831335.6892667}]}, "version": 174}
{"obj": {"type": "LogStrings", "path": ["monitoring", "stdout"], "values": [{"value": "\n", "step": null, "ts": 1652831335.689562}]}, "version": 175}
{"obj": {"type": "LogFloats", "path": ["acc_test_10epochs"], "values": [{"value": 1329.34078125, "step": null, "ts": 1652831335.6896143}]}, "version": 176}
{"obj": {"type": "LogFloats", "path": ["monitoring", "cpu"], "values": [{"value": 44.3, "step": null, "ts": 1652831344.1349363}]}, "version": 177}
{"obj": {"type": "LogFloats", "path": ["monitoring", "memory"], "values": [{"value": 9.630863189697266, "step": null, "ts": 1652831344.1349363}]}, "version": 178}
{"obj": {"type": "LogFloats", "path": ["monitoring", "gpu"], "values": [{"value": 32.0, "step": null, "ts": 1652831344.1349363}]}, "version": 179}
{"obj": {"type": "LogFloats", "path": ["monitoring", "gpu_memory"], "values": [{"value": 2.88970947265625, "step": null, "ts": 1652831344.1349363}]}, "version": 180}
{"obj": {"type": "LogStrings", "path": ["monitoring", "stdout"], "values": [{"value": "Epoch 1 - Training loss: 641.4233317057292", "step": null, "ts": 1652831346.9642727}]}, "version": 181}
{"obj": {"type": "LogStrings", "path": ["monitoring", "stdout"], "values": [{"value": "\n", "step": null, "ts": 1652831346.9647586}]}, "version": 182}
{"obj": {"type": "LogFloats", "path": ["train_loss_epoch"], "values": [{"value": 641.4233317057292, "step": null, "ts": 1652831346.9648328}]}, "version": 183}
{"obj": {"type": "LogFloats", "path": ["monitoring", "cpu"], "values": [{"value": 40.4, "step": null, "ts": 1652831354.1364121}]}, "version": 184}
{"obj": {"type": "LogFloats", "path": ["monitoring", "memory"], "values": [{"value": 9.613380432128906, "step": null, "ts": 1652831354.1364121}]}, "version": 185}
{"obj": {"type": "LogFloats", "path": ["monitoring", "gpu"], "values": [{"value": 32.0, "step": null, "ts": 1652831354.1364121}]}, "version": 186}
{"obj": {"type": "LogFloats", "path": ["monitoring", "gpu_memory"], "values": [{"value": 2.88970947265625, "step": null, "ts": 1652831354.1364121}]}, "version": 187}
{"obj": {"type": "LogStrings", "path": ["monitoring", "stdout"], "values": [{"value": "Epoch 2 - Training loss: 641.3142059326171", "step": null, "ts": 1652831359.2376227}]}, "version": 188}
{"obj": {"type": "LogStrings", "path": ["monitoring", "stdout"], "values": [{"value": "\n", "step": null, "ts": 1652831359.2381153}]}, "version": 189}
{"obj": {"type": "LogFloats", "path": ["train_loss_epoch"], "values": [{"value": 641.3142059326171, "step": null, "ts": 1652831359.2381873}]}, "version": 190}
{"obj": {"type": "LogFloats", "path": ["monitoring", "cpu"], "values": [{"value": 40.9, "step": null, "ts": 1652831364.1444366}]}, "version": 191}
{"obj": {"type": "LogFloats", "path": ["monitoring", "memory"], "values": [{"value": 9.606880187988281, "step": null, "ts": 1652831364.1444366}]}, "version": 192}
{"obj": {"type": "LogFloats", "path": ["monitoring", "gpu"], "values": [{"value": 33.0, "step": null, "ts": 1652831364.1444366}]}, "version": 193}
{"obj": {"type": "LogFloats", "path": ["monitoring", "gpu_memory"], "values": [{"value": 2.88970947265625, "step": null, "ts": 1652831364.1444366}]}, "version": 194}
{"obj": {"type": "LogStrings", "path": ["monitoring", "stdout"], "values": [{"value": "Epoch 3 - Training loss: 641.548573811849", "step": null, "ts": 1652831371.5594945}]}, "version": 195}
{"obj": {"type": "LogStrings", "path": ["monitoring", "stdout"], "values": [{"value": "\n", "step": null, "ts": 1652831371.5599797}]}, "version": 196}
{"obj": {"type": "LogFloats", "path": ["train_loss_epoch"], "values": [{"value": 641.548573811849, "step": null, "ts": 1652831371.5600507}]}, "version": 197}
{"obj": {"type": "LogFloats", "path": ["monitoring", "cpu"], "values": [{"value": 42.9, "step": null, "ts": 1652831374.1458852}]}, "version": 198}
{"obj": {"type": "LogFloats", "path": ["monitoring", "memory"], "values": [{"value": 9.628498077392578, "step": null, "ts": 1652831374.1458852}]}, "version": 199}
{"obj": {"type": "LogFloats", "path": ["monitoring", "gpu"], "values": [{"value": 31.0, "step": null, "ts": 1652831374.1458852}]}, "version": 200}
{"obj": {"type": "LogFloats", "path": ["monitoring", "gpu_memory"], "values": [{"value": 2.88970947265625, "step": null, "ts": 1652831374.1458852}]}, "version": 201}
{"obj": {"type": "LogFloats", "path": ["monitoring", "cpu"], "values": [{"value": 43.1, "step": null, "ts": 1652831384.147498}]}, "version": 202}
{"obj": {"type": "LogFloats", "path": ["monitoring", "memory"], "values": [{"value": 9.62967300415039, "step": null, "ts": 1652831384.147498}]}, "version": 203}
{"obj": {"type": "LogFloats", "path": ["monitoring", "gpu"], "values": [{"value": 35.0, "step": null, "ts": 1652831384.147498}]}, "version": 204}
{"obj": {"type": "LogFloats", "path": ["monitoring", "gpu_memory"], "values": [{"value": 2.88970947265625, "step": null, "ts": 1652831384.147498}]}, "version": 205}
{"obj": {"type": "LogStrings", "path": ["monitoring", "stdout"], "values": [{"value": "Epoch 4 - Training loss: 641.8921193440755", "step": null, "ts": 1652831384.3249946}]}, "version": 206}
{"obj": {"type": "LogStrings", "path": ["monitoring", "stdout"], "values": [{"value": "\n", "step": null, "ts": 1652831384.3254259}]}, "version": 207}
{"obj": {"type": "LogFloats", "path": ["train_loss_epoch"], "values": [{"value": 641.8921193440755, "step": null, "ts": 1652831384.325494}]}, "version": 208}
{"obj": {"type": "LogFloats", "path": ["monitoring", "cpu"], "values": [{"value": 51.1, "step": null, "ts": 1652831394.1490574}]}, "version": 209}
{"obj": {"type": "LogFloats", "path": ["monitoring", "memory"], "values": [{"value": 9.833423614501953, "step": null, "ts": 1652831394.1490574}]}, "version": 210}
{"obj": {"type": "LogFloats", "path": ["monitoring", "gpu"], "values": [{"value": 30.0, "step": null, "ts": 1652831394.1490574}]}, "version": 211}
{"obj": {"type": "LogFloats", "path": ["monitoring", "gpu_memory"], "values": [{"value": 2.88970947265625, "step": null, "ts": 1652831394.1490574}]}, "version": 212}
{"obj": {"type": "LogStrings", "path": ["monitoring", "stdout"], "values": [{"value": "Epoch 5 - Training loss: 641.5048451741536", "step": null, "ts": 1652831398.6157598}]}, "version": 213}
{"obj": {"type": "LogStrings", "path": ["monitoring", "stdout"], "values": [{"value": "\n", "step": null, "ts": 1652831398.616425}]}, "version": 214}
{"obj": {"type": "LogFloats", "path": ["train_loss_epoch"], "values": [{"value": 641.5048451741536, "step": null, "ts": 1652831398.6164892}]}, "version": 215}
{"obj": {"type": "LogStrings", "path": ["monitoring", "stdout"], "values": [{"value": "b'Shutting down background jobs, please wait a moment...\\n'", "step": null, "ts": 1652831401.1347167}]}, "version": 216}
