{"obj": {"type": "AssignString", "path": ["sys", "name"], "value": "tcc_test"}, "version": 1}
{"obj": {"type": "AssignString", "path": ["sys", "description"], "value": ""}, "version": 2}
{"obj": {"type": "AssignString", "path": ["sys", "hostname"], "value": "voxar-HP-ZBook-Fury-17-G7-Mobile-Workstation"}, "version": 3}
{"obj": {"type": "AddStrings", "path": ["sys", "tags"], "values": ["tcc", "alexnet"]}, "version": 4}
{"obj": {"type": "AssignBool", "path": ["sys", "failed"], "value": false}, "version": 5}
{"obj": {"type": "ClearStringLog", "path": ["monitoring", "stdout"]}, "version": 6}
{"obj": {"type": "ClearStringLog", "path": ["monitoring", "stderr"]}, "version": 7}
{"obj": {"type": "AssignString", "path": ["source_code", "entrypoint"], "value": "alexnet.py"}, "version": 8}
{"obj": {"type": "UploadFileSet", "path": ["source_code", "files"], "file_globs": ["/home/voxar/TCC/alexnet.py"], "reset": "False"}, "version": 9}
{"obj": {"type": "ConfigFloatSeries", "path": ["monitoring", "cpu"], "min": 0.0, "max": 100.0, "unit": "%"}, "version": 10}
{"obj": {"type": "ClearFloatLog", "path": ["monitoring", "cpu"]}, "version": 11}
{"obj": {"type": "ConfigFloatSeries", "path": ["monitoring", "memory"], "min": 0.0, "max": 31.132720947265625, "unit": "GB"}, "version": 12}
{"obj": {"type": "ClearFloatLog", "path": ["monitoring", "memory"]}, "version": 13}
{"obj": {"type": "ConfigFloatSeries", "path": ["monitoring", "gpu"], "min": 0.0, "max": 100.0, "unit": "%"}, "version": 14}
{"obj": {"type": "ClearFloatLog", "path": ["monitoring", "gpu"]}, "version": 15}
{"obj": {"type": "ConfigFloatSeries", "path": ["monitoring", "gpu_memory"], "min": 0.0, "max": 5.79547119140625, "unit": "GB"}, "version": 16}
{"obj": {"type": "ClearFloatLog", "path": ["monitoring", "gpu_memory"]}, "version": 17}
{"obj": {"type": "AssignInt", "path": ["parameters", "batch_size_train"], "value": 8}, "version": 18}
{"obj": {"type": "AssignInt", "path": ["parameters", "batch_size_test"], "value": 50}, "version": 19}
{"obj": {"type": "AssignFloat", "path": ["parameters", "learning_rate"], "value": 1e-07}, "version": 20}
{"obj": {"type": "AssignString", "path": ["parameters", "optimizer"], "value": "Adam"}, "version": 21}
{"obj": {"type": "LogFloats", "path": ["monitoring", "cpu"], "values": [{"value": 47.9, "step": null, "ts": 1651772821.1660073}]}, "version": 22}
{"obj": {"type": "LogFloats", "path": ["monitoring", "memory"], "values": [{"value": 10.82513427734375, "step": null, "ts": 1651772821.1660073}]}, "version": 23}
{"obj": {"type": "LogFloats", "path": ["monitoring", "gpu"], "values": [{"value": 49.0, "step": null, "ts": 1651772821.1660073}]}, "version": 24}
{"obj": {"type": "LogFloats", "path": ["monitoring", "gpu_memory"], "values": [{"value": 2.69268798828125, "step": null, "ts": 1651772821.1660073}]}, "version": 25}
{"obj": {"type": "LogStrings", "path": ["monitoring", "stdout"], "values": [{"value": "cuda", "step": null, "ts": 1651772825.0821712}]}, "version": 26}
{"obj": {"type": "LogStrings", "path": ["monitoring", "stdout"], "values": [{"value": "\n", "step": null, "ts": 1651772825.0823338}]}, "version": 27}
{"obj": {"type": "LogFloats", "path": ["monitoring", "cpu"], "values": [{"value": 62.8, "step": null, "ts": 1651772831.17239}]}, "version": 28}
{"obj": {"type": "LogFloats", "path": ["monitoring", "memory"], "values": [{"value": 13.057003021240234, "step": null, "ts": 1651772831.17239}]}, "version": 29}
{"obj": {"type": "LogFloats", "path": ["monitoring", "gpu"], "values": [{"value": 56.0, "step": null, "ts": 1651772831.17239}]}, "version": 30}
{"obj": {"type": "LogFloats", "path": ["monitoring", "gpu_memory"], "values": [{"value": 4.90850830078125, "step": null, "ts": 1651772831.17239}]}, "version": 31}
{"obj": {"type": "LogFloats", "path": ["monitoring", "cpu"], "values": [{"value": 74.7, "step": null, "ts": 1651772841.1745114}]}, "version": 32}
{"obj": {"type": "LogFloats", "path": ["monitoring", "memory"], "values": [{"value": 13.110748291015625, "step": null, "ts": 1651772841.1745114}]}, "version": 33}
{"obj": {"type": "LogFloats", "path": ["monitoring", "gpu"], "values": [{"value": 51.0, "step": null, "ts": 1651772841.1745114}]}, "version": 34}
{"obj": {"type": "LogFloats", "path": ["monitoring", "gpu_memory"], "values": [{"value": 4.90850830078125, "step": null, "ts": 1651772841.1745114}]}, "version": 35}
{"obj": {"type": "LogStrings", "path": ["monitoring", "stdout"], "values": [{"value": "Epoch 0 - Training loss: 0.5449612501288662", "step": null, "ts": 1651772844.774516}]}, "version": 36}
{"obj": {"type": "LogStrings", "path": ["monitoring", "stdout"], "values": [{"value": "\n", "step": null, "ts": 1651772844.7747562}]}, "version": 37}
{"obj": {"type": "LogFloats", "path": ["metrics", "train_loss"], "values": [{"value": 0.5449612501288662, "step": null, "ts": 1651772844.7749383}]}, "version": 38}
{"obj": {"type": "LogFloats", "path": ["monitoring", "cpu"], "values": [{"value": 77.8, "step": null, "ts": 1651772851.1761425}]}, "version": 39}
{"obj": {"type": "LogFloats", "path": ["monitoring", "memory"], "values": [{"value": 13.286041259765625, "step": null, "ts": 1651772851.1761425}]}, "version": 40}
{"obj": {"type": "LogFloats", "path": ["monitoring", "gpu"], "values": [{"value": 53.0, "step": null, "ts": 1651772851.1761425}]}, "version": 41}
{"obj": {"type": "LogFloats", "path": ["monitoring", "gpu_memory"], "values": [{"value": 4.91241455078125, "step": null, "ts": 1651772851.1761425}]}, "version": 42}
{"obj": {"type": "LogFloats", "path": ["monitoring", "cpu"], "values": [{"value": 72.1, "step": null, "ts": 1651772861.1782384}]}, "version": 43}
{"obj": {"type": "LogFloats", "path": ["monitoring", "memory"], "values": [{"value": 13.157024383544922, "step": null, "ts": 1651772861.1782384}]}, "version": 44}
{"obj": {"type": "LogFloats", "path": ["monitoring", "gpu"], "values": [{"value": 52.0, "step": null, "ts": 1651772861.1782384}]}, "version": 45}
{"obj": {"type": "LogFloats", "path": ["monitoring", "gpu_memory"], "values": [{"value": 4.91241455078125, "step": null, "ts": 1651772861.1782384}]}, "version": 46}
{"obj": {"type": "LogStrings", "path": ["monitoring", "stdout"], "values": [{"value": "Epoch 1 - Training loss: 0.42628681083687214", "step": null, "ts": 1651772863.8127415}]}, "version": 47}
{"obj": {"type": "LogStrings", "path": ["monitoring", "stdout"], "values": [{"value": "\n", "step": null, "ts": 1651772863.8129826}]}, "version": 48}
{"obj": {"type": "LogFloats", "path": ["metrics", "train_loss"], "values": [{"value": 0.42628681083687214, "step": null, "ts": 1651772863.8131466}]}, "version": 49}
{"obj": {"type": "LogFloats", "path": ["monitoring", "cpu"], "values": [{"value": 70.7, "step": null, "ts": 1651772871.1800044}]}, "version": 50}
{"obj": {"type": "LogFloats", "path": ["monitoring", "memory"], "values": [{"value": 13.089046478271484, "step": null, "ts": 1651772871.1800044}]}, "version": 51}
{"obj": {"type": "LogFloats", "path": ["monitoring", "gpu"], "values": [{"value": 53.0, "step": null, "ts": 1651772871.1800044}]}, "version": 52}
{"obj": {"type": "LogFloats", "path": ["monitoring", "gpu_memory"], "values": [{"value": 4.91241455078125, "step": null, "ts": 1651772871.1800044}]}, "version": 53}
{"obj": {"type": "LogFloats", "path": ["monitoring", "cpu"], "values": [{"value": 69.8, "step": null, "ts": 1651772881.1825464}]}, "version": 54}
{"obj": {"type": "LogFloats", "path": ["monitoring", "memory"], "values": [{"value": 13.202823638916016, "step": null, "ts": 1651772881.1825464}]}, "version": 55}
{"obj": {"type": "LogFloats", "path": ["monitoring", "gpu"], "values": [{"value": 57.0, "step": null, "ts": 1651772881.1825464}]}, "version": 56}
{"obj": {"type": "LogFloats", "path": ["monitoring", "gpu_memory"], "values": [{"value": 4.91241455078125, "step": null, "ts": 1651772881.1825464}]}, "version": 57}
{"obj": {"type": "LogStrings", "path": ["monitoring", "stdout"], "values": [{"value": "Epoch 2 - Training loss: 0.3835246077104777", "step": null, "ts": 1651772882.2885933}]}, "version": 58}
{"obj": {"type": "LogStrings", "path": ["monitoring", "stdout"], "values": [{"value": "\n", "step": null, "ts": 1651772882.2888262}]}, "version": 59}
{"obj": {"type": "LogFloats", "path": ["metrics", "train_loss"], "values": [{"value": 0.3835246077104777, "step": null, "ts": 1651772882.2889743}]}, "version": 60}
{"obj": {"type": "LogFloats", "path": ["monitoring", "cpu"], "values": [{"value": 72.8, "step": null, "ts": 1651772891.18531}]}, "version": 61}
{"obj": {"type": "LogFloats", "path": ["monitoring", "memory"], "values": [{"value": 13.09970474243164, "step": null, "ts": 1651772891.18531}]}, "version": 62}
{"obj": {"type": "LogFloats", "path": ["monitoring", "gpu"], "values": [{"value": 56.0, "step": null, "ts": 1651772891.18531}]}, "version": 63}
{"obj": {"type": "LogFloats", "path": ["monitoring", "gpu_memory"], "values": [{"value": 4.91241455078125, "step": null, "ts": 1651772891.18531}]}, "version": 64}
{"obj": {"type": "LogFloats", "path": ["monitoring", "cpu"], "values": [{"value": 75.6, "step": null, "ts": 1651772901.1872916}]}, "version": 65}
{"obj": {"type": "LogFloats", "path": ["monitoring", "memory"], "values": [{"value": 13.038978576660156, "step": null, "ts": 1651772901.1872916}]}, "version": 66}
{"obj": {"type": "LogFloats", "path": ["monitoring", "gpu"], "values": [{"value": 57.0, "step": null, "ts": 1651772901.1872916}]}, "version": 67}
{"obj": {"type": "LogFloats", "path": ["monitoring", "gpu_memory"], "values": [{"value": 4.91241455078125, "step": null, "ts": 1651772901.1872916}]}, "version": 68}
{"obj": {"type": "LogStrings", "path": ["monitoring", "stdout"], "values": [{"value": "Epoch 3 - Training loss: 0.3552860875590509", "step": null, "ts": 1651772901.645778}]}, "version": 69}
{"obj": {"type": "LogStrings", "path": ["monitoring", "stdout"], "values": [{"value": "\n", "step": null, "ts": 1651772901.6459858}]}, "version": 70}
{"obj": {"type": "LogFloats", "path": ["metrics", "train_loss"], "values": [{"value": 0.3552860875590509, "step": null, "ts": 1651772901.6461086}]}, "version": 71}
{"obj": {"type": "LogFloats", "path": ["monitoring", "cpu"], "values": [{"value": 71.3, "step": null, "ts": 1651772911.188802}]}, "version": 72}
{"obj": {"type": "LogFloats", "path": ["monitoring", "memory"], "values": [{"value": 13.052864074707031, "step": null, "ts": 1651772911.188802}]}, "version": 73}
{"obj": {"type": "LogFloats", "path": ["monitoring", "gpu"], "values": [{"value": 59.0, "step": null, "ts": 1651772911.188802}]}, "version": 74}
{"obj": {"type": "LogFloats", "path": ["monitoring", "gpu_memory"], "values": [{"value": 4.91241455078125, "step": null, "ts": 1651772911.188802}]}, "version": 75}
{"obj": {"type": "LogStrings", "path": ["monitoring", "stdout"], "values": [{"value": "Epoch 4 - Training loss: 0.3325814967896758", "step": null, "ts": 1651772920.21495}]}, "version": 76}
{"obj": {"type": "LogStrings", "path": ["monitoring", "stdout"], "values": [{"value": "\n", "step": null, "ts": 1651772920.2152474}]}, "version": 77}
{"obj": {"type": "LogFloats", "path": ["metrics", "train_loss"], "values": [{"value": 0.3325814967896758, "step": null, "ts": 1651772920.215429}]}, "version": 78}
{"obj": {"type": "LogFloats", "path": ["monitoring", "cpu"], "values": [{"value": 69.6, "step": null, "ts": 1651772921.1912525}]}, "version": 79}
{"obj": {"type": "LogFloats", "path": ["monitoring", "memory"], "values": [{"value": 13.019123077392578, "step": null, "ts": 1651772921.1912525}]}, "version": 80}
{"obj": {"type": "LogFloats", "path": ["monitoring", "gpu"], "values": [{"value": 50.0, "step": null, "ts": 1651772921.1912525}]}, "version": 81}
{"obj": {"type": "LogFloats", "path": ["monitoring", "gpu_memory"], "values": [{"value": 4.91241455078125, "step": null, "ts": 1651772921.1912525}]}, "version": 82}
{"obj": {"type": "LogFloats", "path": ["monitoring", "cpu"], "values": [{"value": 67.9, "step": null, "ts": 1651772931.1928673}]}, "version": 83}
{"obj": {"type": "LogFloats", "path": ["monitoring", "memory"], "values": [{"value": 13.162677764892578, "step": null, "ts": 1651772931.1928673}]}, "version": 84}
{"obj": {"type": "LogFloats", "path": ["monitoring", "gpu"], "values": [{"value": 56.0, "step": null, "ts": 1651772931.1928673}]}, "version": 85}
{"obj": {"type": "LogFloats", "path": ["monitoring", "gpu_memory"], "values": [{"value": 4.91241455078125, "step": null, "ts": 1651772931.1928673}]}, "version": 86}
{"obj": {"type": "LogStrings", "path": ["monitoring", "stdout"], "values": [{"value": "Epoch 5 - Training loss: 0.31473905411588043", "step": null, "ts": 1651772938.1146302}]}, "version": 87}
{"obj": {"type": "LogStrings", "path": ["monitoring", "stdout"], "values": [{"value": "\n", "step": null, "ts": 1651772938.114782}]}, "version": 88}
{"obj": {"type": "LogFloats", "path": ["metrics", "train_loss"], "values": [{"value": 0.31473905411588043, "step": null, "ts": 1651772938.1148753}]}, "version": 89}
{"obj": {"type": "LogFloats", "path": ["monitoring", "cpu"], "values": [{"value": 66.1, "step": null, "ts": 1651772941.1946301}]}, "version": 90}
{"obj": {"type": "LogFloats", "path": ["monitoring", "memory"], "values": [{"value": 13.02077865600586, "step": null, "ts": 1651772941.1946301}]}, "version": 91}
{"obj": {"type": "LogFloats", "path": ["monitoring", "gpu"], "values": [{"value": 61.0, "step": null, "ts": 1651772941.1946301}]}, "version": 92}
{"obj": {"type": "LogFloats", "path": ["monitoring", "gpu_memory"], "values": [{"value": 4.91241455078125, "step": null, "ts": 1651772941.1946301}]}, "version": 93}
{"obj": {"type": "LogFloats", "path": ["monitoring", "cpu"], "values": [{"value": 68.6, "step": null, "ts": 1651772951.196157}]}, "version": 94}
{"obj": {"type": "LogFloats", "path": ["monitoring", "memory"], "values": [{"value": 13.008968353271484, "step": null, "ts": 1651772951.196157}]}, "version": 95}
{"obj": {"type": "LogFloats", "path": ["monitoring", "gpu"], "values": [{"value": 54.0, "step": null, "ts": 1651772951.196157}]}, "version": 96}
{"obj": {"type": "LogFloats", "path": ["monitoring", "gpu_memory"], "values": [{"value": 4.91241455078125, "step": null, "ts": 1651772951.196157}]}, "version": 97}
{"obj": {"type": "LogStrings", "path": ["monitoring", "stdout"], "values": [{"value": "Epoch 6 - Training loss: 0.2925057695442889", "step": null, "ts": 1651772956.1147678}]}, "version": 98}
{"obj": {"type": "LogStrings", "path": ["monitoring", "stdout"], "values": [{"value": "\n", "step": null, "ts": 1651772956.1150706}]}, "version": 99}
{"obj": {"type": "LogFloats", "path": ["metrics", "train_loss"], "values": [{"value": 0.2925057695442889, "step": null, "ts": 1651772956.1152706}]}, "version": 100}
{"obj": {"type": "LogFloats", "path": ["monitoring", "cpu"], "values": [{"value": 71.9, "step": null, "ts": 1651772961.1980555}]}, "version": 101}
{"obj": {"type": "LogFloats", "path": ["monitoring", "memory"], "values": [{"value": 12.925224304199219, "step": null, "ts": 1651772961.1980555}]}, "version": 102}
{"obj": {"type": "LogFloats", "path": ["monitoring", "gpu"], "values": [{"value": 55.0, "step": null, "ts": 1651772961.1980555}]}, "version": 103}
{"obj": {"type": "LogFloats", "path": ["monitoring", "gpu_memory"], "values": [{"value": 4.91241455078125, "step": null, "ts": 1651772961.1980555}]}, "version": 104}
{"obj": {"type": "LogFloats", "path": ["monitoring", "cpu"], "values": [{"value": 71.8, "step": null, "ts": 1651772971.200223}]}, "version": 105}
{"obj": {"type": "LogFloats", "path": ["monitoring", "memory"], "values": [{"value": 12.987239837646484, "step": null, "ts": 1651772971.200223}]}, "version": 106}
{"obj": {"type": "LogFloats", "path": ["monitoring", "gpu"], "values": [{"value": 60.0, "step": null, "ts": 1651772971.200223}]}, "version": 107}
{"obj": {"type": "LogFloats", "path": ["monitoring", "gpu_memory"], "values": [{"value": 4.91241455078125, "step": null, "ts": 1651772971.200223}]}, "version": 108}
{"obj": {"type": "LogStrings", "path": ["monitoring", "stdout"], "values": [{"value": "Epoch 7 - Training loss: 0.2781538115579541", "step": null, "ts": 1651772975.599909}]}, "version": 109}
{"obj": {"type": "LogStrings", "path": ["monitoring", "stdout"], "values": [{"value": "\n", "step": null, "ts": 1651772975.6000962}]}, "version": 110}
{"obj": {"type": "LogFloats", "path": ["metrics", "train_loss"], "values": [{"value": 0.2781538115579541, "step": null, "ts": 1651772975.600202}]}, "version": 111}
{"obj": {"type": "LogFloats", "path": ["monitoring", "cpu"], "values": [{"value": 72.4, "step": null, "ts": 1651772981.20218}]}, "version": 112}
{"obj": {"type": "LogFloats", "path": ["monitoring", "memory"], "values": [{"value": 13.00490951538086, "step": null, "ts": 1651772981.20218}]}, "version": 113}
{"obj": {"type": "LogFloats", "path": ["monitoring", "gpu"], "values": [{"value": 50.0, "step": null, "ts": 1651772981.20218}]}, "version": 114}
{"obj": {"type": "LogFloats", "path": ["monitoring", "gpu_memory"], "values": [{"value": 4.91241455078125, "step": null, "ts": 1651772981.20218}]}, "version": 115}
{"obj": {"type": "LogFloats", "path": ["monitoring", "cpu"], "values": [{"value": 71.4, "step": null, "ts": 1651772991.2043266}]}, "version": 116}
{"obj": {"type": "LogFloats", "path": ["monitoring", "memory"], "values": [{"value": 12.918968200683594, "step": null, "ts": 1651772991.2043266}]}, "version": 117}
{"obj": {"type": "LogFloats", "path": ["monitoring", "gpu"], "values": [{"value": 52.0, "step": null, "ts": 1651772991.2043266}]}, "version": 118}
{"obj": {"type": "LogFloats", "path": ["monitoring", "gpu_memory"], "values": [{"value": 4.91241455078125, "step": null, "ts": 1651772991.2043266}]}, "version": 119}
{"obj": {"type": "LogStrings", "path": ["monitoring", "stdout"], "values": [{"value": "Epoch 8 - Training loss: 0.2637601260628019", "step": null, "ts": 1651772994.2892444}]}, "version": 120}
{"obj": {"type": "LogStrings", "path": ["monitoring", "stdout"], "values": [{"value": "\n", "step": null, "ts": 1651772994.2893972}]}, "version": 121}
{"obj": {"type": "LogFloats", "path": ["metrics", "train_loss"], "values": [{"value": 0.2637601260628019, "step": null, "ts": 1651772994.2894914}]}, "version": 122}
{"obj": {"type": "LogFloats", "path": ["monitoring", "cpu"], "values": [{"value": 73.9, "step": null, "ts": 1651773001.205754}]}, "version": 123}
{"obj": {"type": "LogFloats", "path": ["monitoring", "memory"], "values": [{"value": 13.070194244384766, "step": null, "ts": 1651773001.205754}]}, "version": 124}
{"obj": {"type": "LogFloats", "path": ["monitoring", "gpu"], "values": [{"value": 58.0, "step": null, "ts": 1651773001.205754}]}, "version": 125}
{"obj": {"type": "LogFloats", "path": ["monitoring", "gpu_memory"], "values": [{"value": 4.91241455078125, "step": null, "ts": 1651773001.205754}]}, "version": 126}
{"obj": {"type": "LogFloats", "path": ["monitoring", "cpu"], "values": [{"value": 73.2, "step": null, "ts": 1651773011.2077677}]}, "version": 127}
{"obj": {"type": "LogFloats", "path": ["monitoring", "memory"], "values": [{"value": 13.148971557617188, "step": null, "ts": 1651773011.2077677}]}, "version": 128}
{"obj": {"type": "LogFloats", "path": ["monitoring", "gpu"], "values": [{"value": 53.0, "step": null, "ts": 1651773011.2077677}]}, "version": 129}
{"obj": {"type": "LogFloats", "path": ["monitoring", "gpu_memory"], "values": [{"value": 4.91241455078125, "step": null, "ts": 1651773011.2077677}]}, "version": 130}
{"obj": {"type": "LogStrings", "path": ["monitoring", "stdout"], "values": [{"value": "Epoch 9 - Training loss: 0.2533129785491639", "step": null, "ts": 1651773013.3480763}]}, "version": 131}
{"obj": {"type": "LogStrings", "path": ["monitoring", "stdout"], "values": [{"value": "\n", "step": null, "ts": 1651773013.3482292}]}, "version": 132}
{"obj": {"type": "LogFloats", "path": ["metrics", "train_loss"], "values": [{"value": 0.2533129785491639, "step": null, "ts": 1651773013.3483245}]}, "version": 133}
{"obj": {"type": "LogStrings", "path": ["monitoring", "stdout"], "values": [{"value": "\nTraining Time (in minutes) =", "step": null, "ts": 1651773013.348406}]}, "version": 134}
{"obj": {"type": "LogStrings", "path": ["monitoring", "stdout"], "values": [{"value": " ", "step": null, "ts": 1651773013.348476}]}, "version": 135}
{"obj": {"type": "LogStrings", "path": ["monitoring", "stdout"], "values": [{"value": "3.1377643942832947", "step": null, "ts": 1651773013.3485436}]}, "version": 136}
{"obj": {"type": "LogStrings", "path": ["monitoring", "stdout"], "values": [{"value": "\n", "step": null, "ts": 1651773013.348614}]}, "version": 137}
{"obj": {"type": "LogStrings", "path": ["monitoring", "stdout"], "values": [{"value": "TEST LOSS:", "step": null, "ts": 1651773013.9921498}]}, "version": 138}
{"obj": {"type": "LogStrings", "path": ["monitoring", "stdout"], "values": [{"value": "\n", "step": null, "ts": 1651773013.9927614}]}, "version": 139}
{"obj": {"type": "LogStrings", "path": ["monitoring", "stdout"], "values": [{"value": "30.425227388739586", "step": null, "ts": 1651773013.9929368}]}, "version": 140}
{"obj": {"type": "LogStrings", "path": ["monitoring", "stdout"], "values": [{"value": "\n", "step": null, "ts": 1651773013.9932492}]}, "version": 141}
{"obj": {"type": "LogStrings", "path": ["monitoring", "stdout"], "values": [{"value": "", "step": null, "ts": 1651773014.462689}]}, "version": 142}
{"obj": {"type": "LogStrings", "path": ["monitoring", "stdout"], "values": [{"value": "Shutting down background jobs, please wait a moment...\n", "step": null, "ts": 1651773014.4629166}]}, "version": 143}
