{"obj": {"type": "AssignString", "path": ["sys", "name"], "value": "Untitled"}, "version": 1}
{"obj": {"type": "AssignString", "path": ["sys", "description"], "value": ""}, "version": 2}
{"obj": {"type": "AssignString", "path": ["sys", "hostname"], "value": "voxar-HP-ZBook-Fury-17-G7-Mobile-Workstation"}, "version": 3}
{"obj": {"type": "AssignBool", "path": ["sys", "failed"], "value": false}, "version": 4}
{"obj": {"type": "ClearStringLog", "path": ["monitoring", "stdout"]}, "version": 5}
{"obj": {"type": "ClearStringLog", "path": ["monitoring", "stderr"]}, "version": 6}
{"obj": {"type": "UploadFileSet", "path": ["source_code", "files"], "file_globs": ["/home/voxar/TCC/*.py"], "reset": "False"}, "version": 7}
{"obj": {"type": "ConfigFloatSeries", "path": ["monitoring", "cpu"], "min": 0.0, "max": 100.0, "unit": "%"}, "version": 8}
{"obj": {"type": "ClearFloatLog", "path": ["monitoring", "cpu"]}, "version": 9}
{"obj": {"type": "ConfigFloatSeries", "path": ["monitoring", "memory"], "min": 0.0, "max": 31.132720947265625, "unit": "GB"}, "version": 10}
{"obj": {"type": "ClearFloatLog", "path": ["monitoring", "memory"]}, "version": 11}
{"obj": {"type": "ConfigFloatSeries", "path": ["monitoring", "gpu"], "min": 0.0, "max": 100.0, "unit": "%"}, "version": 12}
{"obj": {"type": "ClearFloatLog", "path": ["monitoring", "gpu"]}, "version": 13}
{"obj": {"type": "ConfigFloatSeries", "path": ["monitoring", "gpu_memory"], "min": 0.0, "max": 5.79547119140625, "unit": "GB"}, "version": 14}
{"obj": {"type": "ClearFloatLog", "path": ["monitoring", "gpu_memory"]}, "version": 15}
{"obj": {"type": "LogStrings", "path": ["monitoring", "stdout"], "values": [{"value": "b''", "step": null, "ts": 1652747019.7376087}]}, "version": 16}
{"obj": {"type": "LogStrings", "path": ["monitoring", "stdout"], "values": [{"value": "b'Remember to stop your run once you\\xe2\\x80\\x99ve finished logging your metadata (https://docs.neptune.ai/api-reference/run#.stop). It will be stopped automatically only when the notebook kernel/interactive console is terminated.\\n'", "step": null, "ts": 1652747019.7386284}]}, "version": 17}
{"obj": {"type": "LogFloats", "path": ["monitoring", "cpu"], "values": [{"value": 11.0, "step": null, "ts": 1652747019.7291272}]}, "version": 18}
{"obj": {"type": "AssignInt", "path": ["parameters", "batch_size_train"], "value": 16}, "version": 19}
{"obj": {"type": "AssignInt", "path": ["parameters", "batch_size_test"], "value": 1}, "version": 20}
{"obj": {"type": "AssignFloat", "path": ["parameters", "learning_rate"], "value": 1e-06}, "version": 21}
{"obj": {"type": "AssignInt", "path": ["parameters", "epochs"], "value": 2000}, "version": 22}
{"obj": {"type": "AssignString", "path": ["parameters", "optimizer"], "value": "Adam"}, "version": 23}
{"obj": {"type": "LogFloats", "path": ["monitoring", "memory"], "values": [{"value": 8.802425384521484, "step": null, "ts": 1652747019.7291272}]}, "version": 24}
{"obj": {"type": "LogFloats", "path": ["monitoring", "gpu"], "values": [{"value": 28.0, "step": null, "ts": 1652747019.7291272}]}, "version": 25}
{"obj": {"type": "LogFloats", "path": ["monitoring", "gpu_memory"], "values": [{"value": 0.09130859375, "step": null, "ts": 1652747019.7291272}]}, "version": 26}
{"obj": {"type": "LogStrings", "path": ["monitoring", "stdout"], "values": [{"value": "cuda", "step": null, "ts": 1652747021.8199918}]}, "version": 27}
{"obj": {"type": "LogStrings", "path": ["monitoring", "stdout"], "values": [{"value": "\n", "step": null, "ts": 1652747021.8201187}]}, "version": 28}
{"obj": {"type": "LogFloats", "path": ["monitoring", "cpu"], "values": [{"value": 19.8, "step": null, "ts": 1652747029.7463489}]}, "version": 29}
{"obj": {"type": "LogFloats", "path": ["monitoring", "memory"], "values": [{"value": 11.213630676269531, "step": null, "ts": 1652747029.7463489}]}, "version": 30}
{"obj": {"type": "LogFloats", "path": ["monitoring", "gpu"], "values": [{"value": 45.0, "step": null, "ts": 1652747029.7463489}]}, "version": 31}
{"obj": {"type": "LogFloats", "path": ["monitoring", "gpu_memory"], "values": [{"value": 3.36456298828125, "step": null, "ts": 1652747029.7463489}]}, "version": 32}
{"obj": {"type": "LogStrings", "path": ["monitoring", "stdout"], "values": [{"value": "Epoch 0 - Training loss: 641.3057037353516", "step": null, "ts": 1652747038.933509}]}, "version": 33}
{"obj": {"type": "LogStrings", "path": ["monitoring", "stdout"], "values": [{"value": "\n", "step": null, "ts": 1652747038.9336374}]}, "version": 34}
{"obj": {"type": "LogFloats", "path": ["train_loss_epoch"], "values": [{"value": 641.3057037353516, "step": null, "ts": 1652747038.9337173}]}, "version": 35}
{"obj": {"type": "LogStrings", "path": ["monitoring", "stdout"], "values": [{"value": "TEST LOSS:", "step": null, "ts": 1652747039.597863}]}, "version": 36}
{"obj": {"type": "LogStrings", "path": ["monitoring", "stdout"], "values": [{"value": "\n", "step": null, "ts": 1652747039.5982141}]}, "version": 37}
{"obj": {"type": "LogStrings", "path": ["monitoring", "stdout"], "values": [{"value": "1465.5049548339844", "step": null, "ts": 1652747039.5983522}]}, "version": 38}
{"obj": {"type": "LogStrings", "path": ["monitoring", "stdout"], "values": [{"value": "\n", "step": null, "ts": 1652747039.5984519}]}, "version": 39}
{"obj": {"type": "LogFloats", "path": ["test_loss_10epochs"], "values": [{"value": 366.3762387084961, "step": null, "ts": 1652747039.5985553}]}, "version": 40}
{"obj": {"type": "LogStrings", "path": ["monitoring", "stdout"], "values": [{"value": "Pixel Acurracy:", "step": null, "ts": 1652747039.5986233}]}, "version": 41}
{"obj": {"type": "LogStrings", "path": ["monitoring", "stdout"], "values": [{"value": "\n", "step": null, "ts": 1652747039.5987191}]}, "version": 42}
{"obj": {"type": "LogStrings", "path": ["monitoring", "stdout"], "values": [{"value": "5290.18375", "step": null, "ts": 1652747039.600805}]}, "version": 43}
{"obj": {"type": "LogStrings", "path": ["monitoring", "stdout"], "values": [{"value": "\n", "step": null, "ts": 1652747039.6009152}]}, "version": 44}
{"obj": {"type": "LogFloats", "path": ["acc_test_10epochs"], "values": [{"value": 5290.18375, "step": null, "ts": 1652747039.6010149}]}, "version": 45}
{"obj": {"type": "LogFloats", "path": ["monitoring", "cpu"], "values": [{"value": 28.1, "step": null, "ts": 1652747039.74805}]}, "version": 46}
{"obj": {"type": "LogFloats", "path": ["monitoring", "memory"], "values": [{"value": 12.278606414794922, "step": null, "ts": 1652747039.74805}]}, "version": 47}
{"obj": {"type": "LogFloats", "path": ["monitoring", "gpu"], "values": [{"value": 54.0, "step": null, "ts": 1652747039.74805}]}, "version": 48}
{"obj": {"type": "LogFloats", "path": ["monitoring", "gpu_memory"], "values": [{"value": 4.46221923828125, "step": null, "ts": 1652747039.74805}]}, "version": 49}
{"obj": {"type": "LogFloats", "path": ["monitoring", "cpu"], "values": [{"value": 23.3, "step": null, "ts": 1652747049.7518559}]}, "version": 50}
{"obj": {"type": "LogFloats", "path": ["monitoring", "memory"], "values": [{"value": 11.922374725341797, "step": null, "ts": 1652747049.7518559}]}, "version": 51}
{"obj": {"type": "LogFloats", "path": ["monitoring", "gpu"], "values": [{"value": 51.0, "step": null, "ts": 1652747049.7518559}]}, "version": 52}
{"obj": {"type": "LogFloats", "path": ["monitoring", "gpu_memory"], "values": [{"value": 4.46221923828125, "step": null, "ts": 1652747049.7518559}]}, "version": 53}
{"obj": {"type": "LogStrings", "path": ["monitoring", "stdout"], "values": [{"value": "b'Shutting down background jobs, please wait a moment...\\n'", "step": null, "ts": 1652747050.84368}]}, "version": 54}
